2024-01-19 09:14:52,516 [INFO] Activator:176 - 


2024-01-19 09:14:52,519 [INFO] Activator:177 - !SESSION log4j initialized
2024-01-19 09:14:56,535 [INFO] LogOutputStream:77 - [STDOUT_REDIRECT] 
2024-01-19 09:15:18,337 [ERROR] LogOutputStream:75 - [STDERR_REDIRECT] SLF4J: Failed to load class "org.slf4j.impl.StaticLoggerBinder".
2024-01-19 09:15:18,337 [ERROR] LogOutputStream:75 - [STDERR_REDIRECT] SLF4J: Defaulting to no-operation (NOP) logger implementation
2024-01-19 09:15:18,338 [ERROR] LogOutputStream:75 - [STDERR_REDIRECT] SLF4J: See http://www.slf4j.org/codes.html#StaticLoggerBinder for further details.
2024-01-19 11:45:21,923 [INFO] Activator:176 - 


2024-01-19 11:45:21,924 [INFO] Activator:177 - !SESSION log4j initialized
2024-01-19 11:45:24,203 [INFO] LogOutputStream:77 - [STDOUT_REDIRECT] 
2024-01-19 11:45:49,975 [ERROR] LogOutputStream:75 - [STDERR_REDIRECT] SLF4J: Failed to load class "org.slf4j.impl.StaticLoggerBinder".
2024-01-19 11:45:49,976 [ERROR] LogOutputStream:75 - [STDERR_REDIRECT] SLF4J: Defaulting to no-operation (NOP) logger implementation
2024-01-19 11:45:49,977 [ERROR] LogOutputStream:75 - [STDERR_REDIRECT] SLF4J: See http://www.slf4j.org/codes.html#StaticLoggerBinder for further details.
2024-01-19 11:46:06,116 [INFO] ApplicationProperties:184 - Using Application install path: C:\ST\STM32CubeIDE_1.12.0\STM32CubeIDE\plugins\com.st.stm32cube.common.mx_6.8.0.202302231600
2024-01-19 11:46:06,132 [INFO] DbMcusXml:78 - Set database path to: C:\ST\STM32CubeIDE_1.12.0\STM32CubeIDE\plugins\com.st.stm32cube.common.mx_6.8.0.202302231600\\db\/mcu/
2024-01-19 11:46:06,132 [INFO] ApiDb:274 - Set plugin database path to: C:\ST\STM32CubeIDE_1.12.0\STM32CubeIDE\plugins\com.st.stm32cube.common.mx_6.8.0.202302231600\\db\/plugins/boardmanager/
2024-01-19 11:46:06,133 [WARN] ApiDb:259 - Overriding images path with different value:  => C:\ST\STM32CubeIDE_1.12.0\STM32CubeIDE\plugins\com.st.stm32cube.common.mx_6.8.0.202302231600\\db\/plugins/mcufinder/images/
2024-01-19 11:46:06,147 [INFO] ApiDb:250 - Set database path to: C:\Users\USER\.stmcufinder\plugins\mcufinder//mcu/
2024-01-19 11:46:06,149 [INFO] DbMcusAds:125 - Set database path to: C:\Users\USER\.stmcufinder\plugins\mcufinder//mcu/
2024-01-19 11:46:06,191 [INFO] CrossReferenceDbSqlite:203 - Set database path to: C:\Users\USER\.stmcufinder\plugins\mcufinder//mcu/cs/
2024-01-19 11:46:06,296 [INFO] RulesReader:64 - Compatibility file has been processed (293 Rules)
2024-01-19 11:46:06,362 [INFO] DbMcusXml:78 - Set database path to: C:\ST\STM32CubeIDE_1.12.0\STM32CubeIDE\plugins\com.st.stm32cube.common.mx_6.8.0.202302231600\\db\/mcu/
2024-01-19 11:46:06,362 [INFO] ApiDb:274 - Set plugin database path to: C:\ST\STM32CubeIDE_1.12.0\STM32CubeIDE\plugins\com.st.stm32cube.common.mx_6.8.0.202302231600\\db\/plugins/boardmanager/
2024-01-19 11:46:06,363 [INFO] ApiDb:261 - Set plugin images path to: C:\ST\STM32CubeIDE_1.12.0\STM32CubeIDE\plugins\com.st.stm32cube.common.mx_6.8.0.202302231600\\db\/plugins/mcufinder/images/
2024-01-19 11:46:06,363 [WARN] DbFile:41 - Overriding database path with different value: C:\Users\USER\.stmcufinder\plugins\mcufinder/ => C:\Users\USER\.stmcufinder\plugins\mcufinder
2024-01-19 11:46:06,363 [INFO] ApiDb:250 - Set database path to: C:\Users\USER\.stmcufinder\plugins\mcufinder//mcu/
2024-01-19 11:46:06,363 [WARN] DbFile:41 - Overriding database path with different value: C:\Users\USER\.stmcufinder\plugins\mcufinder/ => C:\Users\USER\.stmcufinder\plugins\mcufinder
2024-01-19 11:46:06,363 [INFO] DbMcusAds:125 - Set database path to: C:\Users\USER\.stmcufinder\plugins\mcufinder//mcu/
2024-01-19 11:46:06,363 [WARN] DbFile:41 - Overriding database path with different value: C:\Users\USER\.stmcufinder\plugins\mcufinder/ => C:\Users\USER\.stmcufinder\plugins\mcufinder
2024-01-19 11:46:06,363 [WARN] DbFile:41 - Overriding database path with different value: C:\Users\USER\.stmcufinder\plugins\mcufinder/ => C:\Users\USER\.stmcufinder\plugins\mcufinder
2024-01-19 11:46:06,363 [INFO] CrossReferenceDbSqlite:203 - Set database path to: C:\Users\USER\.stmcufinder\plugins\mcufinder//mcu/cs/
2024-01-19 11:46:06,424 [INFO] MainPanel:253 - HeapMemory: 320864256
2024-01-19 11:46:06,523 [INFO] DbMcusXml:78 - Set database path to: C:\ST\STM32CubeIDE_1.12.0\STM32CubeIDE\plugins\com.st.stm32cube.common.mx_6.8.0.202302231600\\db\/mcu/
2024-01-19 11:46:06,523 [INFO] ApiDb:274 - Set plugin database path to: C:\ST\STM32CubeIDE_1.12.0\STM32CubeIDE\plugins\com.st.stm32cube.common.mx_6.8.0.202302231600\\db\/plugins/boardmanager/
2024-01-19 11:46:06,523 [INFO] ApiDb:261 - Set plugin images path to: C:\ST\STM32CubeIDE_1.12.0\STM32CubeIDE\plugins\com.st.stm32cube.common.mx_6.8.0.202302231600\\db\/plugins/mcufinder/images/
2024-01-19 11:46:06,523 [WARN] DbFile:41 - Overriding database path with different value: C:\Users\USER\.stmcufinder\plugins\mcufinder/ => C:\Users\USER\.stmcufinder\plugins\mcufinder
2024-01-19 11:46:06,523 [INFO] ApiDb:250 - Set database path to: C:\Users\USER\.stmcufinder\plugins\mcufinder//mcu/
2024-01-19 11:46:06,523 [WARN] DbFile:41 - Overriding database path with different value: C:\Users\USER\.stmcufinder\plugins\mcufinder/ => C:\Users\USER\.stmcufinder\plugins\mcufinder
2024-01-19 11:46:06,523 [INFO] DbMcusAds:125 - Set database path to: C:\Users\USER\.stmcufinder\plugins\mcufinder//mcu/
2024-01-19 11:46:06,523 [WARN] DbFile:41 - Overriding database path with different value: C:\Users\USER\.stmcufinder\plugins\mcufinder/ => C:\Users\USER\.stmcufinder\plugins\mcufinder
2024-01-19 11:46:06,523 [WARN] DbFile:41 - Overriding database path with different value: C:\Users\USER\.stmcufinder\plugins\mcufinder/ => C:\Users\USER\.stmcufinder\plugins\mcufinder
2024-01-19 11:46:06,523 [INFO] CrossReferenceDbSqlite:203 - Set database path to: C:\Users\USER\.stmcufinder\plugins\mcufinder//mcu/cs/
2024-01-19 11:46:06,536 [INFO] ApplicationProperties:184 - Using Application install path: C:\ST\STM32CubeIDE_1.12.0\STM32CubeIDE\plugins\com.st.stm32cube.common.mx_6.8.0.202302231600
2024-01-19 11:46:06,538 [INFO] PluginManage:196 - Search for loadable plugins [exclusion list=, ]
2024-01-19 11:46:06,540 [INFO] PluginManage:310 - Check plugin analytics
2024-01-19 11:46:06,668 [INFO] AnalyticsPlugin:253 - Accepted Software Licenses: 
2024-01-19 11:46:06,669 [INFO] AnalyticsPlugin:255 - Accepted CMSIS Pack Licenses: 
2024-01-19 11:46:06,669 [INFO] AnalyticsPlugin:257 - Accepted Firmware Licenses: FW.F4.1.27.0
2024-01-19 11:46:06,678 [INFO] PluginManage:359 - Loaded plugin analytics (category:tool,tabindex:-1)
2024-01-19 11:46:06,679 [INFO] PluginManage:310 - Check plugin cadmodel
2024-01-19 11:46:06,693 [INFO] CADModel:105 - Init CAD model plugin
2024-01-19 11:46:06,693 [INFO] PluginManage:359 - Loaded plugin cadmodel (category:power,tabindex:5)
2024-01-19 11:46:06,693 [INFO] PluginManage:310 - Check plugin clock
2024-01-19 11:46:06,708 [INFO] PluginManage:359 - Loaded plugin clock (category:base,tabindex:2)
2024-01-19 11:46:06,708 [INFO] PluginManage:310 - Check plugin ddr
2024-01-19 11:46:06,711 [INFO] PluginManage:359 - Loaded plugin ddr (category:tool,tabindex:6)
2024-01-19 11:46:06,711 [INFO] PluginManage:310 - Check plugin filemanager
2024-01-19 11:46:06,822 [INFO] PluginManage:359 - Loaded plugin filemanager (category:base,tabindex:10)
2024-01-19 11:46:06,823 [INFO] PluginManage:310 - Check plugin ipmanager
2024-01-19 11:46:06,830 [INFO] PluginManage:359 - Loaded plugin ipmanager (category:base,tabindex:5)
2024-01-19 11:46:06,830 [INFO] PluginManage:310 - Check plugin lpbam
2024-01-19 11:46:06,844 [INFO] PluginManage:359 - Loaded plugin lpbam (category:base,tabindex:0)
2024-01-19 11:46:06,845 [INFO] PluginManage:310 - Check plugin pinoutandconfiguration
2024-01-19 11:46:06,858 [INFO] PluginManage:359 - Loaded plugin pinoutandconfiguration (category:base,tabindex:1)
2024-01-19 11:46:06,858 [INFO] PluginManage:310 - Check plugin pinoutconfig
2024-01-19 11:46:06,933 [WARN] SupportedApi:132 - Cannot load RTOS API schema: s4s-elt-must-match.1: The content of 'definitions' must match (annotation?, (simpleType | complexType)?, (unique | key | keyref)*)). A problem was found starting at: attribute.
2024-01-19 11:46:07,046 [INFO] PluginManage:359 - Loaded plugin pinoutconfig (category:base,tabindex:0)
2024-01-19 11:46:07,047 [INFO] PluginManage:310 - Check plugin power
2024-01-19 11:46:07,059 [INFO] PluginManage:359 - Loaded plugin power (category:power,tabindex:4)
2024-01-19 11:46:07,059 [INFO] PluginManage:310 - Check plugin projectmanager
2024-01-19 11:46:07,072 [INFO] PluginManage:359 - Loaded plugin projectmanager (category:projectmanager,tabindex:3)
2024-01-19 11:46:07,072 [INFO] PluginManage:310 - Check plugin thirdparty
2024-01-19 11:46:07,259 [INFO] PluginManage:359 - Loaded plugin thirdparty (category:base,tabindex:-1)
2024-01-19 11:46:07,259 [INFO] PluginManage:310 - Check plugin tools
2024-01-19 11:46:07,259 [WARN] IntegrityCheckThread:84 - waiting for thirdparty lock release [integrity check]
2024-01-19 11:46:07,259 [INFO] IntegrityCheckThread:86 - entering critical section [integrity check]
2024-01-19 11:46:07,260 [INFO] ThirdPartyUpdaterWithRetryManager:70 - Updater plugin not ready yet. [1/15]
2024-01-19 11:46:07,278 [INFO] PluginManage:359 - Loaded plugin tools (category:base,tabindex:7)
2024-01-19 11:46:07,279 [INFO] PluginManage:310 - Check plugin tutovideos
2024-01-19 11:46:07,451 [INFO] PluginManage:359 - Loaded plugin tutovideos (category:base,tabindex:-1)
2024-01-19 11:46:07,451 [INFO] PluginManage:310 - Check plugin updater
2024-01-19 11:46:07,464 [INFO] PluginManage:359 - Loaded plugin updater (category:base,tabindex:12)
2024-01-19 11:46:07,465 [INFO] PluginManage:283 - PluginManage : Loaded plugins [15]
2024-01-19 11:46:07,654 [INFO] PinOutPanel:1499 - setPackage(No Configuration,No Configuration)
2024-01-19 11:46:07,704 [INFO] CADModel:165 - CPN selected for project level
2024-01-19 11:46:07,704 [INFO] CADModel:114 - Register for checkConnection events
2024-01-19 11:46:07,725 [INFO] IPUIPlugin:80 - create IPUIPlugin
2024-01-19 11:46:07,725 [INFO] PluginManager:220 - loadIPPluginJar : add adc
2024-01-19 11:46:07,747 [INFO] IPUIPlugin:80 - create IPUIPlugin
2024-01-19 11:46:07,747 [INFO] PluginManager:220 - loadIPPluginJar : add aes
2024-01-19 11:46:07,772 [INFO] IPUIPlugin:80 - create IPUIPlugin
2024-01-19 11:46:07,773 [INFO] PluginManager:220 - loadIPPluginJar : add can
2024-01-19 11:46:07,787 [INFO] IPUIPlugin:80 - create IPUIPlugin
2024-01-19 11:46:07,787 [INFO] PluginManager:220 - loadIPPluginJar : add comp
2024-01-19 11:46:07,808 [INFO] IPUIPlugin:80 - create IPUIPlugin
2024-01-19 11:46:07,808 [INFO] PluginManager:220 - loadIPPluginJar : add cryp
2024-01-19 11:46:07,827 [INFO] IPUIPlugin:80 - create IPUIPlugin
2024-01-19 11:46:07,827 [INFO] PluginManager:220 - loadIPPluginJar : add dfsdm
2024-01-19 11:46:07,838 [INFO] IPUIPlugin:80 - create IPUIPlugin
2024-01-19 11:46:07,840 [INFO] PluginManager:220 - loadIPPluginJar : add dma
2024-01-19 11:46:07,866 [INFO] IPUIPlugin:80 - create IPUIPlugin
2024-01-19 11:46:07,866 [INFO] PluginManager:220 - loadIPPluginJar : add dma3
2024-01-19 11:46:07,879 [INFO] IPUIPlugin:80 - create IPUIPlugin
2024-01-19 11:46:07,879 [INFO] PluginManager:220 - loadIPPluginJar : add fatfs
2024-01-19 11:46:07,909 [INFO] IPUIPlugin:80 - create IPUIPlugin
2024-01-19 11:46:07,909 [INFO] PluginManager:220 - loadIPPluginJar : add fmc
2024-01-19 11:46:07,921 [INFO] IPUIPlugin:80 - create IPUIPlugin
2024-01-19 11:46:07,922 [INFO] PluginManager:220 - loadIPPluginJar : add freertos
2024-01-19 11:46:07,936 [INFO] IPUIPlugin:80 - create IPUIPlugin
2024-01-19 11:46:07,936 [INFO] PluginManager:220 - loadIPPluginJar : add genericplugin
2024-01-19 11:46:07,992 [INFO] IPUIPlugin:80 - create IPUIPlugin
2024-01-19 11:46:07,992 [INFO] PluginManager:220 - loadIPPluginJar : add gfxmmu
2024-01-19 11:46:08,070 [INFO] IPUIPlugin:80 - create IPUIPlugin
2024-01-19 11:46:08,070 [INFO] PluginManager:220 - loadIPPluginJar : add gic
2024-01-19 11:46:08,079 [INFO] IPUIPlugin:80 - create IPUIPlugin
2024-01-19 11:46:08,079 [INFO] PluginManager:220 - loadIPPluginJar : add gpio
2024-01-19 11:46:08,136 [INFO] IPUIPlugin:80 - create IPUIPlugin
2024-01-19 11:46:08,137 [INFO] PluginManager:220 - loadIPPluginJar : add gtzc
2024-01-19 11:46:08,155 [INFO] IPUIPlugin:80 - create IPUIPlugin
2024-01-19 11:46:08,155 [INFO] PluginManager:220 - loadIPPluginJar : add hash
2024-01-19 11:46:08,187 [INFO] IPUIPlugin:80 - create IPUIPlugin
2024-01-19 11:46:08,187 [INFO] PluginManager:220 - loadIPPluginJar : add i2c
2024-01-19 11:46:08,211 [INFO] IPUIPlugin:80 - create IPUIPlugin
2024-01-19 11:46:08,211 [INFO] PluginManager:220 - loadIPPluginJar : add i2s
2024-01-19 11:46:08,237 [INFO] IPUIPlugin:80 - create IPUIPlugin
2024-01-19 11:46:08,237 [INFO] PluginManager:220 - loadIPPluginJar : add i3c
2024-01-19 11:46:08,308 [INFO] IPUIPlugin:80 - create IPUIPlugin
2024-01-19 11:46:08,308 [INFO] PluginManager:220 - loadIPPluginJar : add ipddr
2024-01-19 11:46:08,373 [INFO] IPUIPlugin:80 - create IPUIPlugin
2024-01-19 11:46:08,373 [INFO] PluginManager:220 - loadIPPluginJar : add linkedlist
2024-01-19 11:46:08,395 [INFO] IPUIPlugin:80 - create IPUIPlugin
2024-01-19 11:46:08,395 [INFO] PluginManager:220 - loadIPPluginJar : add lorawan
2024-01-19 11:46:08,417 [INFO] IPUIPlugin:80 - create IPUIPlugin
2024-01-19 11:46:08,418 [INFO] PluginManager:220 - loadIPPluginJar : add ltdc
2024-01-19 11:46:08,428 [INFO] IPUIPlugin:80 - create IPUIPlugin
2024-01-19 11:46:08,428 [INFO] PluginManager:220 - loadIPPluginJar : add mdma
2024-01-19 11:46:08,436 [INFO] IPUIPlugin:80 - create IPUIPlugin
2024-01-19 11:46:08,436 [INFO] PluginManager:220 - loadIPPluginJar : add nvic
2024-01-19 11:46:08,463 [INFO] IPUIPlugin:80 - create IPUIPlugin
2024-01-19 11:46:08,463 [INFO] PluginManager:220 - loadIPPluginJar : add opamp
2024-01-19 11:46:08,518 [INFO] IPUIPlugin:80 - create IPUIPlugin
2024-01-19 11:46:08,519 [INFO] PluginManager:220 - loadIPPluginJar : add openamp
2024-01-19 11:46:08,551 [INFO] IPUIPlugin:80 - create IPUIPlugin
2024-01-19 11:46:08,551 [INFO] PluginManager:220 - loadIPPluginJar : add pdm2pcm
2024-01-19 11:46:08,564 [INFO] IPUIPlugin:80 - create IPUIPlugin
2024-01-19 11:46:08,566 [INFO] PluginManager:220 - loadIPPluginJar : add plateformsettings
2024-01-19 11:46:08,631 [INFO] IPUIPlugin:80 - create IPUIPlugin
2024-01-19 11:46:08,631 [INFO] PluginManager:220 - loadIPPluginJar : add quadspi
2024-01-19 11:46:08,640 [INFO] IPUIPlugin:80 - create IPUIPlugin
2024-01-19 11:46:08,640 [INFO] PluginManager:220 - loadIPPluginJar : add resmgrutility
2024-01-19 11:46:08,683 [INFO] IPUIPlugin:80 - create IPUIPlugin
2024-01-19 11:46:08,683 [INFO] PluginManager:220 - loadIPPluginJar : add sai
2024-01-19 11:46:08,709 [INFO] IPUIPlugin:80 - create IPUIPlugin
2024-01-19 11:46:08,709 [INFO] PluginManager:220 - loadIPPluginJar : add spi
2024-01-19 11:46:08,749 [INFO] IPUIPlugin:80 - create IPUIPlugin
2024-01-19 11:46:08,749 [INFO] PluginManager:220 - loadIPPluginJar : add stm32_wpan
2024-01-19 11:46:08,768 [INFO] IPUIPlugin:80 - create IPUIPlugin
2024-01-19 11:46:08,768 [INFO] PluginManager:220 - loadIPPluginJar : add tim
2024-01-19 11:46:08,809 [INFO] IPUIPlugin:80 - create IPUIPlugin
2024-01-19 11:46:08,809 [INFO] PluginManager:220 - loadIPPluginJar : add touchsensing
2024-01-19 11:46:08,825 [INFO] IPUIPlugin:80 - create IPUIPlugin
2024-01-19 11:46:08,825 [INFO] PluginManager:220 - loadIPPluginJar : add tracer_emb
2024-01-19 11:46:08,841 [INFO] IPUIPlugin:80 - create IPUIPlugin
2024-01-19 11:46:08,841 [INFO] PluginManager:220 - loadIPPluginJar : add ts
2024-01-19 11:46:08,857 [INFO] IPUIPlugin:80 - create IPUIPlugin
2024-01-19 11:46:08,857 [INFO] PluginManager:220 - loadIPPluginJar : add tsc
2024-01-19 11:46:08,873 [INFO] IPUIPlugin:80 - create IPUIPlugin
2024-01-19 11:46:08,873 [INFO] PluginManager:220 - loadIPPluginJar : add ucpd
2024-01-19 11:46:08,905 [INFO] IPUIPlugin:80 - create IPUIPlugin
2024-01-19 11:46:08,905 [INFO] PluginManager:220 - loadIPPluginJar : add usart
2024-01-19 11:46:08,934 [INFO] IPUIPlugin:80 - create IPUIPlugin
2024-01-19 11:46:08,935 [INFO] PluginManager:220 - loadIPPluginJar : add usbx
2024-01-19 11:46:09,059 [INFO] CADModel:165 - CPN selected for project level
2024-01-19 11:46:09,059 [INFO] CADModel:114 - Register for checkConnection events
2024-01-19 11:46:09,059 [FATAL] Updater:308 - Updater called before beeing initialized
2024-01-19 11:46:09,060 [ERROR] CADModel:125 - Updater not yet initialized, retry later 
2024-01-19 11:46:09,159 [INFO] CADModel:165 - CPN selected for project level
2024-01-19 11:46:09,159 [INFO] CADModel:114 - Register for checkConnection events
2024-01-19 11:46:09,159 [FATAL] Updater:308 - Updater called before beeing initialized
2024-01-19 11:46:09,159 [ERROR] CADModel:125 - Updater not yet initialized, retry later 
2024-01-19 11:46:09,162 [FATAL] Updater:308 - Updater called before beeing initialized
2024-01-19 11:46:09,241 [FATAL] Updater:308 - Updater called before beeing initialized
2024-01-19 11:46:09,251 [INFO] DbMcusAds:53 - JSON generation date=Tue Mar 07 17:50:55 KST 2023 (1678179055114)
2024-01-19 11:46:09,251 [FATAL] Updater:308 - Updater called before beeing initialized
2024-01-19 11:46:09,304 [WARN] DetailPanel:346 - Failed to get advertising image, set to default
2024-01-19 11:46:09,378 [FATAL] Updater:308 - Updater called before beeing initialized
2024-01-19 11:46:09,380 [FATAL] Updater:308 - Updater called before beeing initialized
2024-01-19 11:46:09,380 [FATAL] Updater:308 - Updater called before beeing initialized
2024-01-19 11:46:09,380 [WARN] DetailPanel:346 - Failed to get advertising image, set to default
2024-01-19 11:46:09,380 [FATAL] Updater:308 - Updater called before beeing initialized
2024-01-19 11:46:09,436 [ERROR] Updater:1120 - MainUpdater not yet initialized. External WinMGr cannot be set.
2024-01-19 11:46:09,444 [INFO] Updater:1056 - Updater Version found : 6.8.0
2024-01-19 11:46:09,463 [INFO] ApplicationProperties:184 - Using Application install path: C:\ST\STM32CubeIDE_1.12.0\STM32CubeIDE\plugins\com.st.stm32cube.common.mx_6.8.0.202302231600
2024-01-19 11:46:09,661 [INFO] MainUpdater:2854 - connection check result : 10
2024-01-19 11:46:09,661 [INFO] MainUpdater:283 - Updater Check For Update Now.
2024-01-19 11:46:09,662 [INFO] MicroXplorer:498 - Change Database Version : DB.6.0.80
2024-01-19 11:46:09,819 [INFO] CheckServerUpdateThread:120 - End of CheckServer Thread
2024-01-19 11:46:09,893 [INFO] MainUpdater:2854 - connection check result : 10
2024-01-19 11:46:09,898 [INFO] MainUpdater:2854 - connection check result : 10
2024-01-19 11:46:10,018 [INFO] MicroXplorer:468 - Change Database Path : 
2024-01-19 11:46:10,018 [INFO] MicroXplorer:498 - Change Database Version : DB.6.0.80
2024-01-19 11:46:10,019 [WARN] ThirdParty:871 - waiting for thirdparty lock release [close project]
2024-01-19 11:46:10,421 [WARN] PackLoader:240 - Cannot read IP mode file for STMicroelectronics.X-CUBE-SMBUS.2.1.0
2024-01-19 11:46:10,434 [WARN] PackLoader:240 - Cannot read IP mode file for STMicroelectronics.X-CUBE-TOUCHGFX.4.23.0
2024-01-19 11:46:10,459 [WARN] PackLoader:240 - Cannot read IP mode file for STMicroelectronics.X-CUBE-AZRTOS-F7.1.1.0
2024-01-19 11:46:10,470 [WARN] PackLoader:240 - Cannot read IP mode file for STMicroelectronics.FP-SNS-MOTENV1.4.3.2
2024-01-19 11:46:10,483 [WARN] PackLoader:240 - Cannot read IP mode file for STMicroelectronics.FP-SNS-FLIGHT1.5.0.2
2024-01-19 11:46:10,498 [WARN] PackLoader:240 - Cannot read IP mode file for STMicroelectronics.X-CUBE-DISPLAY.3.0.0
2024-01-19 11:46:10,513 [WARN] PackLoader:240 - Cannot read IP mode file for STMicroelectronics.X-CUBE-BLE1.7.0.0
2024-01-19 11:46:10,524 [WARN] PackLoader:240 - Cannot read IP mode file for emotas.I-CUBE-CANOPEN.1.3.0
2024-01-19 11:46:10,533 [WARN] PackLoader:240 - Cannot read IP mode file for STMicroelectronics.X-CUBE-TOUCHGFX.4.22.1
2024-01-19 11:46:10,541 [WARN] PackLoader:240 - Cannot read IP mode file for STMicroelectronics.FP-SNS-SMARTAG2.1.2.0
2024-01-19 11:46:10,557 [INFO] LogOutputStream:77 - [STDOUT_REDIRECT] 1 : Invalid condition id : UX_CORESTACK_Condition cause : null
2024-01-19 11:46:10,557 [INFO] LogOutputStream:77 - [STDOUT_REDIRECT] 1 : Invalid condition id : UX_CORESTACK_Condition cause : null
2024-01-19 11:46:10,558 [INFO] LogOutputStream:77 - [STDOUT_REDIRECT] 1 : Invalid condition id : UX_CORESTACK_Condition cause : null
2024-01-19 11:46:10,559 [INFO] LogOutputStream:77 - [STDOUT_REDIRECT] 1 : Invalid condition id : UX_CORESTACK_Condition cause : null
2024-01-19 11:46:10,559 [INFO] LogOutputStream:77 - [STDOUT_REDIRECT] 1 : Invalid condition id : UX_CORESTACK_Condition cause : null
2024-01-19 11:46:10,563 [WARN] PackLoader:240 - Cannot read IP mode file for STMicroelectronics.X-CUBE-AZRTOS-WL.2.0.0
2024-01-19 11:46:10,582 [WARN] PackLoader:240 - Cannot read IP mode file for WES.I-CUBE-Cesium.1.3.0
2024-01-19 11:46:10,590 [WARN] PackLoader:240 - Cannot read IP mode file for STMicroelectronics.X-CUBE-BLE2.3.3.0
2024-01-19 11:46:10,600 [WARN] PackLoader:240 - Cannot read IP mode file for STMicroelectronics.X-CUBE-ALGOBUILD.1.3.0
2024-01-19 11:46:10,620 [WARN] PackLoader:240 - Cannot read IP mode file for STMicroelectronics.X-CUBE-AZRTOS-G0.1.1.0
2024-01-19 11:46:10,634 [WARN] PackLoader:240 - Cannot read IP mode file for STMicroelectronics.X-CUBE-NFC4.3.0.0
2024-01-19 11:46:10,648 [WARN] PackLoader:240 - Cannot read IP mode file for STMicroelectronics.X-CUBE-BLEMGR.3.0.0
2024-01-19 11:46:10,661 [WARN] PackLoader:240 - Cannot read IP mode file for STMicroelectronics.FP-ATR-SIGFOX1.3.2.0
2024-01-19 11:46:10,688 [WARN] PackLoader:240 - Cannot read IP mode file for SEGGER.I-CUBE-embOS.1.3.1
2024-01-19 11:46:10,738 [WARN] PackLoader:240 - Cannot read IP mode file for STMicroelectronics.X-CUBE-GNSS1.6.0.0
2024-01-19 11:46:10,766 [WARN] PackLoader:240 - Cannot read IP mode file for STMicroelectronics.X-CUBE-AZRTOS-F4.1.1.0
2024-01-19 11:46:10,777 [WARN] PackLoader:240 - Cannot read IP mode file for wolfSSL.I-CUBE-wolfSSL.5.6.3
2024-01-19 11:46:10,804 [WARN] PackLoader:240 - Cannot read IP mode file for STMicroelectronics.X-CUBE-AZRTOS-L5.2.0.0
2024-01-19 11:46:10,858 [WARN] PackLoader:240 - Cannot read IP mode file for STMicroelectronics.X-CUBE-MEMS1.9.6.0
2024-01-19 11:46:10,975 [WARN] PackLoader:240 - Cannot read IP mode file for STMicroelectronics.X-CUBE-EEPRMA1.4.2.0
2024-01-19 11:46:10,988 [WARN] PackLoader:240 - Cannot read IP mode file for ITTIA_DB.I-CUBE-ITTIADB.8.8.0
2024-01-19 11:46:11,005 [WARN] PackLoader:240 - Cannot read IP mode file for STMicroelectronics.X-CUBE-BLEMGR.2.0.0
2024-01-19 11:46:11,038 [WARN] ConditionMgr:438 - getConditionDescription Invalid condition id : UX DEVICE CLASS RTOS Condition cause : null
2024-01-19 11:46:11,039 [WARN] ConditionMgr:438 - getConditionDescription Invalid condition id : UX DEVICE CLASS RTOS Condition cause : null
2024-01-19 11:46:11,043 [WARN] PackLoader:240 - Cannot read IP mode file for STMicroelectronics.X-CUBE-AZRTOS-H7.3.1.0
2024-01-19 11:46:11,044 [WARN] ConditionMgr:1039 - genDependencies : Invalid condition id : UX DEVICE CLASS RTOS Condition cause : null
2024-01-19 11:46:11,045 [WARN] ConditionMgr:1039 - genDependencies : Invalid condition id : UX DEVICE CLASS RTOS Condition cause : null
2024-01-19 11:46:11,045 [WARN] ConditionMgr:1039 - genDependencies : Invalid condition id : UX DEVICE CLASS RTOS Condition cause : null
2024-01-19 11:46:11,046 [WARN] ConditionMgr:1039 - genDependencies : Invalid condition id : UX DEVICE CLASS RTOS Condition cause : null
2024-01-19 11:46:11,046 [WARN] ConditionMgr:1039 - genDependencies : Invalid condition id : UX DEVICE CLASS RTOS Condition cause : null
2024-01-19 11:46:11,060 [WARN] PackLoader:240 - Cannot read IP mode file for STMicroelectronics.X-CUBE-NFC7.1.0.1
2024-01-19 11:46:11,080 [WARN] PackLoader:240 - Cannot read IP mode file for STMicroelectronics.X-CUBE-NFC6.3.0.0
2024-01-19 11:46:11,110 [WARN] PackLoader:240 - Cannot read IP mode file for STMicroelectronics.X-CUBE-EEPRMA1.4.1.0
2024-01-19 11:46:11,123 [WARN] PackLoader:240 - Cannot read IP mode file for STMicroelectronics.X-CUBE-AI.8.1.0
2024-01-19 11:46:11,149 [WARN] ConditionMgr:438 - getConditionDescription Invalid condition id : LAN8742 Phy interface Condition cause : null
2024-01-19 11:46:11,150 [WARN] PackLoader:240 - Cannot read IP mode file for STMicroelectronics.X-CUBE-AZRTOS-L4.2.0.0
2024-01-19 11:46:11,153 [WARN] ConditionMgr:1039 - genDependencies : Invalid condition id : LAN8742 Phy interface Condition cause : null
2024-01-19 11:46:11,153 [WARN] ConditionMgr:1039 - genDependencies : Invalid condition id : LAN8742 Phy interface Condition cause : null
2024-01-19 11:46:11,154 [WARN] ConditionMgr:1039 - genDependencies : Invalid condition id : LAN8742 Phy interface Condition cause : null
2024-01-19 11:46:11,169 [WARN] PackLoader:240 - Cannot read IP mode file for STMicroelectronics.X-CUBE-SFXS2LP1.4.0.0
2024-01-19 11:46:11,184 [WARN] PackLoader:240 - Cannot read IP mode file for STMicroelectronics.X-CUBE-ISPU.1.1.0
2024-01-19 11:46:11,208 [WARN] ConditionMgr:438 - getConditionDescription Invalid condition id : UX DEVICE CLASS RTOS Condition cause : null
2024-01-19 11:46:11,208 [WARN] ConditionMgr:438 - getConditionDescription Invalid condition id : UX DEVICE CLASS RTOS Condition cause : null
2024-01-19 11:46:11,209 [WARN] PackLoader:240 - Cannot read IP mode file for STMicroelectronics.X-CUBE-AZRTOS-WB.2.0.0
2024-01-19 11:46:11,210 [WARN] ConditionMgr:1039 - genDependencies : Invalid condition id : UX DEVICE CLASS RTOS Condition cause : null
2024-01-19 11:46:11,210 [WARN] ConditionMgr:1039 - genDependencies : Invalid condition id : UX DEVICE CLASS RTOS Condition cause : null
2024-01-19 11:46:11,210 [WARN] ConditionMgr:1039 - genDependencies : Invalid condition id : UX DEVICE CLASS RTOS Condition cause : null
2024-01-19 11:46:11,210 [WARN] ConditionMgr:1039 - genDependencies : Invalid condition id : UX DEVICE CLASS RTOS Condition cause : null
2024-01-19 11:46:11,210 [WARN] ConditionMgr:1039 - genDependencies : Invalid condition id : UX DEVICE CLASS RTOS Condition cause : null
2024-01-19 11:46:11,226 [WARN] PackLoader:240 - Cannot read IP mode file for STMicroelectronics.X-CUBE-SUBG2.5.0.0
2024-01-19 11:46:11,243 [WARN] PackLoader:240 - Cannot read IP mode file for STMicroelectronics.X-CUBE-TOF1.3.3.1
2024-01-19 11:46:11,274 [WARN] PackLoader:240 - Cannot read IP mode file for STMicroelectronics.X-CUBE-AZRTOS-G4.2.0.0
2024-01-19 11:46:11,292 [WARN] PackLoader:240 - Cannot read IP mode file for Infineon.AIROC-Wi-Fi-Bluetooth-STM32.1.5.1
2024-01-19 11:46:11,304 [WARN] PackLoader:240 - Cannot read IP mode file for STMicroelectronics.FP-SNS-MOTENVWB1.1.3.1
2024-01-19 11:46:11,315 [WARN] PackLoader:240 - Cannot read IP mode file for STMicroelectronics.X-CUBE-ISPU.2.0.0
2024-01-19 11:46:11,351 [WARN] PackLoader:240 - Cannot read IP mode file for STMicroelectronics.X-CUBE-MEMS1.10.0.0
2024-01-19 11:46:11,441 [WARN] PackLoader:240 - Cannot read IP mode file for STMicroelectronics.X-CUBE-FREERTOS.1.1.0
2024-01-19 11:46:11,454 [WARN] PackLoader:240 - Cannot read IP mode file for portGmbH.I-Cube-SoM-uGOAL.1.1.0
2024-01-19 11:46:11,466 [WARN] PackLoader:240 - Cannot read IP mode file for STMicroelectronics.X-CUBE-ALS.1.0.1
2024-01-19 11:46:11,479 [WARN] PackLoader:240 - Cannot read IP mode file for STMicroelectronics.FP-ATR-ASTRA1.2.0.0
2024-01-19 11:46:11,497 [WARN] PackLoader:240 - Cannot read IP mode file for STMicroelectronics.X-CUBE-TOF1.3.4.0
2024-01-19 11:46:11,531 [WARN] PackLoader:240 - Cannot read IP mode file for STMicroelectronics.X-CUBE-AZRTOS-H7.3.2.0
2024-01-19 11:46:11,534 [INFO] ThirdParty:978 - Integrity check success = true
2024-01-19 11:46:11,535 [INFO] IntegrityCheckThread:100 - exiting critical section [integrity check]
2024-01-19 11:46:11,535 [INFO] IntegrityCheckThread:103 - End integrity checks thread
2024-01-19 11:46:11,535 [INFO] ThirdParty:873 - entering critical section [close project]
2024-01-19 11:46:11,536 [INFO] ThirdParty:883 - exiting critical section [close project]
2024-01-19 11:46:11,542 [INFO] PinOutPanel:1499 - setPackage(No Configuration,No Configuration)
2024-01-19 11:46:11,560 [INFO] UtilMem:75 - Begin LoadConfig() Used Memory: 351758664 Bytes (461373440)
2024-01-19 11:46:11,561 [INFO] MicroXplorer:468 - Change Database Path : 
2024-01-19 11:46:11,561 [INFO] MicroXplorer:498 - Change Database Version : DB.6.0.80
2024-01-19 11:46:11,562 [INFO] OpenFileManager:308 - Change cursor
2024-01-19 11:46:11,604 [INFO] Mcu:1937 - Initializing MCU STM32F429ZITx STM32F429ZITx STM32F429ZIT6
2024-01-19 11:46:13,043 [INFO] Context:659 - Trying to add GPIOservice into a context  which must be forbidden
2024-01-19 11:46:13,577 [INFO] RtosManager:555 - Registered RTOS mode: class=CMSIS, group=RTOS, mode=CMSIS_V1, owner=FREERTOS
2024-01-19 11:46:13,577 [INFO] RtosManager:555 - Registered RTOS mode: class=CMSIS, group=RTOS2, mode=CMSIS_V2, owner=FREERTOS
2024-01-19 11:46:13,578 [INFO] RtosManager:555 - Registered RTOS mode: class=RTOS, group=Core, mode=CMSIS_V1, owner=FREERTOS
2024-01-19 11:46:13,578 [INFO] RtosManager:555 - Registered RTOS mode: class=RTOS, group=Core, mode=CMSIS_V2, owner=FREERTOS
2024-01-19 11:46:13,578 [WARN] ModelIntegratedComponent:184 - Missing modes for component STMicroelectronics:FreeRTOS:0.0.1:STMicroelectronics:RTOS:FreeRTOS:Core:::10.2.0:
2024-01-19 11:46:13,587 [WARN] ModelIntegratedComponent:63 - No mode defined for component null
2024-01-19 11:46:13,587 [WARN] ModelIntegratedComponent:63 - No mode defined for component null
2024-01-19 11:46:13,587 [WARN] ModelIntegratedComponent:63 - No mode defined for component null
2024-01-19 11:46:13,587 [WARN] ModelIntegratedComponent:63 - No mode defined for component null
2024-01-19 11:46:13,587 [WARN] ModelIntegratedComponent:63 - No mode defined for component null
2024-01-19 11:46:13,587 [WARN] ModelIntegratedComponent:63 - No mode defined for component null
2024-01-19 11:46:13,587 [WARN] ModelIntegratedComponent:63 - No mode defined for component null
2024-01-19 11:46:13,587 [WARN] ModelIntegratedComponent:63 - No mode defined for component null
2024-01-19 11:46:13,587 [WARN] ModelIntegratedComponent:63 - No mode defined for component null
2024-01-19 11:46:13,588 [WARN] ModelIntegratedComponent:63 - No mode defined for component null
2024-01-19 11:46:13,588 [WARN] ModelIntegratedComponent:63 - No mode defined for component null
2024-01-19 11:46:13,588 [WARN] ModelIntegratedComponent:63 - No mode defined for component null
2024-01-19 11:46:13,588 [WARN] ModelIntegratedComponent:63 - No mode defined for component null
2024-01-19 11:46:13,588 [WARN] ModelIntegratedComponent:63 - No mode defined for component null
2024-01-19 11:46:13,588 [WARN] ModelIntegratedComponent:63 - No mode defined for component null
2024-01-19 11:46:13,588 [WARN] ModelIntegratedComponent:63 - No mode defined for component null
2024-01-19 11:46:13,588 [WARN] ModelIntegratedComponent:63 - No mode defined for component null
2024-01-19 11:46:13,588 [WARN] ModelIntegratedComponent:63 - No mode defined for component null
2024-01-19 11:46:13,588 [WARN] ModelIntegratedComponent:63 - No mode defined for component null
2024-01-19 11:46:13,588 [WARN] ModelIntegratedComponent:63 - No mode defined for component null
2024-01-19 11:46:13,588 [WARN] ModelIntegratedComponent:63 - No mode defined for component null
2024-01-19 11:46:13,588 [WARN] ModelIntegratedComponent:63 - No mode defined for component null
2024-01-19 11:46:13,589 [WARN] ModelIntegratedComponent:63 - No mode defined for component null
2024-01-19 11:46:13,589 [WARN] ModelIntegratedComponent:63 - No mode defined for component null
2024-01-19 11:46:13,589 [WARN] ModelIntegratedComponent:63 - No mode defined for component null
2024-01-19 11:46:13,589 [WARN] ModelIntegratedComponent:63 - No mode defined for component null
2024-01-19 11:46:13,589 [WARN] ModelIntegratedComponent:63 - No mode defined for component null
2024-01-19 11:46:13,589 [WARN] ModelIntegratedComponent:63 - No mode defined for component null
2024-01-19 11:46:13,589 [WARN] ModelIntegratedComponent:63 - No mode defined for component null
2024-01-19 11:46:13,589 [WARN] ModelIntegratedComponent:63 - No mode defined for component null
2024-01-19 11:46:13,589 [WARN] ModelIntegratedComponent:63 - No mode defined for component null
2024-01-19 11:46:13,589 [WARN] ModelIntegratedComponent:63 - No mode defined for component null
2024-01-19 11:46:13,589 [WARN] ModelIntegratedComponent:63 - No mode defined for component null
2024-01-19 11:46:13,662 [INFO] ThirdPartyModel:298 - Start build external matchings
2024-01-19 11:46:14,110 [INFO] ThirdPartyModel:316 - End build external matchings
2024-01-19 11:46:14,129 [INFO] ImportTextPane:194 - (OptionalMessage_ERROR) IP (RCC) : Invalid parameter (ADC12outputFreq_Value)
2024-01-19 11:46:14,129 [INFO] ImportTextPane:194 - (OptionalMessage_ERROR) IP (RCC) : Invalid parameter (ADC34outputFreq_Value)
2024-01-19 11:46:14,130 [INFO] ImportTextPane:194 - (OptionalMessage_ERROR) IP (RCC) : Invalid parameter (FamilyName)
2024-01-19 11:46:14,130 [INFO] ImportTextPane:194 - (OptionalMessage_ERROR) IP (RCC) : Invalid parameter (I2C1Freq_Value)
2024-01-19 11:46:14,130 [INFO] ImportTextPane:194 - (OptionalMessage_ERROR) IP (RCC) : Invalid parameter (I2C2Freq_Value)
2024-01-19 11:46:14,130 [INFO] ImportTextPane:194 - (OptionalMessage_ERROR) IP (RCC) : Invalid parameter (I2C3Freq_Value)
2024-01-19 11:46:14,132 [INFO] ImportTextPane:194 - (OptionalMessage_ERROR) IP (RCC) : Parameter (MCO2PinFreq_Value) has invalid value (168000000)
2024-01-19 11:46:14,133 [INFO] ImportTextPane:194 - (OptionalMessage_ERROR) IP (RCC) : Invalid parameter (MCOFreq_Value)
2024-01-19 11:46:14,133 [INFO] ImportTextPane:194 - (OptionalMessage_ERROR) IP (RCC) : Invalid parameter (PLLMCOFreq_Value)
2024-01-19 11:46:14,133 [INFO] ImportTextPane:194 - (OptionalMessage_ERROR) IP (RCC) : Invalid parameter (PLLMUL)
2024-01-19 11:46:14,133 [INFO] ImportTextPane:194 - (OptionalMessage_ERROR) IP (RCC) : Invalid parameter (PRESCALERUSB)
2024-01-19 11:46:14,133 [INFO] ImportTextPane:194 - (OptionalMessage_ERROR) IP (RCC) : Parameter (RTCHSEDivFreq_Value) has invalid value (4000000)
2024-01-19 11:46:14,133 [INFO] ImportTextPane:194 - (OptionalMessage_ERROR) IP (RCC) : Invalid parameter (SYSCLKSourceVirtual)
2024-01-19 11:46:14,133 [INFO] ImportTextPane:194 - (OptionalMessage_ERROR) IP (RCC) : Invalid parameter (TIM15Freq_Value)
2024-01-19 11:46:14,133 [INFO] ImportTextPane:194 - (OptionalMessage_ERROR) IP (RCC) : Invalid parameter (TIM16Freq_Value)
2024-01-19 11:46:14,134 [INFO] ImportTextPane:194 - (OptionalMessage_ERROR) IP (RCC) : Invalid parameter (TIM17Freq_Value)
2024-01-19 11:46:14,134 [INFO] ImportTextPane:194 - (OptionalMessage_ERROR) IP (RCC) : Invalid parameter (TIM1Freq_Value)
2024-01-19 11:46:14,134 [INFO] ImportTextPane:194 - (OptionalMessage_ERROR) IP (RCC) : Invalid parameter (TIM20Freq_Value)
2024-01-19 11:46:14,134 [INFO] ImportTextPane:194 - (OptionalMessage_ERROR) IP (RCC) : Invalid parameter (TIM2Freq_Value)
2024-01-19 11:46:14,134 [INFO] ImportTextPane:194 - (OptionalMessage_ERROR) IP (RCC) : Invalid parameter (TIM3Freq_Value)
2024-01-19 11:46:14,134 [INFO] ImportTextPane:194 - (OptionalMessage_ERROR) IP (RCC) : Invalid parameter (TIM8Freq_Value)
2024-01-19 11:46:14,134 [INFO] ImportTextPane:194 - (OptionalMessage_ERROR) IP (RCC) : Invalid parameter (UART4Freq_Value)
2024-01-19 11:46:14,134 [INFO] ImportTextPane:194 - (OptionalMessage_ERROR) IP (RCC) : Invalid parameter (UART5Freq_Value)
2024-01-19 11:46:14,134 [INFO] ImportTextPane:194 - (OptionalMessage_ERROR) IP (RCC) : Invalid parameter (USART1Freq_Value)
2024-01-19 11:46:14,134 [INFO] ImportTextPane:194 - (OptionalMessage_ERROR) IP (RCC) : Invalid parameter (USART2Freq_Value)
2024-01-19 11:46:14,134 [INFO] ImportTextPane:194 - (OptionalMessage_ERROR) IP (RCC) : Invalid parameter (USART3Freq_Value)
2024-01-19 11:46:14,134 [INFO] ImportTextPane:194 - (OptionalMessage_ERROR) IP (RCC) : Invalid parameter (USBFreq_Value)
2024-01-19 11:46:14,134 [INFO] ImportTextPane:194 - (OptionalMessage_ERROR) IP (RCC) : Invalid parameter (VCOOutput2Freq_Value)
2024-01-19 11:46:14,411 [INFO] UtilMem:75 - End LoadConfig() Used Memory: 334685648 Bytes (486539264)
2024-01-19 11:46:14,496 [INFO] ApiDb:581 - Connected to CubeFinder SQLite database (C:\Users\USER\.stmcufinder\plugins\mcufinder\mcu\cube-finder-db.db)
2024-01-19 11:46:14,545 [INFO] ApiDb:668 - CubeFinder database Data Model version=2.1
2024-01-19 11:46:14,545 [INFO] ApiDb:669 - CubeFinder database Configuration version=3.0.37
2024-01-19 11:46:14,545 [INFO] ApiDb:670 - CubeFinder database generation date=2023-08-09 (1691586011)
2024-01-19 11:46:14,545 [INFO] ApiDb:671 - CubeFinder database FW Pack versions=[FP-ATR-ASTRA1_V2.0.0, FP-SNS-FLIGHT1_V5.0.1, FP-SNS-FLIGHT1_V5.0.2, FP-SNS-MOTENV1_V4.3.1, FP-SNS-MOTENV1_V4.3.2, STM32Cube_FW_C0_V1.1.0, STM32Cube_FW_F4_V1.27.1, STM32Cube_FW_F7_V1.17.0, STM32Cube_FW_G0_V1.6.1, STM32Cube_FW_G4_V1.5.1, STM32Cube_FW_H5_V0.5.1, STM32Cube_FW_H5_V1.1.0, STM32Cube_FW_H7_V1.11.0, STM32Cube_FW_L0_V1.12.2, STM32Cube_FW_L5_V1.5.0, STM32Cube_FW_U5_V1.3.0, STM32Cube_FW_U5_V1.3.0RC4, STM32Cube_FW_WBA_V1.0.0RC1, STM32Cube_FW_WBA_V1.1.0, STM32Cube_FW_WBA_V1.1.0RC1, STM32Cube_FW_WB_V1.15.0RC1, STM32Cube_FW_WB_V1.16.0, STM32Cube_FW_WB_V1.16.0RC2, STM32Cube_FW_WB_V1.17.0, STM32Cube_FW_WL_V1.3.0, X-CUBE-ALGOBUILD_V1.3.0, X-CUBE-ALS_V1.0.1, X-CUBE-AZRTOS-F4_V1.1.0, X-CUBE-AZRTOS-F7_V1.1.0, X-CUBE-AZRTOS-G0_V1.1.0, X-CUBE-AZRTOS-G4_V2.0.0, X-CUBE-AZRTOS-H7_V3.1.0, X-CUBE-AZRTOS-L4_V1.0.0, X-CUBE-AZRTOS-L4_V2.0.0, X-CUBE-AZRTOS-L5_V1.1.0, X-CUBE-AZRTOS-WB_V1.1.0, X-CUBE-AZRTOS-WL_V2.0.0, X-CUBE-BLE1_V7.0.0, X-CUBE-BLE2_V3.3.0, X-CUBE-BLEMGR_V2.0.0, X-CUBE-EEPRMA1_V4.1.0, X-CUBE-FREERTOS_V1.1.0, X-CUBE-GNSS1_V6.0.0, X-CUBE-MEMS1_V9.1.0, X-CUBE-MEMS1_V9.4.0, X-CUBE-MEMS1_V9.6.0, X-CUBE-NFC4_V3.0.0, X-CUBE-NFC7_V1.0.0, X-CUBE-SFXS2LP1_V4.0.0, X-CUBE-SUBG2_V5.0.0, X-CUBE-TOF1_V3.3.1]
2024-01-19 11:46:16,099 [INFO] ApiDb:240 - Found 297 in-development CPN: [B-G473E-ZEST1S, B-WB1M-WPAN1, B-WL5M-SUBG1, NUCLEO-C031C6, NUCLEO-H503RB, NUCLEO-H563ZI, NUCLEO-U545RE-Q, NUCLEO-U5A5ZJ-Q, NUCLEO-WBA52CG, STEVAL-PROTEUS1, STEVAL-STWINBX1, STM320518-EVAL, STM32C0116-DK, STM32C011D6Y3TR, STM32C011D6Y6TR, STM32C011F4P3, STM32C011F4P6, STM32C011F4U3, STM32C011F4U6TR, STM32C011F6P3, STM32C011F6P6, STM32C011F6U3, STM32C011F6U6TR, STM32C011J4M3, STM32C011J4M6, STM32C011J6M3, STM32C011J6M6, STM32C0316-DK, STM32C031C4T3, STM32C031C4T6, STM32C031C4U3, STM32C031C4U6, STM32C031C6T3, STM32C031C6T6, STM32C031C6U3, STM32C031C6U6, STM32C031F4P3, STM32C031F4P6, STM32C031F6P3, STM32C031F6P6, STM32C031G4U3, STM32C031G4U6, STM32C031G6U3, STM32C031G6U6, STM32C031K4T3, STM32C031K4T6, STM32C031K4U3, STM32C031K4U6, STM32C031K6T3, STM32C031K6T6, STM32C031K6U3, STM32C031K6U6, STM32G071K8TXN, STM32G071K8UXN, STM32G081GBU6N, STM32G081KBT6N, STM32G081KBUXN, STM32G0B1CCT6N, STM32G0B1KCT6, STM32G0B1NEY6TR, STM32G0B1RCT6N, STM32G0C1CCT6, STM32G0C1CCT6N, STM32G0C1CCU6N, STM32G0C1CET6N, STM32G0C1CEU6N, STM32G0C1KCT6, STM32G0C1NEY6TR, STM32G0C1RCI6N, STM32G0C1RCT6N, STM32G0C1REI6N, STM32G0C1RET6N, STM32G0C1VCI6, STM32G0C1VEI6, STM32G471CCT6, STM32G471CCU6, STM32G471CET3, STM32G471CET6, STM32G471CEU3, STM32G471CEU6, STM32G471MCT6, STM32G471MET3, STM32G471MET6, STM32G471MEY6TR, STM32G471QCT6, STM32G471QET3, STM32G471RCT6, STM32G471RET3, STM32G471RET6, STM32G471VCH6, STM32G471VCI6, STM32G471VCT6, STM32G471VEH3, STM32G471VEH6, STM32G471VEI3, STM32G471VEI6, STM32G471VET3, STM32G471VET6, STM32G474CCT6, STM32H503CBT6, STM32H503CBU6, STM32H503EBY6TR, STM32H503KBU6, STM32H503RBT6, STM32H562AGI6, STM32H562AII6, STM32H562IGK6, STM32H562IGT6, STM32H562IIK6, STM32H562IIT6, STM32H562RGT6, STM32H562RGV6, STM32H562RIT6, STM32H562RIV6, STM32H562VGT6, STM32H562VIT6, STM32H562ZGT6, STM32H562ZIT6, STM32H563AGI6, STM32H563AII3Q, STM32H563AII6, STM32H563IGK6, STM32H563IGT6, STM32H563IIK3Q, STM32H563IIK6, STM32H563IIT3Q, STM32H563IIT6, STM32H563MIY3QTR, STM32H563RGT6, STM32H563RGV6, STM32H563RIT6, STM32H563RIV6, STM32H563VGT6, STM32H563VIT3Q, STM32H563VIT6, STM32H563ZGT6, STM32H563ZIT3Q, STM32H563ZIT6, STM32H573AII3Q, STM32H573AII6, STM32H573I-DK, STM32H573IIK3Q, STM32H573IIK6, STM32H573IIT3Q, STM32H573IIT6, STM32H573MIY3QTR, STM32H573RIT6, STM32H573RIV6, STM32H573VIT3Q, STM32H573VIT6, STM32H573ZIT3Q, STM32H573ZIT6, STM32L4R5QGI6STR, STM32MP131AAE3, STM32MP131AAF3, STM32MP131AAG3, STM32MP131CAE3, STM32MP131CAF3, STM32MP131CAG3, STM32MP131DAE7, STM32MP131DAF7, STM32MP131DAG7, STM32MP131FAE7, STM32MP131FAF7, STM32MP131FAG7, STM32MP133AAE3, STM32MP133AAF3, STM32MP133AAG3, STM32MP133CAE3, STM32MP133CAF3, STM32MP133CAG3, STM32MP133DAE7, STM32MP133DAF7, STM32MP133DAG7, STM32MP133FAE7, STM32MP133FAF7, STM32MP133FAG7, STM32MP135AAE3, STM32MP135AAF3, STM32MP135AAG3, STM32MP135CAE3, STM32MP135CAF3, STM32MP135CAG3, STM32MP135DAE7, STM32MP135DAF7, STM32MP135DAG7, STM32MP135F-DK, STM32MP135FAE7, STM32MP135FAF7, STM32MP135FAF7T, STM32MP135FAF7U, STM32MP135FAG7, STM32U535CBT6, STM32U535CBT6Q, STM32U535CBU6, STM32U535CBU6Q, STM32U535CCT6, STM32U535CCT6Q, STM32U535CCU6, STM32U535CCU6Q, STM32U535CET6, STM32U535CET6Q, STM32U535CEU6, STM32U535CEU6Q, STM32U535JEY6QTR, STM32U535NCY6QTR, STM32U535NEY6QTR, STM32U535RBI6, STM32U535RBI6Q, STM32U535RBT6, STM32U535RBT6Q, STM32U535RCI6, STM32U535RCI6Q, STM32U535RCT6, STM32U535RCT6Q, STM32U535REI6, STM32U535REI6Q, STM32U535RET6, STM32U535RET6Q, STM32U535VCI6, STM32U535VCI6Q, STM32U535VCT6, STM32U535VCT6Q, STM32U535VEI6, STM32U535VEI6Q, STM32U535VET6, STM32U535VET6Q, STM32U545CET6, STM32U545CET6Q, STM32U545CEU6, STM32U545CEU6Q, STM32U545JEY6QTR, STM32U545NEY6QTR, STM32U545REI6, STM32U545REI6Q, STM32U545RET6, STM32U545RET6Q, STM32U545VEI6, STM32U545VEI6Q, STM32U545VET6, STM32U545VET6Q, STM32U595AIH6, STM32U595AIH6Q, STM32U595AJH6, STM32U595AJH6Q, STM32U595QII6, STM32U595QII6Q, STM32U595QJI6, STM32U595QJI6Q, STM32U595RIT6, STM32U595RIT6Q, STM32U595RJT6, STM32U595RJT6Q, STM32U595VIT6, STM32U595VIT6Q, STM32U595VJT6, STM32U595VJT6Q, STM32U595ZIT6, STM32U595ZIT6Q, STM32U595ZIY6QTR, STM32U595ZJT6, STM32U595ZJT6Q, STM32U595ZJY6QTR, STM32U599BJY6QTR, STM32U599NIH6Q, STM32U599NJH6Q, STM32U599VIT6Q, STM32U599VJT6, STM32U599VJT6Q, STM32U599ZIT6Q, STM32U599ZIY6QTR, STM32U599ZJT6Q, STM32U599ZJY6QTR, STM32U5A5AJH6, STM32U5A5AJH6Q, STM32U5A5QJI6, STM32U5A5QJI6Q, STM32U5A5RJT6, STM32U5A5RJT6Q, STM32U5A5VJT6, STM32U5A5VJT6Q, STM32U5A5ZJT6, STM32U5A5ZJT6Q, STM32U5A5ZJY6QTR, STM32U5A9BJY6QTR, STM32U5A9J-DK, STM32U5A9NJH6Q, STM32U5A9VJT6Q, STM32U5A9ZJT6Q, STM32U5A9ZJY6QTR, STM32WB1MMCH6, STM32WBA52CEU6, STM32WBA52CEU6T, STM32WBA52CGU6, STM32WBA52CGU6T, STM32WL5MOCH6, STM32WL5MOCH6TR]
2024-01-19 11:46:16,102 [INFO] DbMcus:216 - Found 3825 MCUs, 3825 are supported
2024-01-19 11:46:16,104 [INFO] ApiDb:423 - Load user favorites file C:\Users\USER/.stm32cubeide/favorites.mcus.txt: 0 item(s)
2024-01-19 11:46:16,105 [INFO] ApiDb:427 - User favorites MCUs=[]
2024-01-19 11:46:16,105 [INFO] DbMcus:222 - Set 0 / 0 favorites MCUs
2024-01-19 11:46:16,383 [WARN] ThirdParty:833 - waiting for thirdparty lock release [change project]
2024-01-19 11:46:16,383 [INFO] ThirdParty:835 - entering critical section [change project]
2024-01-19 11:46:16,383 [INFO] ThirdParty:1030 - CMSIS Pack Vendor :STMicroelectronics X-CUBE-ISPU 1.1.0
2024-01-19 11:46:16,383 [INFO] ThirdParty:1030 - CMSIS Pack Vendor :STMicroelectronics X-CUBE-GNSS1 6.0.0
2024-01-19 11:46:16,383 [INFO] ThirdParty:1030 - CMSIS Pack Vendor :STMicroelectronics USB_HOST 2.0.0
2024-01-19 11:46:16,384 [INFO] ThirdParty:1030 - CMSIS Pack Vendor :STMicroelectronics X-CUBE-AZRTOS-F4 1.1.0
2024-01-19 11:46:16,384 [INFO] ThirdParty:1030 - CMSIS Pack Vendor :STMicroelectronics LIBJPEG 8.0.0
2024-01-19 11:46:16,384 [INFO] ThirdParty:1030 - CMSIS Pack Vendor :wolfSSL I-CUBE-wolfSSL 5.6.3
2024-01-19 11:46:16,384 [INFO] ThirdParty:1030 - CMSIS Pack Vendor :STMicroelectronics X-CUBE-SMBUS 2.1.0
2024-01-19 11:46:16,384 [INFO] ThirdParty:1030 - CMSIS Pack Vendor :STMicroelectronics USB_DEVICE 3.0.0
2024-01-19 11:46:16,384 [INFO] ThirdParty:1030 - CMSIS Pack Vendor :STMicroelectronics X-CUBE-AZRTOS-WB 2.0.0
2024-01-19 11:46:16,384 [INFO] ThirdParty:1030 - CMSIS Pack Vendor :STMicroelectronics X-CUBE-TOUCHGFX 4.23.0
2024-01-19 11:46:16,384 [INFO] ThirdParty:1030 - CMSIS Pack Vendor :STMicroelectronics X-CUBE-AZRTOS-F7 1.1.0
2024-01-19 11:46:16,384 [INFO] ThirdParty:1030 - CMSIS Pack Vendor :STMicroelectronics X-CUBE-AZRTOS-L5 2.0.0
2024-01-19 11:46:16,384 [INFO] ThirdParty:1030 - CMSIS Pack Vendor :STMicroelectronics USB_DEVICE 2.0.0
2024-01-19 11:46:16,384 [INFO] ThirdParty:1030 - CMSIS Pack Vendor :STMicroelectronics X-CUBE-MEMS1 9.6.0
2024-01-19 11:46:16,384 [INFO] ThirdParty:1030 - CMSIS Pack Vendor :STMicroelectronics X-CUBE-EEPRMA1 4.2.0
2024-01-19 11:46:16,384 [INFO] ThirdParty:1030 - CMSIS Pack Vendor :ITTIA_DB I-CUBE-ITTIADB 8.8.0
2024-01-19 11:46:16,384 [INFO] ThirdParty:1030 - CMSIS Pack Vendor :STMicroelectronics FP-SNS-MOTENV1 4.3.2
2024-01-19 11:46:16,384 [INFO] ThirdParty:1030 - CMSIS Pack Vendor :STMicroelectronics X-CUBE-ALGOBUILD 1.3.0
2024-01-19 11:46:16,384 [INFO] ThirdParty:1030 - CMSIS Pack Vendor :STMicroelectronics FreeRTOS 0.0.1
2024-01-19 11:46:16,384 [INFO] ThirdParty:1030 - CMSIS Pack Vendor :STMicroelectronics X-CUBE-AZRTOS-G0 1.1.0
2024-01-19 11:46:16,384 [INFO] ThirdParty:1030 - CMSIS Pack Vendor :STMicroelectronics X-CUBE-BLEMGR 2.0.0
2024-01-19 11:46:16,384 [INFO] ThirdParty:1030 - CMSIS Pack Vendor :STMicroelectronics X-CUBE-NFC4 3.0.0
2024-01-19 11:46:16,384 [INFO] ThirdParty:1030 - CMSIS Pack Vendor :STMicroelectronics X-CUBE-SUBG2 5.0.0
2024-01-19 11:46:16,384 [INFO] ThirdParty:1030 - CMSIS Pack Vendor :STMicroelectronics STM32_WPAN 1.0.0
2024-01-19 11:46:16,384 [INFO] ThirdParty:1030 - CMSIS Pack Vendor :STMicroelectronics lwIP 2.0.3
2024-01-19 11:46:16,384 [INFO] ThirdParty:1030 - CMSIS Pack Vendor :STMicroelectronics FP-SNS-FLIGHT1 5.0.2
2024-01-19 11:46:16,384 [INFO] ThirdParty:1030 - CMSIS Pack Vendor :STMicroelectronics USB_HOST 1.0.0
2024-01-19 11:46:16,384 [INFO] ThirdParty:1030 - CMSIS Pack Vendor :STMicroelectronics X-CUBE-TOF1 3.3.1
2024-01-19 11:46:16,384 [INFO] ThirdParty:1030 - CMSIS Pack Vendor :STMicroelectronics X-CUBE-AZRTOS-G4 2.0.0
2024-01-19 11:46:16,384 [INFO] ThirdParty:1030 - CMSIS Pack Vendor :STMicroelectronics PDM2PCM 3.1.0
2024-01-19 11:46:16,384 [INFO] ThirdParty:1030 - CMSIS Pack Vendor :STMicroelectronics X-CUBE-AZRTOS-H7 3.1.0
2024-01-19 11:46:16,384 [INFO] ThirdParty:1030 - CMSIS Pack Vendor :Infineon AIROC-Wi-Fi-Bluetooth-STM32 1.5.1
2024-01-19 11:46:16,384 [INFO] ThirdParty:1030 - CMSIS Pack Vendor :STMicroelectronics X-CUBE-BLEMGR 3.0.0
2024-01-19 11:46:16,385 [INFO] ThirdParty:1030 - CMSIS Pack Vendor :STMicroelectronics PDM2PCM 3.3.0
2024-01-19 11:46:16,385 [INFO] ThirdParty:1030 - CMSIS Pack Vendor :STMicroelectronics X-CUBE-DISPLAY 3.0.0
2024-01-19 11:46:16,385 [INFO] ThirdParty:1030 - CMSIS Pack Vendor :STMicroelectronics FP-SNS-MOTENVWB1 1.3.1
2024-01-19 11:46:16,385 [INFO] ThirdParty:1030 - CMSIS Pack Vendor :STMicroelectronics X-CUBE-BLE1 7.0.0
2024-01-19 11:46:16,385 [INFO] ThirdParty:1030 - CMSIS Pack Vendor :STMicroelectronics FP-ATR-SIGFOX1 3.2.0
2024-01-19 11:46:16,385 [INFO] ThirdParty:1030 - CMSIS Pack Vendor :STMicroelectronics X-CUBE-ISPU 2.0.0
2024-01-19 11:46:16,385 [INFO] ThirdParty:1030 - CMSIS Pack Vendor :STMicroelectronics HAL Drivers 0.0.0
2024-01-19 11:46:16,385 [INFO] ThirdParty:1030 - CMSIS Pack Vendor :STMicroelectronics MBEDTLS 2.16.2
2024-01-19 11:46:16,385 [INFO] ThirdParty:1030 - CMSIS Pack Vendor :emotas I-CUBE-CANOPEN 1.3.0
2024-01-19 11:46:16,385 [INFO] ThirdParty:1030 - CMSIS Pack Vendor :STMicroelectronics X-CUBE-MEMS1 10.0.0
2024-01-19 11:46:16,385 [INFO] ThirdParty:1030 - CMSIS Pack Vendor :STMicroelectronics X-CUBE-FREERTOS 1.1.0
2024-01-19 11:46:16,385 [INFO] ThirdParty:1030 - CMSIS Pack Vendor :STMicroelectronics X-CUBE-NFC7 1.0.1
2024-01-19 11:46:16,385 [INFO] ThirdParty:1030 - CMSIS Pack Vendor :STMicroelectronics MBEDTLS 2.14.1
2024-01-19 11:46:16,385 [INFO] ThirdParty:1030 - CMSIS Pack Vendor :STMicroelectronics X-CUBE-TOUCHGFX 4.22.1
2024-01-19 11:46:16,385 [INFO] ThirdParty:1030 - CMSIS Pack Vendor :STMicroelectronics X-CUBE-NFC6 3.0.0
2024-01-19 11:46:16,385 [INFO] ThirdParty:1030 - CMSIS Pack Vendor :STMicroelectronics X-CUBE-EEPRMA1 4.1.0
2024-01-19 11:46:16,385 [INFO] ThirdParty:1030 - CMSIS Pack Vendor :portGmbH I-Cube-SoM-uGOAL 1.1.0
2024-01-19 11:46:16,385 [INFO] ThirdParty:1030 - CMSIS Pack Vendor :STMicroelectronics X-CUBE-ALS 1.0.1
2024-01-19 11:46:16,386 [INFO] ThirdParty:1030 - CMSIS Pack Vendor :STMicroelectronics ThreadX 1.0.0
2024-01-19 11:46:16,386 [INFO] ThirdParty:1030 - CMSIS Pack Vendor :STMicroelectronics FP-SNS-SMARTAG2 1.2.0
2024-01-19 11:46:16,386 [INFO] ThirdParty:1030 - CMSIS Pack Vendor :STMicroelectronics X-CUBE-AZRTOS-WL 2.0.0
2024-01-19 11:46:16,386 [INFO] ThirdParty:1030 - CMSIS Pack Vendor :SEGGER I-CUBE-embOS 1.3.1
2024-01-19 11:46:16,386 [INFO] ThirdParty:1030 - CMSIS Pack Vendor :STMicroelectronics USB_DEVICE 1.0.0
2024-01-19 11:46:16,386 [INFO] ThirdParty:1030 - CMSIS Pack Vendor :STMicroelectronics X-CUBE-AI 8.1.0
2024-01-19 11:46:16,386 [INFO] ThirdParty:1030 - CMSIS Pack Vendor :STMicroelectronics X-CUBE-AZRTOS-L4 2.0.0
2024-01-19 11:46:16,386 [INFO] ThirdParty:1030 - CMSIS Pack Vendor :STMicroelectronics ThreadX 0.0.2
2024-01-19 11:46:16,386 [INFO] ThirdParty:1030 - CMSIS Pack Vendor :WES I-CUBE-Cesium 1.3.0
2024-01-19 11:46:16,386 [INFO] ThirdParty:1030 - CMSIS Pack Vendor :STMicroelectronics FP-ATR-ASTRA1 2.0.0
2024-01-19 11:46:16,387 [INFO] ThirdParty:1030 - CMSIS Pack Vendor :STMicroelectronics lwIP 2.1.2
2024-01-19 11:46:16,387 [INFO] ThirdParty:1030 - CMSIS Pack Vendor :STMicroelectronics X-CUBE-SFXS2LP1 4.0.0
2024-01-19 11:46:16,387 [INFO] ThirdParty:1030 - CMSIS Pack Vendor :STMicroelectronics X-CUBE-BLE2 3.3.0
2024-01-19 11:46:16,387 [INFO] ThirdParty:1030 - CMSIS Pack Vendor :STMicroelectronics X-CUBE-TOF1 3.4.0
2024-01-19 11:46:16,387 [INFO] ThirdParty:1030 - CMSIS Pack Vendor :STMicroelectronics X-CUBE-AZRTOS-H7 3.2.0
2024-01-19 11:46:16,387 [INFO] ThirdParty:1030 - CMSIS Pack Vendor :STMicroelectronics PDM2PCM 3.2.0
2024-01-19 11:46:16,387 [INFO] ThirdParty:841 - exiting critical section [change project]
2024-01-19 11:46:16,785 [INFO] PinOutPanel:1499 - setPackage(No Configuration,No Configuration)
2024-01-19 11:46:16,787 [INFO] PinOutPanel:1499 - setPackage(STM32F429ZITx,LQFP144)
2024-01-19 11:46:17,245 [INFO] UtilMem:75 - Before build in PCC Used Memory: 417561728 Bytes (486539264)
2024-01-19 11:46:17,927 [INFO] UtilMem:75 - After build in PCC Used Memory: 420607944 Bytes (486539264)
2024-01-19 11:46:17,967 [INFO] IPUIPlugin:80 - create IPUIPlugin
2024-01-19 11:46:17,967 [INFO] IPUIPlugin:80 - create IPUIPlugin
2024-01-19 11:46:17,967 [INFO] IPUIPlugin:80 - create IPUIPlugin
2024-01-19 11:46:17,968 [INFO] IPUIPlugin:80 - create IPUIPlugin
2024-01-19 11:46:17,968 [INFO] IPUIPlugin:80 - create IPUIPlugin
2024-01-19 11:46:17,968 [INFO] IPUIPlugin:80 - create IPUIPlugin
2024-01-19 11:46:17,968 [INFO] IPUIPlugin:80 - create IPUIPlugin
2024-01-19 11:46:17,968 [INFO] IPUIPlugin:80 - create IPUIPlugin
2024-01-19 11:46:17,968 [INFO] IPUIPlugin:80 - create IPUIPlugin
2024-01-19 11:46:17,968 [INFO] IPUIPlugin:80 - create IPUIPlugin
2024-01-19 11:46:17,969 [INFO] IPUIPlugin:80 - create IPUIPlugin
2024-01-19 11:46:17,969 [INFO] IPUIPlugin:80 - create IPUIPlugin
2024-01-19 11:46:17,969 [INFO] IPUIPlugin:80 - create IPUIPlugin
2024-01-19 11:46:17,969 [INFO] IPUIPlugin:80 - create IPUIPlugin
2024-01-19 11:46:17,969 [INFO] IPUIPlugin:80 - create IPUIPlugin
2024-01-19 11:46:17,969 [INFO] IPUIPlugin:80 - create IPUIPlugin
2024-01-19 11:46:17,969 [INFO] IPUIPlugin:80 - create IPUIPlugin
2024-01-19 11:46:17,969 [INFO] IPUIPlugin:80 - create IPUIPlugin
2024-01-19 11:46:17,969 [INFO] IPUIPlugin:80 - create IPUIPlugin
2024-01-19 11:46:17,970 [INFO] IPUIPlugin:80 - create IPUIPlugin
2024-01-19 11:46:17,970 [INFO] IPUIPlugin:80 - create IPUIPlugin
2024-01-19 11:46:17,970 [INFO] IPUIPlugin:80 - create IPUIPlugin
2024-01-19 11:46:17,970 [INFO] IPUIPlugin:80 - create IPUIPlugin
2024-01-19 11:46:17,970 [INFO] IPUIPlugin:80 - create IPUIPlugin
2024-01-19 11:46:17,971 [INFO] IPUIPlugin:80 - create IPUIPlugin
2024-01-19 11:46:17,971 [INFO] IPUIPlugin:80 - create IPUIPlugin
2024-01-19 11:46:17,971 [INFO] IPUIPlugin:80 - create IPUIPlugin
2024-01-19 11:46:17,972 [INFO] IPUIPlugin:80 - create IPUIPlugin
2024-01-19 11:46:17,972 [INFO] IPUIPlugin:80 - create IPUIPlugin
2024-01-19 11:46:17,973 [INFO] IPUIPlugin:80 - create IPUIPlugin
2024-01-19 11:46:17,973 [INFO] IPUIPlugin:80 - create IPUIPlugin
2024-01-19 11:46:17,973 [INFO] IPUIPlugin:80 - create IPUIPlugin
2024-01-19 11:46:17,973 [INFO] IPUIPlugin:80 - create IPUIPlugin
2024-01-19 11:46:17,973 [INFO] IPUIPlugin:80 - create IPUIPlugin
2024-01-19 11:46:17,973 [INFO] IPUIPlugin:80 - create IPUIPlugin
2024-01-19 11:46:17,973 [INFO] IPUIPlugin:80 - create IPUIPlugin
2024-01-19 11:46:17,974 [INFO] IPUIPlugin:80 - create IPUIPlugin
2024-01-19 11:46:17,974 [INFO] IPUIPlugin:80 - create IPUIPlugin
2024-01-19 11:46:17,974 [INFO] IPUIPlugin:80 - create IPUIPlugin
2024-01-19 11:46:17,974 [INFO] IPUIPlugin:80 - create IPUIPlugin
2024-01-19 11:46:17,974 [INFO] IPUIPlugin:80 - create IPUIPlugin
2024-01-19 11:46:17,975 [INFO] IPUIPlugin:80 - create IPUIPlugin
2024-01-19 11:46:17,975 [INFO] IPUIPlugin:80 - create IPUIPlugin
2024-01-19 11:46:17,975 [INFO] IPUIPlugin:80 - create IPUIPlugin
2024-01-19 11:46:17,975 [INFO] IPUIPlugin:80 - create IPUIPlugin
2024-01-19 11:46:17,975 [INFO] IPUIPlugin:80 - create IPUIPlugin
2024-01-19 11:46:17,975 [INFO] IPUIPlugin:80 - create IPUIPlugin
2024-01-19 11:46:17,976 [INFO] IPUIPlugin:80 - create IPUIPlugin
2024-01-19 11:46:17,976 [INFO] IPUIPlugin:80 - create IPUIPlugin
2024-01-19 11:46:17,976 [INFO] IPUIPlugin:80 - create IPUIPlugin
2024-01-19 11:46:17,976 [INFO] IPUIPlugin:80 - create IPUIPlugin
2024-01-19 11:46:17,976 [INFO] IPUIPlugin:80 - create IPUIPlugin
2024-01-19 11:46:17,976 [INFO] IPUIPlugin:80 - create IPUIPlugin
2024-01-19 11:46:17,976 [INFO] IPUIPlugin:80 - create IPUIPlugin
2024-01-19 11:46:17,977 [INFO] IPUIPlugin:80 - create IPUIPlugin
2024-01-19 11:46:17,977 [INFO] IPUIPlugin:80 - create IPUIPlugin
2024-01-19 11:46:17,977 [INFO] IPUIPlugin:80 - create IPUIPlugin
2024-01-19 11:46:17,977 [INFO] IPUIPlugin:80 - create IPUIPlugin
2024-01-19 11:46:17,978 [INFO] IPUIPlugin:80 - create IPUIPlugin
2024-01-19 11:46:17,978 [INFO] IPUIPlugin:80 - create IPUIPlugin
2024-01-19 11:46:17,978 [INFO] IPUIPlugin:80 - create IPUIPlugin
2024-01-19 11:46:17,979 [INFO] IPUIPlugin:80 - create IPUIPlugin
2024-01-19 11:46:17,979 [INFO] IPUIPlugin:80 - create IPUIPlugin
2024-01-19 11:46:17,983 [INFO] IPUIPlugin:80 - create IPUIPlugin
2024-01-19 11:46:17,984 [INFO] IPUIPlugin:80 - create IPUIPlugin
2024-01-19 11:46:17,985 [INFO] IPUIPlugin:80 - create IPUIPlugin
2024-01-19 11:46:18,048 [INFO] ApiDbMcu:507 - Load IP Config File for PDM2PCM
2024-01-19 11:46:18,290 [INFO] CADModel:165 - CPN selected for project levelSTM32F429ZIT6
2024-01-19 11:46:18,290 [INFO] CADModel:114 - Register for checkConnection events
2024-01-19 11:46:18,340 [INFO] OpenFileManager:328 - Restore cursor
2024-01-19 11:47:55,545 [INFO] NvicIntPanel:101 - NVIC parent = com.st.microxplorer.plugins.ip.nvic.MultiNvicIntPanel[,0,0,0x0,invalid,layout=javax.swing.BoxLayout,alignmentX=0.0,alignmentY=0.0,border=,flags=9,maximumSize=,minimumSize=,preferredSize=]
2024-01-19 11:48:08,485 [INFO] NvicIntPanel:101 - NVIC parent = com.st.microxplorer.plugins.ip.nvic.MultiNvicIntPanel[,0,0,0x0,invalid,layout=javax.swing.BoxLayout,alignmentX=0.0,alignmentY=0.0,border=,flags=9,maximumSize=,minimumSize=,preferredSize=]
2024-01-19 11:48:08,548 [INFO] NvicIntPanel:101 - NVIC parent = com.st.microxplorer.plugins.ip.nvic.MultiNvicIntPanel[,0,0,0x0,invalid,layout=javax.swing.BoxLayout,alignmentX=0.0,alignmentY=0.0,border=,flags=9,maximumSize=,minimumSize=,preferredSize=]
2024-01-19 11:48:41,964 [INFO] NvicIntPanel:101 - NVIC parent = com.st.microxplorer.plugins.ip.nvic.MultiNvicIntPanel[,0,0,0x0,invalid,layout=javax.swing.BoxLayout,alignmentX=0.0,alignmentY=0.0,border=,flags=9,maximumSize=,minimumSize=,preferredSize=]
2024-01-19 11:48:42,137 [INFO] NvicIntPanel:101 - NVIC parent = com.st.microxplorer.plugins.ip.nvic.MultiNvicIntPanel[,0,0,0x0,invalid,layout=javax.swing.BoxLayout,alignmentX=0.0,alignmentY=0.0,border=,flags=9,maximumSize=,minimumSize=,preferredSize=]
2024-01-19 11:48:59,268 [INFO] NvicIntPanel:101 - NVIC parent = com.st.microxplorer.plugins.ip.nvic.MultiNvicIntPanel[,0,0,0x0,invalid,layout=javax.swing.BoxLayout,alignmentX=0.0,alignmentY=0.0,border=,flags=9,maximumSize=,minimumSize=,preferredSize=]
2024-01-19 11:48:59,437 [INFO] NvicIntPanel:101 - NVIC parent = com.st.microxplorer.plugins.ip.nvic.MultiNvicIntPanel[,0,0,0x0,invalid,layout=javax.swing.BoxLayout,alignmentX=0.0,alignmentY=0.0,border=,flags=9,maximumSize=,minimumSize=,preferredSize=]
2024-01-19 11:49:09,158 [INFO] NvicIntPanel:101 - NVIC parent = com.st.microxplorer.plugins.ip.nvic.MultiNvicIntPanel[,0,0,0x0,invalid,layout=javax.swing.BoxLayout,alignmentX=0.0,alignmentY=0.0,border=,flags=9,maximumSize=,minimumSize=,preferredSize=]
2024-01-19 11:49:09,319 [INFO] NvicIntPanel:101 - NVIC parent = com.st.microxplorer.plugins.ip.nvic.MultiNvicIntPanel[,0,0,0x0,invalid,layout=javax.swing.BoxLayout,alignmentX=0.0,alignmentY=0.0,border=,flags=9,maximumSize=,minimumSize=,preferredSize=]
2024-01-19 11:50:07,302 [INFO] UtilMem:75 - End SaveConfig() Used Memory: 641376720 Bytes (735051776)
2024-01-19 11:50:10,405 [INFO] UtilMem:75 - End SaveConfig() Used Memory: 634587416 Bytes (735051776)
2024-01-19 11:50:10,543 [INFO] UtilMem:75 - End SaveConfig() Used Memory: 659231000 Bytes (735051776)
2024-01-19 11:50:10,994 [INFO] BlockDiagram:2759 - set Specific Code input for plugin: TIM1_8
2024-01-19 11:50:10,995 [INFO] BlockDiagram:2759 - set Specific Code input for plugin: TIM1_8
2024-01-19 11:50:10,995 [INFO] BlockDiagram:2759 - set Specific Code input for plugin: TIM1_8
2024-01-19 11:50:10,995 [INFO] BlockDiagram:2759 - set Specific Code input for plugin: TIM1_8
2024-01-19 11:50:10,995 [INFO] BlockDiagram:2759 - set Specific Code input for plugin: SYS
2024-01-19 11:50:10,995 [INFO] BlockDiagram:2759 - set Specific Code input for plugin: RCC
2024-01-19 11:50:10,995 [INFO] BlockDiagram:2759 - set Specific Code input for plugin: I2C
2024-01-19 11:50:10,995 [INFO] BlockDiagram:2759 - set Specific Code input for plugin: RTC
2024-01-19 11:50:10,995 [INFO] BlockDiagram:2759 - set Specific Code input for plugin: USB_OTG_FS
2024-01-19 11:50:10,995 [INFO] BlockDiagram:2759 - set Specific Code input for plugin: NVIC
2024-01-19 11:50:10,996 [INFO] BlockDiagram:2759 - set Specific Code input for plugin: USART
2024-01-19 11:50:10,996 [INFO] BlockDiagram:2759 - set Specific Code input for plugin: USART
2024-01-19 11:50:10,996 [INFO] BlockDiagram:2759 - set Specific Code input for plugin: TIM1_8
2024-01-19 11:50:10,996 [INFO] BlockDiagram:2759 - set Specific Code input for plugin: TIM1_8
2024-01-19 11:50:11,006 [INFO] BlockDiagram:2759 - set Specific Code input for plugin: GPIO
2024-01-19 11:50:11,006 [INFO] BlockDiagram:2759 - set Specific Code input for plugin: ETH
2024-01-19 11:50:11,009 [INFO] CodeGenerator:793 - code generatio: config db path: C:\ST\STM32CubeIDE_1.12.0\STM32CubeIDE\plugins\com.st.stm32cube.common.mx_6.8.0.202302231600\\db\
2024-01-19 11:50:11,304 [INFO] CodeEngine:255 - oldGeneratedFile, C:\ParkJinWuk\source\STM32F429ZI\11.DOTMATRIX_STEPMOTOR\MXTmpFiles\license.tmp_save
2024-01-19 11:50:11,620 [INFO] CodeEngine:279 - Generated code: C:\ParkJinWuk\source\STM32F429ZI\11.DOTMATRIX_STEPMOTOR\MXTmpFiles\license.tmp
2024-01-19 11:50:11,702 [INFO] CodeEngine:255 - oldGeneratedFile, C:\ParkJinWuk\source\STM32F429ZI\11.DOTMATRIX_STEPMOTOR\MXTmpFiles\gpio.tmp_save
2024-01-19 11:50:11,836 [INFO] CodeEngine:279 - Generated code: C:\ParkJinWuk\source\STM32F429ZI\11.DOTMATRIX_STEPMOTOR\MXTmpFiles\gpio.tmp
2024-01-19 11:50:12,487 [WARN] IPConfigManager:2937 - Warning: the RefConfig PWREx_EnableUSBVoltageDetector is not available in your config.xml file
2024-01-19 11:50:12,525 [INFO] CodeEngine:255 - oldGeneratedFile, C:\ParkJinWuk\source\STM32F429ZI\11.DOTMATRIX_STEPMOTOR\Core\Src\stm32f4xx_it.c_save
2024-01-19 11:50:12,711 [INFO] CodeEngine:279 - Generated code: C:\ParkJinWuk\source\STM32F429ZI\11.DOTMATRIX_STEPMOTOR\Core\Src\stm32f4xx_it.c
2024-01-19 11:50:12,738 [INFO] CodeEngine:255 - oldGeneratedFile, C:\ParkJinWuk\source\STM32F429ZI\11.DOTMATRIX_STEPMOTOR\Core\Inc\stm32f4xx_it.h_save
2024-01-19 11:50:12,846 [INFO] CodeEngine:279 - Generated code: C:\ParkJinWuk\source\STM32F429ZI\11.DOTMATRIX_STEPMOTOR\Core\Inc\stm32f4xx_it.h
2024-01-19 11:50:12,867 [INFO] CodeEngine:255 - oldGeneratedFile, C:\ParkJinWuk\source\STM32F429ZI\11.DOTMATRIX_STEPMOTOR\Core\Src\stm32f4xx_hal_msp.c_save
2024-01-19 11:50:13,040 [INFO] CodeEngine:279 - Generated code: C:\ParkJinWuk\source\STM32F429ZI\11.DOTMATRIX_STEPMOTOR\Core\Src\stm32f4xx_hal_msp.c
2024-01-19 11:50:13,051 [INFO] CodeEngine:255 - oldGeneratedFile, C:\ParkJinWuk\source\STM32F429ZI\11.DOTMATRIX_STEPMOTOR\MXTmpFiles\system.tmp_save
2024-01-19 11:50:13,098 [INFO] CodeEngine:279 - Generated code: C:\ParkJinWuk\source\STM32F429ZI\11.DOTMATRIX_STEPMOTOR\MXTmpFiles\system.tmp
2024-01-19 11:50:13,114 [INFO] CodeEngine:311 - oldGeneratedFile, C:\ParkJinWuk\source\STM32F429ZI\11.DOTMATRIX_STEPMOTOR\Core\Inc\stm32f4xx_hal_conf.h_save
2024-01-19 11:50:13,180 [INFO] CodeEngine:335 - Generated code: C:\ParkJinWuk\source\STM32F429ZI\11.DOTMATRIX_STEPMOTOR\Core\Inc\stm32f4xx_hal_conf.h
2024-01-19 11:50:13,209 [WARN] IPConfigManager:3431 - IP not found : TIM
2024-01-19 11:50:13,209 [WARN] IPConfigManager:3431 - IP not found : USB_OTG
2024-01-19 11:50:13,211 [WARN] CodeGenerator:3754 - IP not found : null
2024-01-19 11:50:13,211 [WARN] CodeGenerator:3754 - IP not found : null
2024-01-19 11:50:13,224 [INFO] CodeEngine:255 - oldGeneratedFile, C:\ParkJinWuk\source\STM32F429ZI\11.DOTMATRIX_STEPMOTOR\Core\Inc\main.h_save
2024-01-19 11:50:13,302 [INFO] CodeEngine:279 - Generated code: C:\ParkJinWuk\source\STM32F429ZI\11.DOTMATRIX_STEPMOTOR\Core\Inc\main.h
2024-01-19 11:50:13,322 [INFO] CodeEngine:255 - oldGeneratedFile, C:\ParkJinWuk\source\STM32F429ZI\11.DOTMATRIX_STEPMOTOR\Core\Src\main.c_save
2024-01-19 11:50:13,518 [INFO] CodeEngine:279 - Generated code: C:\ParkJinWuk\source\STM32F429ZI\11.DOTMATRIX_STEPMOTOR\Core\Src\main.c
2024-01-19 11:50:14,054 [INFO] ProjectBuilder:2996 - Time for Copy HAL[1] : 129mS.
2024-01-19 11:50:14,062 [INFO] ProjectBuilder:4304 - Project Generator version: 3.19.2
2024-01-19 11:50:14,274 [INFO] ConfigFileManager:1483 - The Die is : DIE419
2024-01-19 11:50:14,283 [INFO] ApiDbMcu:507 - Load IP Config File for FATFS
2024-01-19 11:50:14,293 [INFO] ApiDbMcu:507 - Load IP Config File for FREERTOS
2024-01-19 11:50:14,300 [INFO] ApiDbMcu:507 - Load IP Config File for LIBJPEG
2024-01-19 11:50:14,311 [INFO] ApiDbMcu:507 - Load IP Config File for LWIP
2024-01-19 11:50:14,319 [INFO] ApiDbMcu:507 - Load IP Config File for MBEDTLS
2024-01-19 11:50:14,331 [INFO] ApiDbMcu:507 - Load IP Config File for USB_DEVICE
2024-01-19 11:50:14,341 [INFO] ApiDbMcu:507 - Load IP Config File for USB_HOST
2024-01-19 11:50:15,206 [INFO] LogOutputStream:77 - [STDOUT_REDIRECT] 
2024-01-19 11:50:16,308 [INFO] ProjectBuilder:4505 - Time for Generating toolchain IDE Files: 2246mS.
2024-01-19 11:50:16,309 [INFO] ProjectBuilder:2867 - Time for Copy CMSIS : 1mS.
2024-01-19 11:50:16,310 [INFO] ProjectBuilder:2867 - Time for Copy CMSIS : 0mS.
2024-01-19 16:26:48,177 [INFO] NvicIntPanel:101 - NVIC parent = com.st.microxplorer.plugins.ip.nvic.MultiNvicIntPanel[,0,0,0x0,invalid,layout=javax.swing.BoxLayout,alignmentX=0.0,alignmentY=0.0,border=,flags=9,maximumSize=,minimumSize=,preferredSize=]
2024-01-19 16:26:48,329 [INFO] NvicIntPanel:101 - NVIC parent = com.st.microxplorer.plugins.ip.nvic.MultiNvicIntPanel[,0,0,0x0,invalid,layout=javax.swing.BoxLayout,alignmentX=0.0,alignmentY=0.0,border=,flags=9,maximumSize=,minimumSize=,preferredSize=]
2024-01-19 16:28:05,375 [INFO] NvicIntPanel:101 - NVIC parent = com.st.microxplorer.plugins.ip.nvic.MultiNvicIntPanel[,0,0,0x0,invalid,layout=javax.swing.BoxLayout,alignmentX=0.0,alignmentY=0.0,border=,flags=9,maximumSize=,minimumSize=,preferredSize=]
2024-01-19 16:28:05,529 [INFO] NvicIntPanel:101 - NVIC parent = com.st.microxplorer.plugins.ip.nvic.MultiNvicIntPanel[,0,0,0x0,invalid,layout=javax.swing.BoxLayout,alignmentX=0.0,alignmentY=0.0,border=,flags=9,maximumSize=,minimumSize=,preferredSize=]
2024-01-19 16:28:16,183 [INFO] NvicIntPanel:101 - NVIC parent = com.st.microxplorer.plugins.ip.nvic.MultiNvicIntPanel[,0,0,0x0,invalid,layout=javax.swing.BoxLayout,alignmentX=0.0,alignmentY=0.0,border=,flags=9,maximumSize=,minimumSize=,preferredSize=]
2024-01-19 16:28:16,365 [INFO] NvicIntPanel:101 - NVIC parent = com.st.microxplorer.plugins.ip.nvic.MultiNvicIntPanel[,0,0,0x0,invalid,layout=javax.swing.BoxLayout,alignmentX=0.0,alignmentY=0.0,border=,flags=9,maximumSize=,minimumSize=,preferredSize=]
2024-01-19 16:30:33,715 [INFO] UtilMem:75 - End SaveConfig() Used Memory: 646090504 Bytes (1003487232)
2024-01-19 16:30:35,989 [INFO] UtilMem:75 - End SaveConfig() Used Memory: 688102472 Bytes (1003487232)
2024-01-19 16:30:36,115 [INFO] UtilMem:75 - End SaveConfig() Used Memory: 717917752 Bytes (1003487232)
2024-01-19 16:30:36,297 [INFO] BlockDiagram:2759 - set Specific Code input for plugin: TIM1_8
2024-01-19 16:30:36,298 [INFO] BlockDiagram:2759 - set Specific Code input for plugin: TIM1_8
2024-01-19 16:30:36,298 [INFO] BlockDiagram:2759 - set Specific Code input for plugin: TIM1_8
2024-01-19 16:30:36,298 [INFO] BlockDiagram:2759 - set Specific Code input for plugin: TIM1_8
2024-01-19 16:30:36,298 [INFO] BlockDiagram:2759 - set Specific Code input for plugin: SYS
2024-01-19 16:30:36,298 [INFO] BlockDiagram:2759 - set Specific Code input for plugin: RCC
2024-01-19 16:30:36,298 [INFO] BlockDiagram:2759 - set Specific Code input for plugin: I2C
2024-01-19 16:30:36,298 [INFO] BlockDiagram:2759 - set Specific Code input for plugin: RTC
2024-01-19 16:30:36,298 [INFO] BlockDiagram:2759 - set Specific Code input for plugin: USB_OTG_FS
2024-01-19 16:30:36,298 [INFO] BlockDiagram:2759 - set Specific Code input for plugin: NVIC
2024-01-19 16:30:36,298 [INFO] BlockDiagram:2759 - set Specific Code input for plugin: USART
2024-01-19 16:30:36,298 [INFO] BlockDiagram:2759 - set Specific Code input for plugin: USART
2024-01-19 16:30:36,298 [INFO] BlockDiagram:2759 - set Specific Code input for plugin: TIM1_8
2024-01-19 16:30:36,298 [INFO] BlockDiagram:2759 - set Specific Code input for plugin: TIM1_8
2024-01-19 16:30:36,298 [INFO] BlockDiagram:2759 - set Specific Code input for plugin: GPIO
2024-01-19 16:30:36,298 [INFO] BlockDiagram:2759 - set Specific Code input for plugin: ETH
2024-01-19 16:30:36,299 [INFO] CodeGenerator:793 - code generatio: config db path: C:\ST\STM32CubeIDE_1.12.0\STM32CubeIDE\plugins\com.st.stm32cube.common.mx_6.8.0.202302231600\\db\
2024-01-19 16:30:36,480 [INFO] CodeEngine:255 - oldGeneratedFile, C:\ParkJinWuk\source\STM32F429ZI\11.DOTMATRIX_STEPMOTOR\MXTmpFiles\license.tmp_save
2024-01-19 16:30:36,567 [INFO] CodeEngine:279 - Generated code: C:\ParkJinWuk\source\STM32F429ZI\11.DOTMATRIX_STEPMOTOR\MXTmpFiles\license.tmp
2024-01-19 16:30:36,642 [INFO] CodeEngine:255 - oldGeneratedFile, C:\ParkJinWuk\source\STM32F429ZI\11.DOTMATRIX_STEPMOTOR\MXTmpFiles\gpio.tmp_save
2024-01-19 16:30:36,721 [INFO] CodeEngine:279 - Generated code: C:\ParkJinWuk\source\STM32F429ZI\11.DOTMATRIX_STEPMOTOR\MXTmpFiles\gpio.tmp
2024-01-19 16:30:37,383 [WARN] IPConfigManager:2937 - Warning: the RefConfig PWREx_EnableUSBVoltageDetector is not available in your config.xml file
2024-01-19 16:30:37,418 [INFO] CodeEngine:255 - oldGeneratedFile, C:\ParkJinWuk\source\STM32F429ZI\11.DOTMATRIX_STEPMOTOR\Core\Src\stm32f4xx_it.c_save
2024-01-19 16:30:37,565 [INFO] CodeEngine:279 - Generated code: C:\ParkJinWuk\source\STM32F429ZI\11.DOTMATRIX_STEPMOTOR\Core\Src\stm32f4xx_it.c
2024-01-19 16:30:37,577 [INFO] CodeEngine:255 - oldGeneratedFile, C:\ParkJinWuk\source\STM32F429ZI\11.DOTMATRIX_STEPMOTOR\Core\Inc\stm32f4xx_it.h_save
2024-01-19 16:30:37,621 [INFO] CodeEngine:279 - Generated code: C:\ParkJinWuk\source\STM32F429ZI\11.DOTMATRIX_STEPMOTOR\Core\Inc\stm32f4xx_it.h
2024-01-19 16:30:37,636 [INFO] CodeEngine:255 - oldGeneratedFile, C:\ParkJinWuk\source\STM32F429ZI\11.DOTMATRIX_STEPMOTOR\Core\Src\stm32f4xx_hal_msp.c_save
2024-01-19 16:30:37,754 [INFO] CodeEngine:279 - Generated code: C:\ParkJinWuk\source\STM32F429ZI\11.DOTMATRIX_STEPMOTOR\Core\Src\stm32f4xx_hal_msp.c
2024-01-19 16:30:37,766 [INFO] CodeEngine:255 - oldGeneratedFile, C:\ParkJinWuk\source\STM32F429ZI\11.DOTMATRIX_STEPMOTOR\MXTmpFiles\system.tmp_save
2024-01-19 16:30:37,805 [INFO] CodeEngine:279 - Generated code: C:\ParkJinWuk\source\STM32F429ZI\11.DOTMATRIX_STEPMOTOR\MXTmpFiles\system.tmp
2024-01-19 16:30:37,821 [INFO] CodeEngine:311 - oldGeneratedFile, C:\ParkJinWuk\source\STM32F429ZI\11.DOTMATRIX_STEPMOTOR\Core\Inc\stm32f4xx_hal_conf.h_save
2024-01-19 16:30:37,879 [INFO] CodeEngine:335 - Generated code: C:\ParkJinWuk\source\STM32F429ZI\11.DOTMATRIX_STEPMOTOR\Core\Inc\stm32f4xx_hal_conf.h
2024-01-19 16:30:37,894 [WARN] IPConfigManager:3431 - IP not found : TIM
2024-01-19 16:30:37,894 [WARN] IPConfigManager:3431 - IP not found : USB_OTG
2024-01-19 16:30:37,894 [WARN] CodeGenerator:3754 - IP not found : null
2024-01-19 16:30:37,895 [WARN] CodeGenerator:3754 - IP not found : null
2024-01-19 16:30:37,907 [INFO] CodeEngine:255 - oldGeneratedFile, C:\ParkJinWuk\source\STM32F429ZI\11.DOTMATRIX_STEPMOTOR\Core\Inc\main.h_save
2024-01-19 16:30:37,972 [INFO] CodeEngine:279 - Generated code: C:\ParkJinWuk\source\STM32F429ZI\11.DOTMATRIX_STEPMOTOR\Core\Inc\main.h
2024-01-19 16:30:37,989 [INFO] CodeEngine:255 - oldGeneratedFile, C:\ParkJinWuk\source\STM32F429ZI\11.DOTMATRIX_STEPMOTOR\Core\Src\main.c_save
2024-01-19 16:30:38,122 [INFO] CodeEngine:279 - Generated code: C:\ParkJinWuk\source\STM32F429ZI\11.DOTMATRIX_STEPMOTOR\Core\Src\main.c
2024-01-19 16:30:38,563 [INFO] ProjectBuilder:2996 - Time for Copy HAL[1] : 91mS.
2024-01-19 16:30:38,565 [INFO] ProjectBuilder:4304 - Project Generator version: 3.19.2
2024-01-19 16:30:38,735 [INFO] ConfigFileManager:1483 - The Die is : DIE419
2024-01-19 16:30:39,757 [INFO] ProjectBuilder:4505 - Time for Generating toolchain IDE Files: 1192mS.
2024-01-19 16:30:39,758 [INFO] ProjectBuilder:2867 - Time for Copy CMSIS : 1mS.
2024-01-19 16:30:39,760 [INFO] ProjectBuilder:2867 - Time for Copy CMSIS : 0mS.
