2023-10-18 09:12:14,898 [INFO] Activator:176 - 


2023-10-18 09:12:14,902 [INFO] Activator:177 - !SESSION log4j initialized
2023-10-18 09:12:18,225 [INFO] LogOutputStream:77 - [STDOUT_REDIRECT] 
2023-10-18 09:12:39,381 [ERROR] LogOutputStream:75 - [STDERR_REDIRECT] SLF4J: Failed to load class "org.slf4j.impl.StaticLoggerBinder".
2023-10-18 09:12:39,382 [ERROR] LogOutputStream:75 - [STDERR_REDIRECT] SLF4J: Defaulting to no-operation (NOP) logger implementation
2023-10-18 09:12:39,383 [ERROR] LogOutputStream:75 - [STDERR_REDIRECT] SLF4J: See http://www.slf4j.org/codes.html#StaticLoggerBinder for further details.
2023-10-18 11:35:48,945 [INFO] ApplicationProperties:184 - Using Application install path: C:\ST\STM32CubeIDE_1.12.0\STM32CubeIDE\plugins\com.st.stm32cube.common.mx_6.8.0.202302231600
2023-10-18 11:35:48,963 [INFO] DbMcusXml:78 - Set database path to: C:\ST\STM32CubeIDE_1.12.0\STM32CubeIDE\plugins\com.st.stm32cube.common.mx_6.8.0.202302231600\\db\/mcu/
2023-10-18 11:35:48,963 [INFO] ApiDb:274 - Set plugin database path to: C:\ST\STM32CubeIDE_1.12.0\STM32CubeIDE\plugins\com.st.stm32cube.common.mx_6.8.0.202302231600\\db\/plugins/boardmanager/
2023-10-18 11:35:48,964 [WARN] ApiDb:259 - Overriding images path with different value:  => C:\ST\STM32CubeIDE_1.12.0\STM32CubeIDE\plugins\com.st.stm32cube.common.mx_6.8.0.202302231600\\db\/plugins/mcufinder/images/
2023-10-18 11:35:48,972 [INFO] ApiDb:250 - Set database path to: C:\Users\USER\.stmcufinder\plugins\mcufinder//mcu/
2023-10-18 11:35:48,973 [INFO] DbMcusAds:125 - Set database path to: C:\Users\USER\.stmcufinder\plugins\mcufinder//mcu/
2023-10-18 11:35:49,021 [INFO] CrossReferenceDbSqlite:203 - Set database path to: C:\Users\USER\.stmcufinder\plugins\mcufinder//mcu/cs/
2023-10-18 11:35:49,095 [INFO] RulesReader:64 - Compatibility file has been processed (293 Rules)
2023-10-18 11:35:49,146 [INFO] DbMcusXml:78 - Set database path to: C:\ST\STM32CubeIDE_1.12.0\STM32CubeIDE\plugins\com.st.stm32cube.common.mx_6.8.0.202302231600\\db\/mcu/
2023-10-18 11:35:49,146 [INFO] ApiDb:274 - Set plugin database path to: C:\ST\STM32CubeIDE_1.12.0\STM32CubeIDE\plugins\com.st.stm32cube.common.mx_6.8.0.202302231600\\db\/plugins/boardmanager/
2023-10-18 11:35:49,146 [INFO] ApiDb:261 - Set plugin images path to: C:\ST\STM32CubeIDE_1.12.0\STM32CubeIDE\plugins\com.st.stm32cube.common.mx_6.8.0.202302231600\\db\/plugins/mcufinder/images/
2023-10-18 11:35:49,147 [WARN] DbFile:41 - Overriding database path with different value: C:\Users\USER\.stmcufinder\plugins\mcufinder/ => C:\Users\USER\.stmcufinder\plugins\mcufinder
2023-10-18 11:35:49,147 [INFO] ApiDb:250 - Set database path to: C:\Users\USER\.stmcufinder\plugins\mcufinder//mcu/
2023-10-18 11:35:49,147 [WARN] DbFile:41 - Overriding database path with different value: C:\Users\USER\.stmcufinder\plugins\mcufinder/ => C:\Users\USER\.stmcufinder\plugins\mcufinder
2023-10-18 11:35:49,147 [INFO] DbMcusAds:125 - Set database path to: C:\Users\USER\.stmcufinder\plugins\mcufinder//mcu/
2023-10-18 11:35:49,147 [WARN] DbFile:41 - Overriding database path with different value: C:\Users\USER\.stmcufinder\plugins\mcufinder/ => C:\Users\USER\.stmcufinder\plugins\mcufinder
2023-10-18 11:35:49,147 [WARN] DbFile:41 - Overriding database path with different value: C:\Users\USER\.stmcufinder\plugins\mcufinder/ => C:\Users\USER\.stmcufinder\plugins\mcufinder
2023-10-18 11:35:49,147 [INFO] CrossReferenceDbSqlite:203 - Set database path to: C:\Users\USER\.stmcufinder\plugins\mcufinder//mcu/cs/
2023-10-18 11:35:49,194 [INFO] MainPanel:253 - HeapMemory: 514850816
2023-10-18 11:35:49,260 [INFO] DbMcusXml:78 - Set database path to: C:\ST\STM32CubeIDE_1.12.0\STM32CubeIDE\plugins\com.st.stm32cube.common.mx_6.8.0.202302231600\\db\/mcu/
2023-10-18 11:35:49,261 [INFO] ApiDb:274 - Set plugin database path to: C:\ST\STM32CubeIDE_1.12.0\STM32CubeIDE\plugins\com.st.stm32cube.common.mx_6.8.0.202302231600\\db\/plugins/boardmanager/
2023-10-18 11:35:49,261 [INFO] ApiDb:261 - Set plugin images path to: C:\ST\STM32CubeIDE_1.12.0\STM32CubeIDE\plugins\com.st.stm32cube.common.mx_6.8.0.202302231600\\db\/plugins/mcufinder/images/
2023-10-18 11:35:49,261 [WARN] DbFile:41 - Overriding database path with different value: C:\Users\USER\.stmcufinder\plugins\mcufinder/ => C:\Users\USER\.stmcufinder\plugins\mcufinder
2023-10-18 11:35:49,261 [INFO] ApiDb:250 - Set database path to: C:\Users\USER\.stmcufinder\plugins\mcufinder//mcu/
2023-10-18 11:35:49,261 [WARN] DbFile:41 - Overriding database path with different value: C:\Users\USER\.stmcufinder\plugins\mcufinder/ => C:\Users\USER\.stmcufinder\plugins\mcufinder
2023-10-18 11:35:49,261 [INFO] DbMcusAds:125 - Set database path to: C:\Users\USER\.stmcufinder\plugins\mcufinder//mcu/
2023-10-18 11:35:49,261 [WARN] DbFile:41 - Overriding database path with different value: C:\Users\USER\.stmcufinder\plugins\mcufinder/ => C:\Users\USER\.stmcufinder\plugins\mcufinder
2023-10-18 11:35:49,261 [WARN] DbFile:41 - Overriding database path with different value: C:\Users\USER\.stmcufinder\plugins\mcufinder/ => C:\Users\USER\.stmcufinder\plugins\mcufinder
2023-10-18 11:35:49,261 [INFO] CrossReferenceDbSqlite:203 - Set database path to: C:\Users\USER\.stmcufinder\plugins\mcufinder//mcu/cs/
2023-10-18 11:35:49,275 [INFO] ApplicationProperties:184 - Using Application install path: C:\ST\STM32CubeIDE_1.12.0\STM32CubeIDE\plugins\com.st.stm32cube.common.mx_6.8.0.202302231600
2023-10-18 11:35:49,276 [INFO] PluginManage:196 - Search for loadable plugins [exclusion list=, ]
2023-10-18 11:35:49,277 [INFO] PluginManage:310 - Check plugin analytics
2023-10-18 11:35:49,402 [INFO] AnalyticsPlugin:253 - Accepted Software Licenses: 
2023-10-18 11:35:49,402 [INFO] AnalyticsPlugin:255 - Accepted CMSIS Pack Licenses: 
2023-10-18 11:35:49,403 [INFO] AnalyticsPlugin:257 - Accepted Firmware Licenses: FW.F4.1.27.0
2023-10-18 11:35:49,407 [INFO] PluginManage:359 - Loaded plugin analytics (category:tool,tabindex:-1)
2023-10-18 11:35:49,407 [INFO] PluginManage:310 - Check plugin cadmodel
2023-10-18 11:35:49,419 [INFO] CADModel:105 - Init CAD model plugin
2023-10-18 11:35:49,420 [INFO] PluginManage:359 - Loaded plugin cadmodel (category:power,tabindex:5)
2023-10-18 11:35:49,420 [INFO] PluginManage:310 - Check plugin clock
2023-10-18 11:35:49,436 [INFO] PluginManage:359 - Loaded plugin clock (category:base,tabindex:2)
2023-10-18 11:35:49,436 [INFO] PluginManage:310 - Check plugin ddr
2023-10-18 11:35:49,438 [INFO] PluginManage:359 - Loaded plugin ddr (category:tool,tabindex:6)
2023-10-18 11:35:49,438 [INFO] PluginManage:310 - Check plugin filemanager
2023-10-18 11:35:49,575 [INFO] PluginManage:359 - Loaded plugin filemanager (category:base,tabindex:10)
2023-10-18 11:35:49,575 [INFO] PluginManage:310 - Check plugin ipmanager
2023-10-18 11:35:49,581 [INFO] PluginManage:359 - Loaded plugin ipmanager (category:base,tabindex:5)
2023-10-18 11:35:49,581 [INFO] PluginManage:310 - Check plugin lpbam
2023-10-18 11:35:49,596 [INFO] PluginManage:359 - Loaded plugin lpbam (category:base,tabindex:0)
2023-10-18 11:35:49,596 [INFO] PluginManage:310 - Check plugin pinoutandconfiguration
2023-10-18 11:35:49,608 [INFO] PluginManage:359 - Loaded plugin pinoutandconfiguration (category:base,tabindex:1)
2023-10-18 11:35:49,608 [INFO] PluginManage:310 - Check plugin pinoutconfig
2023-10-18 11:35:49,689 [WARN] SupportedApi:132 - Cannot load RTOS API schema: s4s-elt-must-match.1: The content of 'definitions' must match (annotation?, (simpleType | complexType)?, (unique | key | keyref)*)). A problem was found starting at: attribute.
2023-10-18 11:35:49,794 [INFO] PluginManage:359 - Loaded plugin pinoutconfig (category:base,tabindex:0)
2023-10-18 11:35:49,794 [INFO] PluginManage:310 - Check plugin power
2023-10-18 11:35:49,807 [INFO] PluginManage:359 - Loaded plugin power (category:power,tabindex:4)
2023-10-18 11:35:49,807 [INFO] PluginManage:310 - Check plugin projectmanager
2023-10-18 11:35:49,819 [INFO] PluginManage:359 - Loaded plugin projectmanager (category:projectmanager,tabindex:3)
2023-10-18 11:35:49,819 [INFO] PluginManage:310 - Check plugin thirdparty
2023-10-18 11:35:49,968 [INFO] PluginManage:359 - Loaded plugin thirdparty (category:base,tabindex:-1)
2023-10-18 11:35:49,968 [INFO] PluginManage:310 - Check plugin tools
2023-10-18 11:35:49,968 [WARN] IntegrityCheckThread:84 - waiting for thirdparty lock release [integrity check]
2023-10-18 11:35:49,968 [INFO] IntegrityCheckThread:86 - entering critical section [integrity check]
2023-10-18 11:35:49,969 [INFO] ThirdPartyUpdaterWithRetryManager:70 - Updater plugin not ready yet. [1/15]
2023-10-18 11:35:49,987 [INFO] PluginManage:359 - Loaded plugin tools (category:base,tabindex:7)
2023-10-18 11:35:49,987 [INFO] PluginManage:310 - Check plugin tutovideos
2023-10-18 11:35:50,139 [INFO] PluginManage:359 - Loaded plugin tutovideos (category:base,tabindex:-1)
2023-10-18 11:35:50,139 [INFO] PluginManage:310 - Check plugin updater
2023-10-18 11:35:50,150 [INFO] PluginManage:359 - Loaded plugin updater (category:base,tabindex:12)
2023-10-18 11:35:50,150 [INFO] PluginManage:283 - PluginManage : Loaded plugins [15]
2023-10-18 11:35:50,330 [INFO] PinOutPanel:1499 - setPackage(No Configuration,No Configuration)
2023-10-18 11:35:50,396 [INFO] CADModel:165 - CPN selected for project level
2023-10-18 11:35:50,396 [INFO] CADModel:114 - Register for checkConnection events
2023-10-18 11:35:50,417 [INFO] IPUIPlugin:80 - create IPUIPlugin
2023-10-18 11:35:50,417 [INFO] PluginManager:220 - loadIPPluginJar : add adc
2023-10-18 11:35:50,441 [INFO] IPUIPlugin:80 - create IPUIPlugin
2023-10-18 11:35:50,441 [INFO] PluginManager:220 - loadIPPluginJar : add aes
2023-10-18 11:35:50,470 [INFO] IPUIPlugin:80 - create IPUIPlugin
2023-10-18 11:35:50,470 [INFO] PluginManager:220 - loadIPPluginJar : add can
2023-10-18 11:35:50,486 [INFO] IPUIPlugin:80 - create IPUIPlugin
2023-10-18 11:35:50,486 [INFO] PluginManager:220 - loadIPPluginJar : add comp
2023-10-18 11:35:50,507 [INFO] IPUIPlugin:80 - create IPUIPlugin
2023-10-18 11:35:50,507 [INFO] PluginManager:220 - loadIPPluginJar : add cryp
2023-10-18 11:35:50,525 [INFO] IPUIPlugin:80 - create IPUIPlugin
2023-10-18 11:35:50,525 [INFO] PluginManager:220 - loadIPPluginJar : add dfsdm
2023-10-18 11:35:50,535 [INFO] IPUIPlugin:80 - create IPUIPlugin
2023-10-18 11:35:50,535 [INFO] PluginManager:220 - loadIPPluginJar : add dma
2023-10-18 11:35:50,562 [INFO] IPUIPlugin:80 - create IPUIPlugin
2023-10-18 11:35:50,562 [INFO] PluginManager:220 - loadIPPluginJar : add dma3
2023-10-18 11:35:50,575 [INFO] IPUIPlugin:80 - create IPUIPlugin
2023-10-18 11:35:50,575 [INFO] PluginManager:220 - loadIPPluginJar : add fatfs
2023-10-18 11:35:50,603 [INFO] IPUIPlugin:80 - create IPUIPlugin
2023-10-18 11:35:50,603 [INFO] PluginManager:220 - loadIPPluginJar : add fmc
2023-10-18 11:35:50,613 [INFO] IPUIPlugin:80 - create IPUIPlugin
2023-10-18 11:35:50,613 [INFO] PluginManager:220 - loadIPPluginJar : add freertos
2023-10-18 11:35:50,627 [INFO] IPUIPlugin:80 - create IPUIPlugin
2023-10-18 11:35:50,627 [INFO] PluginManager:220 - loadIPPluginJar : add genericplugin
2023-10-18 11:35:50,680 [INFO] IPUIPlugin:80 - create IPUIPlugin
2023-10-18 11:35:50,681 [INFO] PluginManager:220 - loadIPPluginJar : add gfxmmu
2023-10-18 11:35:50,756 [INFO] IPUIPlugin:80 - create IPUIPlugin
2023-10-18 11:35:50,756 [INFO] PluginManager:220 - loadIPPluginJar : add gic
2023-10-18 11:35:50,765 [INFO] IPUIPlugin:80 - create IPUIPlugin
2023-10-18 11:35:50,765 [INFO] PluginManager:220 - loadIPPluginJar : add gpio
2023-10-18 11:35:50,821 [INFO] IPUIPlugin:80 - create IPUIPlugin
2023-10-18 11:35:50,822 [INFO] PluginManager:220 - loadIPPluginJar : add gtzc
2023-10-18 11:35:50,841 [INFO] IPUIPlugin:80 - create IPUIPlugin
2023-10-18 11:35:50,841 [INFO] PluginManager:220 - loadIPPluginJar : add hash
2023-10-18 11:35:50,872 [INFO] IPUIPlugin:80 - create IPUIPlugin
2023-10-18 11:35:50,872 [INFO] PluginManager:220 - loadIPPluginJar : add i2c
2023-10-18 11:35:50,896 [INFO] IPUIPlugin:80 - create IPUIPlugin
2023-10-18 11:35:50,896 [INFO] PluginManager:220 - loadIPPluginJar : add i2s
2023-10-18 11:35:50,920 [INFO] IPUIPlugin:80 - create IPUIPlugin
2023-10-18 11:35:50,920 [INFO] PluginManager:220 - loadIPPluginJar : add i3c
2023-10-18 11:35:50,980 [INFO] IPUIPlugin:80 - create IPUIPlugin
2023-10-18 11:35:50,980 [INFO] PluginManager:220 - loadIPPluginJar : add ipddr
2023-10-18 11:35:51,035 [INFO] IPUIPlugin:80 - create IPUIPlugin
2023-10-18 11:35:51,035 [INFO] PluginManager:220 - loadIPPluginJar : add linkedlist
2023-10-18 11:35:51,056 [INFO] IPUIPlugin:80 - create IPUIPlugin
2023-10-18 11:35:51,056 [INFO] PluginManager:220 - loadIPPluginJar : add lorawan
2023-10-18 11:35:51,079 [INFO] IPUIPlugin:80 - create IPUIPlugin
2023-10-18 11:35:51,079 [INFO] PluginManager:220 - loadIPPluginJar : add ltdc
2023-10-18 11:35:51,089 [INFO] IPUIPlugin:80 - create IPUIPlugin
2023-10-18 11:35:51,089 [INFO] PluginManager:220 - loadIPPluginJar : add mdma
2023-10-18 11:35:51,098 [INFO] IPUIPlugin:80 - create IPUIPlugin
2023-10-18 11:35:51,098 [INFO] PluginManager:220 - loadIPPluginJar : add nvic
2023-10-18 11:35:51,122 [INFO] IPUIPlugin:80 - create IPUIPlugin
2023-10-18 11:35:51,122 [INFO] PluginManager:220 - loadIPPluginJar : add opamp
2023-10-18 11:35:51,161 [INFO] IPUIPlugin:80 - create IPUIPlugin
2023-10-18 11:35:51,162 [INFO] PluginManager:220 - loadIPPluginJar : add openamp
2023-10-18 11:35:51,188 [INFO] IPUIPlugin:80 - create IPUIPlugin
2023-10-18 11:35:51,188 [INFO] PluginManager:220 - loadIPPluginJar : add pdm2pcm
2023-10-18 11:35:51,198 [INFO] IPUIPlugin:80 - create IPUIPlugin
2023-10-18 11:35:51,200 [INFO] PluginManager:220 - loadIPPluginJar : add plateformsettings
2023-10-18 11:35:51,213 [INFO] IPUIPlugin:80 - create IPUIPlugin
2023-10-18 11:35:51,214 [INFO] PluginManager:220 - loadIPPluginJar : add quadspi
2023-10-18 11:35:51,224 [INFO] IPUIPlugin:80 - create IPUIPlugin
2023-10-18 11:35:51,224 [INFO] PluginManager:220 - loadIPPluginJar : add resmgrutility
2023-10-18 11:35:51,252 [INFO] IPUIPlugin:80 - create IPUIPlugin
2023-10-18 11:35:51,252 [INFO] PluginManager:220 - loadIPPluginJar : add sai
2023-10-18 11:35:51,275 [INFO] IPUIPlugin:80 - create IPUIPlugin
2023-10-18 11:35:51,275 [INFO] PluginManager:220 - loadIPPluginJar : add spi
2023-10-18 11:35:51,307 [INFO] IPUIPlugin:80 - create IPUIPlugin
2023-10-18 11:35:51,307 [INFO] PluginManager:220 - loadIPPluginJar : add stm32_wpan
2023-10-18 11:35:51,322 [INFO] IPUIPlugin:80 - create IPUIPlugin
2023-10-18 11:35:51,322 [INFO] PluginManager:220 - loadIPPluginJar : add tim
2023-10-18 11:35:51,355 [INFO] IPUIPlugin:80 - create IPUIPlugin
2023-10-18 11:35:51,355 [INFO] PluginManager:220 - loadIPPluginJar : add touchsensing
2023-10-18 11:35:51,369 [INFO] IPUIPlugin:80 - create IPUIPlugin
2023-10-18 11:35:51,369 [INFO] PluginManager:220 - loadIPPluginJar : add tracer_emb
2023-10-18 11:35:51,383 [INFO] IPUIPlugin:80 - create IPUIPlugin
2023-10-18 11:35:51,383 [INFO] PluginManager:220 - loadIPPluginJar : add ts
2023-10-18 11:35:51,397 [INFO] IPUIPlugin:80 - create IPUIPlugin
2023-10-18 11:35:51,397 [INFO] PluginManager:220 - loadIPPluginJar : add tsc
2023-10-18 11:35:51,410 [INFO] IPUIPlugin:80 - create IPUIPlugin
2023-10-18 11:35:51,411 [INFO] PluginManager:220 - loadIPPluginJar : add ucpd
2023-10-18 11:35:51,436 [INFO] IPUIPlugin:80 - create IPUIPlugin
2023-10-18 11:35:51,436 [INFO] PluginManager:220 - loadIPPluginJar : add usart
2023-10-18 11:35:51,461 [INFO] IPUIPlugin:80 - create IPUIPlugin
2023-10-18 11:35:51,461 [INFO] PluginManager:220 - loadIPPluginJar : add usbx
2023-10-18 11:35:51,570 [INFO] CADModel:165 - CPN selected for project level
2023-10-18 11:35:51,570 [INFO] CADModel:114 - Register for checkConnection events
2023-10-18 11:35:51,570 [FATAL] Updater:308 - Updater called before beeing initialized
2023-10-18 11:35:51,570 [ERROR] CADModel:125 - Updater not yet initialized, retry later 
2023-10-18 11:35:51,677 [INFO] CADModel:165 - CPN selected for project level
2023-10-18 11:35:51,677 [INFO] CADModel:114 - Register for checkConnection events
2023-10-18 11:35:51,677 [FATAL] Updater:308 - Updater called before beeing initialized
2023-10-18 11:35:51,677 [ERROR] CADModel:125 - Updater not yet initialized, retry later 
2023-10-18 11:35:51,680 [FATAL] Updater:308 - Updater called before beeing initialized
2023-10-18 11:35:51,757 [FATAL] Updater:308 - Updater called before beeing initialized
2023-10-18 11:35:51,766 [INFO] DbMcusAds:53 - JSON generation date=Tue Mar 07 17:50:55 KST 2023 (1678179055114)
2023-10-18 11:35:51,766 [FATAL] Updater:308 - Updater called before beeing initialized
2023-10-18 11:35:51,815 [WARN] DetailPanel:346 - Failed to get advertising image, set to default
2023-10-18 11:35:51,883 [FATAL] Updater:308 - Updater called before beeing initialized
2023-10-18 11:35:51,884 [FATAL] Updater:308 - Updater called before beeing initialized
2023-10-18 11:35:51,885 [FATAL] Updater:308 - Updater called before beeing initialized
2023-10-18 11:35:51,885 [WARN] DetailPanel:346 - Failed to get advertising image, set to default
2023-10-18 11:35:51,885 [FATAL] Updater:308 - Updater called before beeing initialized
2023-10-18 11:35:51,928 [ERROR] Updater:1120 - MainUpdater not yet initialized. External WinMGr cannot be set.
2023-10-18 11:35:51,936 [INFO] Updater:1056 - Updater Version found : 6.8.0
2023-10-18 11:35:51,952 [INFO] ApplicationProperties:184 - Using Application install path: C:\ST\STM32CubeIDE_1.12.0\STM32CubeIDE\plugins\com.st.stm32cube.common.mx_6.8.0.202302231600
2023-10-18 11:35:52,133 [INFO] MainUpdater:2854 - connection check result : 10
2023-10-18 11:35:52,133 [INFO] MainUpdater:283 - Updater Check For Update Now.
2023-10-18 11:35:52,133 [INFO] MicroXplorer:498 - Change Database Version : DB.6.0.80
2023-10-18 11:35:52,303 [INFO] CheckServerUpdateThread:120 - End of CheckServer Thread
2023-10-18 11:35:52,361 [INFO] MainUpdater:2854 - connection check result : 10
2023-10-18 11:35:52,366 [INFO] MainUpdater:2854 - connection check result : 10
2023-10-18 11:35:52,472 [INFO] MicroXplorer:468 - Change Database Path : 
2023-10-18 11:35:52,472 [INFO] MicroXplorer:498 - Change Database Version : DB.6.0.80
2023-10-18 11:35:52,473 [WARN] ThirdParty:871 - waiting for thirdparty lock release [close project]
2023-10-18 11:35:53,075 [WARN] PackLoader:240 - Cannot read IP mode file for STMicroelectronics.X-CUBE-SMBUS.2.1.0
2023-10-18 11:35:53,100 [WARN] PackLoader:240 - Cannot read IP mode file for STMicroelectronics.X-CUBE-AZRTOS-F7.1.1.0
2023-10-18 11:35:53,111 [WARN] PackLoader:240 - Cannot read IP mode file for STMicroelectronics.FP-SNS-MOTENV1.4.3.2
2023-10-18 11:35:53,120 [WARN] PackLoader:240 - Cannot read IP mode file for STMicroelectronics.FP-SNS-FLIGHT1.5.0.2
2023-10-18 11:35:53,131 [WARN] PackLoader:240 - Cannot read IP mode file for STMicroelectronics.X-CUBE-DISPLAY.3.0.0
2023-10-18 11:35:53,147 [WARN] PackLoader:240 - Cannot read IP mode file for STMicroelectronics.X-CUBE-BLE1.7.0.0
2023-10-18 11:35:53,155 [WARN] PackLoader:240 - Cannot read IP mode file for emotas.I-CUBE-CANOPEN.1.3.0
2023-10-18 11:35:53,163 [WARN] PackLoader:240 - Cannot read IP mode file for STMicroelectronics.X-CUBE-TOUCHGFX.4.22.1
2023-10-18 11:35:53,169 [WARN] PackLoader:240 - Cannot read IP mode file for STMicroelectronics.FP-SNS-SMARTAG2.1.2.0
2023-10-18 11:35:53,182 [INFO] LogOutputStream:77 - [STDOUT_REDIRECT] 1 : Invalid condition id : UX_CORESTACK_Condition cause : null
2023-10-18 11:35:53,182 [INFO] LogOutputStream:77 - [STDOUT_REDIRECT] 1 : Invalid condition id : UX_CORESTACK_Condition cause : null
2023-10-18 11:35:53,183 [INFO] LogOutputStream:77 - [STDOUT_REDIRECT] 1 : Invalid condition id : UX_CORESTACK_Condition cause : null
2023-10-18 11:35:53,184 [INFO] LogOutputStream:77 - [STDOUT_REDIRECT] 1 : Invalid condition id : UX_CORESTACK_Condition cause : null
2023-10-18 11:35:53,184 [INFO] LogOutputStream:77 - [STDOUT_REDIRECT] 1 : Invalid condition id : UX_CORESTACK_Condition cause : null
2023-10-18 11:35:53,186 [WARN] PackLoader:240 - Cannot read IP mode file for STMicroelectronics.X-CUBE-AZRTOS-WL.2.0.0
2023-10-18 11:35:53,196 [WARN] PackLoader:240 - Cannot read IP mode file for WES.I-CUBE-Cesium.1.3.0
2023-10-18 11:35:53,203 [WARN] PackLoader:240 - Cannot read IP mode file for STMicroelectronics.X-CUBE-BLE2.3.3.0
2023-10-18 11:35:53,211 [WARN] PackLoader:240 - Cannot read IP mode file for STMicroelectronics.X-CUBE-ALGOBUILD.1.3.0
2023-10-18 11:35:53,229 [WARN] PackLoader:240 - Cannot read IP mode file for STMicroelectronics.X-CUBE-AZRTOS-G0.1.1.0
2023-10-18 11:35:53,239 [WARN] PackLoader:240 - Cannot read IP mode file for STMicroelectronics.X-CUBE-NFC4.3.0.0
2023-10-18 11:35:53,247 [WARN] PackLoader:240 - Cannot read IP mode file for STMicroelectronics.FP-ATR-SIGFOX1.3.2.0
2023-10-18 11:35:53,276 [WARN] PackLoader:240 - Cannot read IP mode file for SEGGER.I-CUBE-embOS.1.3.1
2023-10-18 11:35:53,318 [WARN] PackLoader:240 - Cannot read IP mode file for STMicroelectronics.X-CUBE-GNSS1.6.0.0
2023-10-18 11:35:53,342 [WARN] PackLoader:240 - Cannot read IP mode file for STMicroelectronics.X-CUBE-AZRTOS-F4.1.1.0
2023-10-18 11:35:53,355 [WARN] PackLoader:240 - Cannot read IP mode file for wolfSSL.I-CUBE-wolfSSL.5.6.3
2023-10-18 11:35:53,383 [WARN] PackLoader:240 - Cannot read IP mode file for STMicroelectronics.X-CUBE-AZRTOS-L5.2.0.0
2023-10-18 11:35:53,432 [WARN] PackLoader:240 - Cannot read IP mode file for STMicroelectronics.X-CUBE-MEMS1.9.6.0
2023-10-18 11:35:53,572 [WARN] PackLoader:240 - Cannot read IP mode file for ITTIA_DB.I-CUBE-ITTIADB.8.8.0
2023-10-18 11:35:53,584 [WARN] PackLoader:240 - Cannot read IP mode file for STMicroelectronics.X-CUBE-BLEMGR.2.0.0
2023-10-18 11:35:53,614 [WARN] ConditionMgr:438 - getConditionDescription Invalid condition id : UX DEVICE CLASS RTOS Condition cause : null
2023-10-18 11:35:53,615 [WARN] ConditionMgr:438 - getConditionDescription Invalid condition id : UX DEVICE CLASS RTOS Condition cause : null
2023-10-18 11:35:53,618 [WARN] PackLoader:240 - Cannot read IP mode file for STMicroelectronics.X-CUBE-AZRTOS-H7.3.1.0
2023-10-18 11:35:53,619 [WARN] ConditionMgr:1039 - genDependencies : Invalid condition id : UX DEVICE CLASS RTOS Condition cause : null
2023-10-18 11:35:53,619 [WARN] ConditionMgr:1039 - genDependencies : Invalid condition id : UX DEVICE CLASS RTOS Condition cause : null
2023-10-18 11:35:53,620 [WARN] ConditionMgr:1039 - genDependencies : Invalid condition id : UX DEVICE CLASS RTOS Condition cause : null
2023-10-18 11:35:53,620 [WARN] ConditionMgr:1039 - genDependencies : Invalid condition id : UX DEVICE CLASS RTOS Condition cause : null
2023-10-18 11:35:53,620 [WARN] ConditionMgr:1039 - genDependencies : Invalid condition id : UX DEVICE CLASS RTOS Condition cause : null
2023-10-18 11:35:53,635 [WARN] PackLoader:240 - Cannot read IP mode file for STMicroelectronics.X-CUBE-NFC7.1.0.1
2023-10-18 11:35:53,648 [WARN] PackLoader:240 - Cannot read IP mode file for STMicroelectronics.X-CUBE-NFC6.3.0.0
2023-10-18 11:35:53,660 [WARN] PackLoader:240 - Cannot read IP mode file for STMicroelectronics.X-CUBE-EEPRMA1.4.1.0
2023-10-18 11:35:53,671 [WARN] PackLoader:240 - Cannot read IP mode file for STMicroelectronics.X-CUBE-AI.8.1.0
2023-10-18 11:35:53,690 [WARN] ConditionMgr:438 - getConditionDescription Invalid condition id : LAN8742 Phy interface Condition cause : null
2023-10-18 11:35:53,691 [WARN] PackLoader:240 - Cannot read IP mode file for STMicroelectronics.X-CUBE-AZRTOS-L4.2.0.0
2023-10-18 11:35:53,695 [WARN] ConditionMgr:1039 - genDependencies : Invalid condition id : LAN8742 Phy interface Condition cause : null
2023-10-18 11:35:53,695 [WARN] ConditionMgr:1039 - genDependencies : Invalid condition id : LAN8742 Phy interface Condition cause : null
2023-10-18 11:35:53,695 [WARN] ConditionMgr:1039 - genDependencies : Invalid condition id : LAN8742 Phy interface Condition cause : null
2023-10-18 11:35:53,707 [WARN] PackLoader:240 - Cannot read IP mode file for STMicroelectronics.X-CUBE-SFXS2LP1.4.0.0
2023-10-18 11:35:53,715 [WARN] PackLoader:240 - Cannot read IP mode file for STMicroelectronics.X-CUBE-ISPU.1.1.0
2023-10-18 11:35:53,730 [WARN] ConditionMgr:438 - getConditionDescription Invalid condition id : UX DEVICE CLASS RTOS Condition cause : null
2023-10-18 11:35:53,730 [WARN] ConditionMgr:438 - getConditionDescription Invalid condition id : UX DEVICE CLASS RTOS Condition cause : null
2023-10-18 11:35:53,731 [WARN] PackLoader:240 - Cannot read IP mode file for STMicroelectronics.X-CUBE-AZRTOS-WB.2.0.0
2023-10-18 11:35:53,732 [WARN] ConditionMgr:1039 - genDependencies : Invalid condition id : UX DEVICE CLASS RTOS Condition cause : null
2023-10-18 11:35:53,732 [WARN] ConditionMgr:1039 - genDependencies : Invalid condition id : UX DEVICE CLASS RTOS Condition cause : null
2023-10-18 11:35:53,732 [WARN] ConditionMgr:1039 - genDependencies : Invalid condition id : UX DEVICE CLASS RTOS Condition cause : null
2023-10-18 11:35:53,732 [WARN] ConditionMgr:1039 - genDependencies : Invalid condition id : UX DEVICE CLASS RTOS Condition cause : null
2023-10-18 11:35:53,732 [WARN] ConditionMgr:1039 - genDependencies : Invalid condition id : UX DEVICE CLASS RTOS Condition cause : null
2023-10-18 11:35:53,744 [WARN] PackLoader:240 - Cannot read IP mode file for STMicroelectronics.X-CUBE-SUBG2.5.0.0
2023-10-18 11:35:53,759 [WARN] PackLoader:240 - Cannot read IP mode file for STMicroelectronics.X-CUBE-TOF1.3.3.1
2023-10-18 11:35:53,785 [WARN] PackLoader:240 - Cannot read IP mode file for STMicroelectronics.X-CUBE-AZRTOS-G4.2.0.0
2023-10-18 11:35:53,802 [WARN] PackLoader:240 - Cannot read IP mode file for Infineon.AIROC-Wi-Fi-Bluetooth-STM32.1.5.1
2023-10-18 11:35:53,817 [WARN] PackLoader:240 - Cannot read IP mode file for STMicroelectronics.X-CUBE-FREERTOS.1.1.0
2023-10-18 11:35:53,832 [WARN] PackLoader:240 - Cannot read IP mode file for portGmbH.I-Cube-SoM-uGOAL.1.1.0
2023-10-18 11:35:53,844 [WARN] PackLoader:240 - Cannot read IP mode file for STMicroelectronics.X-CUBE-ALS.1.0.1
2023-10-18 11:35:53,854 [WARN] PackLoader:240 - Cannot read IP mode file for STMicroelectronics.FP-ATR-ASTRA1.2.0.0
2023-10-18 11:35:53,854 [INFO] ThirdParty:978 - Integrity check success = true
2023-10-18 11:35:53,855 [INFO] IntegrityCheckThread:100 - exiting critical section [integrity check]
2023-10-18 11:35:53,855 [INFO] IntegrityCheckThread:103 - End integrity checks thread
2023-10-18 11:35:53,855 [INFO] ThirdParty:873 - entering critical section [close project]
2023-10-18 11:35:53,856 [INFO] ThirdParty:883 - exiting critical section [close project]
2023-10-18 11:35:53,859 [INFO] PinOutPanel:1499 - setPackage(No Configuration,No Configuration)
2023-10-18 11:35:53,863 [INFO] UtilMem:75 - Begin LoadConfig() Used Memory: 516361224 Bytes (523239424)
2023-10-18 11:35:53,865 [INFO] MicroXplorer:468 - Change Database Path : 
2023-10-18 11:35:53,865 [INFO] MicroXplorer:498 - Change Database Version : DB.6.0.80
2023-10-18 11:35:53,865 [INFO] OpenFileManager:308 - Change cursor
2023-10-18 11:35:53,906 [INFO] Mcu:1937 - Initializing MCU STM32F429ZITx STM32F429ZITx STM32F429ZIT6
2023-10-18 11:35:55,342 [INFO] Context:659 - Trying to add GPIOservice into a context  which must be forbidden
2023-10-18 11:35:55,850 [INFO] RtosManager:555 - Registered RTOS mode: class=CMSIS, group=RTOS, mode=CMSIS_V1, owner=FREERTOS
2023-10-18 11:35:55,850 [INFO] RtosManager:555 - Registered RTOS mode: class=CMSIS, group=RTOS2, mode=CMSIS_V2, owner=FREERTOS
2023-10-18 11:35:55,850 [INFO] RtosManager:555 - Registered RTOS mode: class=RTOS, group=Core, mode=CMSIS_V1, owner=FREERTOS
2023-10-18 11:35:55,851 [INFO] RtosManager:555 - Registered RTOS mode: class=RTOS, group=Core, mode=CMSIS_V2, owner=FREERTOS
2023-10-18 11:35:55,851 [WARN] ModelIntegratedComponent:184 - Missing modes for component STMicroelectronics:FreeRTOS:0.0.1:STMicroelectronics:RTOS:FreeRTOS:Core:::10.2.0:
2023-10-18 11:35:55,860 [WARN] ModelIntegratedComponent:63 - No mode defined for component null
2023-10-18 11:35:55,860 [WARN] ModelIntegratedComponent:63 - No mode defined for component null
2023-10-18 11:35:55,860 [WARN] ModelIntegratedComponent:63 - No mode defined for component null
2023-10-18 11:35:55,860 [WARN] ModelIntegratedComponent:63 - No mode defined for component null
2023-10-18 11:35:55,860 [WARN] ModelIntegratedComponent:63 - No mode defined for component null
2023-10-18 11:35:55,860 [WARN] ModelIntegratedComponent:63 - No mode defined for component null
2023-10-18 11:35:55,860 [WARN] ModelIntegratedComponent:63 - No mode defined for component null
2023-10-18 11:35:55,860 [WARN] ModelIntegratedComponent:63 - No mode defined for component null
2023-10-18 11:35:55,860 [WARN] ModelIntegratedComponent:63 - No mode defined for component null
2023-10-18 11:35:55,860 [WARN] ModelIntegratedComponent:63 - No mode defined for component null
2023-10-18 11:35:55,860 [WARN] ModelIntegratedComponent:63 - No mode defined for component null
2023-10-18 11:35:55,860 [WARN] ModelIntegratedComponent:63 - No mode defined for component null
2023-10-18 11:35:55,860 [WARN] ModelIntegratedComponent:63 - No mode defined for component null
2023-10-18 11:35:55,860 [WARN] ModelIntegratedComponent:63 - No mode defined for component null
2023-10-18 11:35:55,860 [WARN] ModelIntegratedComponent:63 - No mode defined for component null
2023-10-18 11:35:55,861 [WARN] ModelIntegratedComponent:63 - No mode defined for component null
2023-10-18 11:35:55,861 [WARN] ModelIntegratedComponent:63 - No mode defined for component null
2023-10-18 11:35:55,861 [WARN] ModelIntegratedComponent:63 - No mode defined for component null
2023-10-18 11:35:55,861 [WARN] ModelIntegratedComponent:63 - No mode defined for component null
2023-10-18 11:35:55,861 [WARN] ModelIntegratedComponent:63 - No mode defined for component null
2023-10-18 11:35:55,861 [WARN] ModelIntegratedComponent:63 - No mode defined for component null
2023-10-18 11:35:55,861 [WARN] ModelIntegratedComponent:63 - No mode defined for component null
2023-10-18 11:35:55,861 [WARN] ModelIntegratedComponent:63 - No mode defined for component null
2023-10-18 11:35:55,861 [WARN] ModelIntegratedComponent:63 - No mode defined for component null
2023-10-18 11:35:55,861 [WARN] ModelIntegratedComponent:63 - No mode defined for component null
2023-10-18 11:35:55,861 [WARN] ModelIntegratedComponent:63 - No mode defined for component null
2023-10-18 11:35:55,861 [WARN] ModelIntegratedComponent:63 - No mode defined for component null
2023-10-18 11:35:55,861 [WARN] ModelIntegratedComponent:63 - No mode defined for component null
2023-10-18 11:35:55,861 [WARN] ModelIntegratedComponent:63 - No mode defined for component null
2023-10-18 11:35:55,861 [WARN] ModelIntegratedComponent:63 - No mode defined for component null
2023-10-18 11:35:55,861 [WARN] ModelIntegratedComponent:63 - No mode defined for component null
2023-10-18 11:35:55,861 [WARN] ModelIntegratedComponent:63 - No mode defined for component null
2023-10-18 11:35:55,861 [WARN] ModelIntegratedComponent:63 - No mode defined for component null
2023-10-18 11:35:55,878 [INFO] ThirdPartyModel:298 - Start build external matchings
2023-10-18 11:35:56,001 [INFO] ThirdPartyModel:316 - End build external matchings
2023-10-18 11:35:56,012 [INFO] ImportTextPane:194 - (OptionalMessage_ERROR) IP (RCC) : Invalid parameter (ADC12outputFreq_Value)
2023-10-18 11:35:56,012 [INFO] ImportTextPane:194 - (OptionalMessage_ERROR) IP (RCC) : Invalid parameter (ADC34outputFreq_Value)
2023-10-18 11:35:56,013 [INFO] ImportTextPane:194 - (OptionalMessage_ERROR) IP (RCC) : Invalid parameter (FamilyName)
2023-10-18 11:35:56,013 [INFO] ImportTextPane:194 - (OptionalMessage_ERROR) IP (RCC) : Invalid parameter (I2C1Freq_Value)
2023-10-18 11:35:56,013 [INFO] ImportTextPane:194 - (OptionalMessage_ERROR) IP (RCC) : Invalid parameter (I2C2Freq_Value)
2023-10-18 11:35:56,013 [INFO] ImportTextPane:194 - (OptionalMessage_ERROR) IP (RCC) : Invalid parameter (I2C3Freq_Value)
2023-10-18 11:35:56,014 [INFO] ImportTextPane:194 - (OptionalMessage_ERROR) IP (RCC) : Parameter (MCO2PinFreq_Value) has invalid value (168000000)
2023-10-18 11:35:56,014 [INFO] ImportTextPane:194 - (OptionalMessage_ERROR) IP (RCC) : Invalid parameter (MCOFreq_Value)
2023-10-18 11:35:56,014 [INFO] ImportTextPane:194 - (OptionalMessage_ERROR) IP (RCC) : Invalid parameter (PLLMCOFreq_Value)
2023-10-18 11:35:56,014 [INFO] ImportTextPane:194 - (OptionalMessage_ERROR) IP (RCC) : Invalid parameter (PLLMUL)
2023-10-18 11:35:56,014 [INFO] ImportTextPane:194 - (OptionalMessage_ERROR) IP (RCC) : Invalid parameter (PRESCALERUSB)
2023-10-18 11:35:56,014 [INFO] ImportTextPane:194 - (OptionalMessage_ERROR) IP (RCC) : Parameter (RTCHSEDivFreq_Value) has invalid value (4000000)
2023-10-18 11:35:56,014 [INFO] ImportTextPane:194 - (OptionalMessage_ERROR) IP (RCC) : Invalid parameter (SYSCLKSourceVirtual)
2023-10-18 11:35:56,014 [INFO] ImportTextPane:194 - (OptionalMessage_ERROR) IP (RCC) : Invalid parameter (TIM15Freq_Value)
2023-10-18 11:35:56,014 [INFO] ImportTextPane:194 - (OptionalMessage_ERROR) IP (RCC) : Invalid parameter (TIM16Freq_Value)
2023-10-18 11:35:56,014 [INFO] ImportTextPane:194 - (OptionalMessage_ERROR) IP (RCC) : Invalid parameter (TIM17Freq_Value)
2023-10-18 11:35:56,014 [INFO] ImportTextPane:194 - (OptionalMessage_ERROR) IP (RCC) : Invalid parameter (TIM1Freq_Value)
2023-10-18 11:35:56,014 [INFO] ImportTextPane:194 - (OptionalMessage_ERROR) IP (RCC) : Invalid parameter (TIM20Freq_Value)
2023-10-18 11:35:56,014 [INFO] ImportTextPane:194 - (OptionalMessage_ERROR) IP (RCC) : Invalid parameter (TIM2Freq_Value)
2023-10-18 11:35:56,014 [INFO] ImportTextPane:194 - (OptionalMessage_ERROR) IP (RCC) : Invalid parameter (TIM3Freq_Value)
2023-10-18 11:35:56,014 [INFO] ImportTextPane:194 - (OptionalMessage_ERROR) IP (RCC) : Invalid parameter (TIM8Freq_Value)
2023-10-18 11:35:56,014 [INFO] ImportTextPane:194 - (OptionalMessage_ERROR) IP (RCC) : Invalid parameter (UART4Freq_Value)
2023-10-18 11:35:56,014 [INFO] ImportTextPane:194 - (OptionalMessage_ERROR) IP (RCC) : Invalid parameter (UART5Freq_Value)
2023-10-18 11:35:56,015 [INFO] ImportTextPane:194 - (OptionalMessage_ERROR) IP (RCC) : Invalid parameter (USART1Freq_Value)
2023-10-18 11:35:56,015 [INFO] ImportTextPane:194 - (OptionalMessage_ERROR) IP (RCC) : Invalid parameter (USART2Freq_Value)
2023-10-18 11:35:56,015 [INFO] ImportTextPane:194 - (OptionalMessage_ERROR) IP (RCC) : Invalid parameter (USART3Freq_Value)
2023-10-18 11:35:56,015 [INFO] ImportTextPane:194 - (OptionalMessage_ERROR) IP (RCC) : Invalid parameter (USBFreq_Value)
2023-10-18 11:35:56,015 [INFO] ImportTextPane:194 - (OptionalMessage_ERROR) IP (RCC) : Invalid parameter (VCOOutput2Freq_Value)
2023-10-18 11:35:56,302 [INFO] UtilMem:75 - End LoadConfig() Used Memory: 539344048 Bytes (724566016)
2023-10-18 11:35:56,393 [INFO] ApiDb:581 - Connected to CubeFinder SQLite database (C:\Users\USER\.stmcufinder\plugins\mcufinder\mcu\cube-finder-db.db)
2023-10-18 11:35:56,437 [INFO] ApiDb:668 - CubeFinder database Data Model version=2.1
2023-10-18 11:35:56,437 [INFO] ApiDb:669 - CubeFinder database Configuration version=3.0.37
2023-10-18 11:35:56,437 [INFO] ApiDb:670 - CubeFinder database generation date=2023-08-09 (1691586011)
2023-10-18 11:35:56,437 [INFO] ApiDb:671 - CubeFinder database FW Pack versions=[FP-ATR-ASTRA1_V2.0.0, FP-SNS-FLIGHT1_V5.0.1, FP-SNS-FLIGHT1_V5.0.2, FP-SNS-MOTENV1_V4.3.1, FP-SNS-MOTENV1_V4.3.2, STM32Cube_FW_C0_V1.1.0, STM32Cube_FW_F4_V1.27.1, STM32Cube_FW_F7_V1.17.0, STM32Cube_FW_G0_V1.6.1, STM32Cube_FW_G4_V1.5.1, STM32Cube_FW_H5_V0.5.1, STM32Cube_FW_H5_V1.1.0, STM32Cube_FW_H7_V1.11.0, STM32Cube_FW_L0_V1.12.2, STM32Cube_FW_L5_V1.5.0, STM32Cube_FW_U5_V1.3.0, STM32Cube_FW_U5_V1.3.0RC4, STM32Cube_FW_WBA_V1.0.0RC1, STM32Cube_FW_WBA_V1.1.0, STM32Cube_FW_WBA_V1.1.0RC1, STM32Cube_FW_WB_V1.15.0RC1, STM32Cube_FW_WB_V1.16.0, STM32Cube_FW_WB_V1.16.0RC2, STM32Cube_FW_WB_V1.17.0, STM32Cube_FW_WL_V1.3.0, X-CUBE-ALGOBUILD_V1.3.0, X-CUBE-ALS_V1.0.1, X-CUBE-AZRTOS-F4_V1.1.0, X-CUBE-AZRTOS-F7_V1.1.0, X-CUBE-AZRTOS-G0_V1.1.0, X-CUBE-AZRTOS-G4_V2.0.0, X-CUBE-AZRTOS-H7_V3.1.0, X-CUBE-AZRTOS-L4_V1.0.0, X-CUBE-AZRTOS-L4_V2.0.0, X-CUBE-AZRTOS-L5_V1.1.0, X-CUBE-AZRTOS-WB_V1.1.0, X-CUBE-AZRTOS-WL_V2.0.0, X-CUBE-BLE1_V7.0.0, X-CUBE-BLE2_V3.3.0, X-CUBE-BLEMGR_V2.0.0, X-CUBE-EEPRMA1_V4.1.0, X-CUBE-FREERTOS_V1.1.0, X-CUBE-GNSS1_V6.0.0, X-CUBE-MEMS1_V9.1.0, X-CUBE-MEMS1_V9.4.0, X-CUBE-MEMS1_V9.6.0, X-CUBE-NFC4_V3.0.0, X-CUBE-NFC7_V1.0.0, X-CUBE-SFXS2LP1_V4.0.0, X-CUBE-SUBG2_V5.0.0, X-CUBE-TOF1_V3.3.1]
2023-10-18 11:35:57,762 [INFO] ApiDb:240 - Found 297 in-development CPN: [B-G473E-ZEST1S, B-WB1M-WPAN1, B-WL5M-SUBG1, NUCLEO-C031C6, NUCLEO-H503RB, NUCLEO-H563ZI, NUCLEO-U545RE-Q, NUCLEO-U5A5ZJ-Q, NUCLEO-WBA52CG, STEVAL-PROTEUS1, STEVAL-STWINBX1, STM320518-EVAL, STM32C0116-DK, STM32C011D6Y3TR, STM32C011D6Y6TR, STM32C011F4P3, STM32C011F4P6, STM32C011F4U3, STM32C011F4U6TR, STM32C011F6P3, STM32C011F6P6, STM32C011F6U3, STM32C011F6U6TR, STM32C011J4M3, STM32C011J4M6, STM32C011J6M3, STM32C011J6M6, STM32C0316-DK, STM32C031C4T3, STM32C031C4T6, STM32C031C4U3, STM32C031C4U6, STM32C031C6T3, STM32C031C6T6, STM32C031C6U3, STM32C031C6U6, STM32C031F4P3, STM32C031F4P6, STM32C031F6P3, STM32C031F6P6, STM32C031G4U3, STM32C031G4U6, STM32C031G6U3, STM32C031G6U6, STM32C031K4T3, STM32C031K4T6, STM32C031K4U3, STM32C031K4U6, STM32C031K6T3, STM32C031K6T6, STM32C031K6U3, STM32C031K6U6, STM32G071K8TXN, STM32G071K8UXN, STM32G081GBU6N, STM32G081KBT6N, STM32G081KBUXN, STM32G0B1CCT6N, STM32G0B1KCT6, STM32G0B1NEY6TR, STM32G0B1RCT6N, STM32G0C1CCT6, STM32G0C1CCT6N, STM32G0C1CCU6N, STM32G0C1CET6N, STM32G0C1CEU6N, STM32G0C1KCT6, STM32G0C1NEY6TR, STM32G0C1RCI6N, STM32G0C1RCT6N, STM32G0C1REI6N, STM32G0C1RET6N, STM32G0C1VCI6, STM32G0C1VEI6, STM32G471CCT6, STM32G471CCU6, STM32G471CET3, STM32G471CET6, STM32G471CEU3, STM32G471CEU6, STM32G471MCT6, STM32G471MET3, STM32G471MET6, STM32G471MEY6TR, STM32G471QCT6, STM32G471QET3, STM32G471RCT6, STM32G471RET3, STM32G471RET6, STM32G471VCH6, STM32G471VCI6, STM32G471VCT6, STM32G471VEH3, STM32G471VEH6, STM32G471VEI3, STM32G471VEI6, STM32G471VET3, STM32G471VET6, STM32G474CCT6, STM32H503CBT6, STM32H503CBU6, STM32H503EBY6TR, STM32H503KBU6, STM32H503RBT6, STM32H562AGI6, STM32H562AII6, STM32H562IGK6, STM32H562IGT6, STM32H562IIK6, STM32H562IIT6, STM32H562RGT6, STM32H562RGV6, STM32H562RIT6, STM32H562RIV6, STM32H562VGT6, STM32H562VIT6, STM32H562ZGT6, STM32H562ZIT6, STM32H563AGI6, STM32H563AII3Q, STM32H563AII6, STM32H563IGK6, STM32H563IGT6, STM32H563IIK3Q, STM32H563IIK6, STM32H563IIT3Q, STM32H563IIT6, STM32H563MIY3QTR, STM32H563RGT6, STM32H563RGV6, STM32H563RIT6, STM32H563RIV6, STM32H563VGT6, STM32H563VIT3Q, STM32H563VIT6, STM32H563ZGT6, STM32H563ZIT3Q, STM32H563ZIT6, STM32H573AII3Q, STM32H573AII6, STM32H573I-DK, STM32H573IIK3Q, STM32H573IIK6, STM32H573IIT3Q, STM32H573IIT6, STM32H573MIY3QTR, STM32H573RIT6, STM32H573RIV6, STM32H573VIT3Q, STM32H573VIT6, STM32H573ZIT3Q, STM32H573ZIT6, STM32L4R5QGI6STR, STM32MP131AAE3, STM32MP131AAF3, STM32MP131AAG3, STM32MP131CAE3, STM32MP131CAF3, STM32MP131CAG3, STM32MP131DAE7, STM32MP131DAF7, STM32MP131DAG7, STM32MP131FAE7, STM32MP131FAF7, STM32MP131FAG7, STM32MP133AAE3, STM32MP133AAF3, STM32MP133AAG3, STM32MP133CAE3, STM32MP133CAF3, STM32MP133CAG3, STM32MP133DAE7, STM32MP133DAF7, STM32MP133DAG7, STM32MP133FAE7, STM32MP133FAF7, STM32MP133FAG7, STM32MP135AAE3, STM32MP135AAF3, STM32MP135AAG3, STM32MP135CAE3, STM32MP135CAF3, STM32MP135CAG3, STM32MP135DAE7, STM32MP135DAF7, STM32MP135DAG7, STM32MP135F-DK, STM32MP135FAE7, STM32MP135FAF7, STM32MP135FAF7T, STM32MP135FAF7U, STM32MP135FAG7, STM32U535CBT6, STM32U535CBT6Q, STM32U535CBU6, STM32U535CBU6Q, STM32U535CCT6, STM32U535CCT6Q, STM32U535CCU6, STM32U535CCU6Q, STM32U535CET6, STM32U535CET6Q, STM32U535CEU6, STM32U535CEU6Q, STM32U535JEY6QTR, STM32U535NCY6QTR, STM32U535NEY6QTR, STM32U535RBI6, STM32U535RBI6Q, STM32U535RBT6, STM32U535RBT6Q, STM32U535RCI6, STM32U535RCI6Q, STM32U535RCT6, STM32U535RCT6Q, STM32U535REI6, STM32U535REI6Q, STM32U535RET6, STM32U535RET6Q, STM32U535VCI6, STM32U535VCI6Q, STM32U535VCT6, STM32U535VCT6Q, STM32U535VEI6, STM32U535VEI6Q, STM32U535VET6, STM32U535VET6Q, STM32U545CET6, STM32U545CET6Q, STM32U545CEU6, STM32U545CEU6Q, STM32U545JEY6QTR, STM32U545NEY6QTR, STM32U545REI6, STM32U545REI6Q, STM32U545RET6, STM32U545RET6Q, STM32U545VEI6, STM32U545VEI6Q, STM32U545VET6, STM32U545VET6Q, STM32U595AIH6, STM32U595AIH6Q, STM32U595AJH6, STM32U595AJH6Q, STM32U595QII6, STM32U595QII6Q, STM32U595QJI6, STM32U595QJI6Q, STM32U595RIT6, STM32U595RIT6Q, STM32U595RJT6, STM32U595RJT6Q, STM32U595VIT6, STM32U595VIT6Q, STM32U595VJT6, STM32U595VJT6Q, STM32U595ZIT6, STM32U595ZIT6Q, STM32U595ZIY6QTR, STM32U595ZJT6, STM32U595ZJT6Q, STM32U595ZJY6QTR, STM32U599BJY6QTR, STM32U599NIH6Q, STM32U599NJH6Q, STM32U599VIT6Q, STM32U599VJT6, STM32U599VJT6Q, STM32U599ZIT6Q, STM32U599ZIY6QTR, STM32U599ZJT6Q, STM32U599ZJY6QTR, STM32U5A5AJH6, STM32U5A5AJH6Q, STM32U5A5QJI6, STM32U5A5QJI6Q, STM32U5A5RJT6, STM32U5A5RJT6Q, STM32U5A5VJT6, STM32U5A5VJT6Q, STM32U5A5ZJT6, STM32U5A5ZJT6Q, STM32U5A5ZJY6QTR, STM32U5A9BJY6QTR, STM32U5A9J-DK, STM32U5A9NJH6Q, STM32U5A9VJT6Q, STM32U5A9ZJT6Q, STM32U5A9ZJY6QTR, STM32WB1MMCH6, STM32WBA52CEU6, STM32WBA52CEU6T, STM32WBA52CGU6, STM32WBA52CGU6T, STM32WL5MOCH6, STM32WL5MOCH6TR]
2023-10-18 11:35:57,765 [INFO] DbMcus:216 - Found 3825 MCUs, 3825 are supported
2023-10-18 11:35:57,766 [INFO] ApiDb:423 - Load user favorites file C:\Users\USER/.stm32cubeide/favorites.mcus.txt: 0 item(s)
2023-10-18 11:35:57,767 [INFO] ApiDb:427 - User favorites MCUs=[]
2023-10-18 11:35:57,767 [INFO] DbMcus:222 - Set 0 / 0 favorites MCUs
2023-10-18 11:35:58,005 [WARN] ThirdParty:833 - waiting for thirdparty lock release [change project]
2023-10-18 11:35:58,005 [INFO] ThirdParty:835 - entering critical section [change project]
2023-10-18 11:35:58,006 [INFO] ThirdParty:1030 - CMSIS Pack Vendor :STMicroelectronics X-CUBE-ISPU 1.1.0
2023-10-18 11:35:58,006 [INFO] ThirdParty:1030 - CMSIS Pack Vendor :STMicroelectronics X-CUBE-GNSS1 6.0.0
2023-10-18 11:35:58,006 [INFO] ThirdParty:1030 - CMSIS Pack Vendor :STMicroelectronics USB_HOST 2.0.0
2023-10-18 11:35:58,006 [INFO] ThirdParty:1030 - CMSIS Pack Vendor :STMicroelectronics X-CUBE-AZRTOS-F4 1.1.0
2023-10-18 11:35:58,006 [INFO] ThirdParty:1030 - CMSIS Pack Vendor :STMicroelectronics LIBJPEG 8.0.0
2023-10-18 11:35:58,006 [INFO] ThirdParty:1030 - CMSIS Pack Vendor :wolfSSL I-CUBE-wolfSSL 5.6.3
2023-10-18 11:35:58,006 [INFO] ThirdParty:1030 - CMSIS Pack Vendor :STMicroelectronics X-CUBE-SMBUS 2.1.0
2023-10-18 11:35:58,006 [INFO] ThirdParty:1030 - CMSIS Pack Vendor :STMicroelectronics USB_DEVICE 3.0.0
2023-10-18 11:35:58,006 [INFO] ThirdParty:1030 - CMSIS Pack Vendor :STMicroelectronics X-CUBE-AZRTOS-WB 2.0.0
2023-10-18 11:35:58,006 [INFO] ThirdParty:1030 - CMSIS Pack Vendor :STMicroelectronics X-CUBE-AZRTOS-F7 1.1.0
2023-10-18 11:35:58,006 [INFO] ThirdParty:1030 - CMSIS Pack Vendor :STMicroelectronics X-CUBE-AZRTOS-L5 2.0.0
2023-10-18 11:35:58,006 [INFO] ThirdParty:1030 - CMSIS Pack Vendor :STMicroelectronics USB_DEVICE 2.0.0
2023-10-18 11:35:58,006 [INFO] ThirdParty:1030 - CMSIS Pack Vendor :STMicroelectronics X-CUBE-MEMS1 9.6.0
2023-10-18 11:35:58,006 [INFO] ThirdParty:1030 - CMSIS Pack Vendor :ITTIA_DB I-CUBE-ITTIADB 8.8.0
2023-10-18 11:35:58,006 [INFO] ThirdParty:1030 - CMSIS Pack Vendor :STMicroelectronics FP-SNS-MOTENV1 4.3.2
2023-10-18 11:35:58,006 [INFO] ThirdParty:1030 - CMSIS Pack Vendor :STMicroelectronics X-CUBE-ALGOBUILD 1.3.0
2023-10-18 11:35:58,006 [INFO] ThirdParty:1030 - CMSIS Pack Vendor :STMicroelectronics FreeRTOS 0.0.1
2023-10-18 11:35:58,006 [INFO] ThirdParty:1030 - CMSIS Pack Vendor :STMicroelectronics X-CUBE-AZRTOS-G0 1.1.0
2023-10-18 11:35:58,006 [INFO] ThirdParty:1030 - CMSIS Pack Vendor :STMicroelectronics X-CUBE-BLEMGR 2.0.0
2023-10-18 11:35:58,006 [INFO] ThirdParty:1030 - CMSIS Pack Vendor :STMicroelectronics X-CUBE-NFC4 3.0.0
2023-10-18 11:35:58,006 [INFO] ThirdParty:1030 - CMSIS Pack Vendor :STMicroelectronics X-CUBE-SUBG2 5.0.0
2023-10-18 11:35:58,006 [INFO] ThirdParty:1030 - CMSIS Pack Vendor :STMicroelectronics STM32_WPAN 1.0.0
2023-10-18 11:35:58,006 [INFO] ThirdParty:1030 - CMSIS Pack Vendor :STMicroelectronics lwIP 2.0.3
2023-10-18 11:35:58,006 [INFO] ThirdParty:1030 - CMSIS Pack Vendor :STMicroelectronics FP-SNS-FLIGHT1 5.0.2
2023-10-18 11:35:58,006 [INFO] ThirdParty:1030 - CMSIS Pack Vendor :STMicroelectronics USB_HOST 1.0.0
2023-10-18 11:35:58,006 [INFO] ThirdParty:1030 - CMSIS Pack Vendor :STMicroelectronics X-CUBE-TOF1 3.3.1
2023-10-18 11:35:58,006 [INFO] ThirdParty:1030 - CMSIS Pack Vendor :STMicroelectronics X-CUBE-AZRTOS-G4 2.0.0
2023-10-18 11:35:58,006 [INFO] ThirdParty:1030 - CMSIS Pack Vendor :STMicroelectronics PDM2PCM 3.1.0
2023-10-18 11:35:58,006 [INFO] ThirdParty:1030 - CMSIS Pack Vendor :STMicroelectronics X-CUBE-AZRTOS-H7 3.1.0
2023-10-18 11:35:58,006 [INFO] ThirdParty:1030 - CMSIS Pack Vendor :Infineon AIROC-Wi-Fi-Bluetooth-STM32 1.5.1
2023-10-18 11:35:58,006 [INFO] ThirdParty:1030 - CMSIS Pack Vendor :STMicroelectronics PDM2PCM 3.3.0
2023-10-18 11:35:58,007 [INFO] ThirdParty:1030 - CMSIS Pack Vendor :STMicroelectronics X-CUBE-DISPLAY 3.0.0
2023-10-18 11:35:58,007 [INFO] ThirdParty:1030 - CMSIS Pack Vendor :STMicroelectronics X-CUBE-BLE1 7.0.0
2023-10-18 11:35:58,007 [INFO] ThirdParty:1030 - CMSIS Pack Vendor :STMicroelectronics FP-ATR-SIGFOX1 3.2.0
2023-10-18 11:35:58,007 [INFO] ThirdParty:1030 - CMSIS Pack Vendor :STMicroelectronics HAL Drivers 0.0.0
2023-10-18 11:35:58,007 [INFO] ThirdParty:1030 - CMSIS Pack Vendor :STMicroelectronics MBEDTLS 2.16.2
2023-10-18 11:35:58,007 [INFO] ThirdParty:1030 - CMSIS Pack Vendor :emotas I-CUBE-CANOPEN 1.3.0
2023-10-18 11:35:58,007 [INFO] ThirdParty:1030 - CMSIS Pack Vendor :STMicroelectronics X-CUBE-FREERTOS 1.1.0
2023-10-18 11:35:58,007 [INFO] ThirdParty:1030 - CMSIS Pack Vendor :STMicroelectronics X-CUBE-NFC7 1.0.1
2023-10-18 11:35:58,007 [INFO] ThirdParty:1030 - CMSIS Pack Vendor :STMicroelectronics MBEDTLS 2.14.1
2023-10-18 11:35:58,007 [INFO] ThirdParty:1030 - CMSIS Pack Vendor :STMicroelectronics X-CUBE-TOUCHGFX 4.22.1
2023-10-18 11:35:58,007 [INFO] ThirdParty:1030 - CMSIS Pack Vendor :STMicroelectronics X-CUBE-NFC6 3.0.0
2023-10-18 11:35:58,007 [INFO] ThirdParty:1030 - CMSIS Pack Vendor :STMicroelectronics X-CUBE-EEPRMA1 4.1.0
2023-10-18 11:35:58,007 [INFO] ThirdParty:1030 - CMSIS Pack Vendor :portGmbH I-Cube-SoM-uGOAL 1.1.0
2023-10-18 11:35:58,007 [INFO] ThirdParty:1030 - CMSIS Pack Vendor :STMicroelectronics X-CUBE-ALS 1.0.1
2023-10-18 11:35:58,007 [INFO] ThirdParty:1030 - CMSIS Pack Vendor :STMicroelectronics ThreadX 1.0.0
2023-10-18 11:35:58,007 [INFO] ThirdParty:1030 - CMSIS Pack Vendor :STMicroelectronics FP-SNS-SMARTAG2 1.2.0
2023-10-18 11:35:58,007 [INFO] ThirdParty:1030 - CMSIS Pack Vendor :STMicroelectronics X-CUBE-AZRTOS-WL 2.0.0
2023-10-18 11:35:58,007 [INFO] ThirdParty:1030 - CMSIS Pack Vendor :SEGGER I-CUBE-embOS 1.3.1
2023-10-18 11:35:58,008 [INFO] ThirdParty:1030 - CMSIS Pack Vendor :STMicroelectronics USB_DEVICE 1.0.0
2023-10-18 11:35:58,008 [INFO] ThirdParty:1030 - CMSIS Pack Vendor :STMicroelectronics X-CUBE-AI 8.1.0
2023-10-18 11:35:58,008 [INFO] ThirdParty:1030 - CMSIS Pack Vendor :STMicroelectronics X-CUBE-AZRTOS-L4 2.0.0
2023-10-18 11:35:58,008 [INFO] ThirdParty:1030 - CMSIS Pack Vendor :STMicroelectronics ThreadX 0.0.2
2023-10-18 11:35:58,008 [INFO] ThirdParty:1030 - CMSIS Pack Vendor :WES I-CUBE-Cesium 1.3.0
2023-10-18 11:35:58,008 [INFO] ThirdParty:1030 - CMSIS Pack Vendor :STMicroelectronics FP-ATR-ASTRA1 2.0.0
2023-10-18 11:35:58,008 [INFO] ThirdParty:1030 - CMSIS Pack Vendor :STMicroelectronics lwIP 2.1.2
2023-10-18 11:35:58,008 [INFO] ThirdParty:1030 - CMSIS Pack Vendor :STMicroelectronics X-CUBE-SFXS2LP1 4.0.0
2023-10-18 11:35:58,008 [INFO] ThirdParty:1030 - CMSIS Pack Vendor :STMicroelectronics X-CUBE-BLE2 3.3.0
2023-10-18 11:35:58,008 [INFO] ThirdParty:1030 - CMSIS Pack Vendor :STMicroelectronics PDM2PCM 3.2.0
2023-10-18 11:35:58,008 [INFO] ThirdParty:841 - exiting critical section [change project]
2023-10-18 11:35:58,347 [INFO] PinOutPanel:1499 - setPackage(No Configuration,No Configuration)
2023-10-18 11:35:58,348 [INFO] PinOutPanel:1499 - setPackage(STM32F429ZITx,LQFP144)
2023-10-18 11:35:58,769 [INFO] UtilMem:75 - Before build in PCC Used Memory: 567521096 Bytes (724566016)
2023-10-18 11:35:59,303 [INFO] UtilMem:75 - After build in PCC Used Memory: 592193272 Bytes (724566016)
2023-10-18 11:35:59,327 [INFO] IPUIPlugin:80 - create IPUIPlugin
2023-10-18 11:35:59,327 [INFO] IPUIPlugin:80 - create IPUIPlugin
2023-10-18 11:35:59,327 [INFO] IPUIPlugin:80 - create IPUIPlugin
2023-10-18 11:35:59,327 [INFO] IPUIPlugin:80 - create IPUIPlugin
2023-10-18 11:35:59,327 [INFO] IPUIPlugin:80 - create IPUIPlugin
2023-10-18 11:35:59,328 [INFO] IPUIPlugin:80 - create IPUIPlugin
2023-10-18 11:35:59,328 [INFO] IPUIPlugin:80 - create IPUIPlugin
2023-10-18 11:35:59,328 [INFO] IPUIPlugin:80 - create IPUIPlugin
2023-10-18 11:35:59,328 [INFO] IPUIPlugin:80 - create IPUIPlugin
2023-10-18 11:35:59,328 [INFO] IPUIPlugin:80 - create IPUIPlugin
2023-10-18 11:35:59,328 [INFO] IPUIPlugin:80 - create IPUIPlugin
2023-10-18 11:35:59,328 [INFO] IPUIPlugin:80 - create IPUIPlugin
2023-10-18 11:35:59,328 [INFO] IPUIPlugin:80 - create IPUIPlugin
2023-10-18 11:35:59,328 [INFO] IPUIPlugin:80 - create IPUIPlugin
2023-10-18 11:35:59,328 [INFO] IPUIPlugin:80 - create IPUIPlugin
2023-10-18 11:35:59,328 [INFO] IPUIPlugin:80 - create IPUIPlugin
2023-10-18 11:35:59,328 [INFO] IPUIPlugin:80 - create IPUIPlugin
2023-10-18 11:35:59,329 [INFO] IPUIPlugin:80 - create IPUIPlugin
2023-10-18 11:35:59,329 [INFO] IPUIPlugin:80 - create IPUIPlugin
2023-10-18 11:35:59,329 [INFO] IPUIPlugin:80 - create IPUIPlugin
2023-10-18 11:35:59,329 [INFO] IPUIPlugin:80 - create IPUIPlugin
2023-10-18 11:35:59,329 [INFO] IPUIPlugin:80 - create IPUIPlugin
2023-10-18 11:35:59,329 [INFO] IPUIPlugin:80 - create IPUIPlugin
2023-10-18 11:35:59,329 [INFO] IPUIPlugin:80 - create IPUIPlugin
2023-10-18 11:35:59,329 [INFO] IPUIPlugin:80 - create IPUIPlugin
2023-10-18 11:35:59,329 [INFO] IPUIPlugin:80 - create IPUIPlugin
2023-10-18 11:35:59,330 [INFO] IPUIPlugin:80 - create IPUIPlugin
2023-10-18 11:35:59,330 [INFO] IPUIPlugin:80 - create IPUIPlugin
2023-10-18 11:35:59,330 [INFO] IPUIPlugin:80 - create IPUIPlugin
2023-10-18 11:35:59,330 [INFO] IPUIPlugin:80 - create IPUIPlugin
2023-10-18 11:35:59,330 [INFO] IPUIPlugin:80 - create IPUIPlugin
2023-10-18 11:35:59,336 [INFO] IPUIPlugin:80 - create IPUIPlugin
2023-10-18 11:35:59,336 [INFO] IPUIPlugin:80 - create IPUIPlugin
2023-10-18 11:35:59,336 [INFO] IPUIPlugin:80 - create IPUIPlugin
2023-10-18 11:35:59,336 [INFO] IPUIPlugin:80 - create IPUIPlugin
2023-10-18 11:35:59,337 [INFO] IPUIPlugin:80 - create IPUIPlugin
2023-10-18 11:35:59,337 [INFO] IPUIPlugin:80 - create IPUIPlugin
2023-10-18 11:35:59,337 [INFO] IPUIPlugin:80 - create IPUIPlugin
2023-10-18 11:35:59,337 [INFO] IPUIPlugin:80 - create IPUIPlugin
2023-10-18 11:35:59,337 [INFO] IPUIPlugin:80 - create IPUIPlugin
2023-10-18 11:35:59,337 [INFO] IPUIPlugin:80 - create IPUIPlugin
2023-10-18 11:35:59,337 [INFO] IPUIPlugin:80 - create IPUIPlugin
2023-10-18 11:35:59,337 [INFO] IPUIPlugin:80 - create IPUIPlugin
2023-10-18 11:35:59,338 [INFO] IPUIPlugin:80 - create IPUIPlugin
2023-10-18 11:35:59,338 [INFO] IPUIPlugin:80 - create IPUIPlugin
2023-10-18 11:35:59,338 [INFO] IPUIPlugin:80 - create IPUIPlugin
2023-10-18 11:35:59,338 [INFO] IPUIPlugin:80 - create IPUIPlugin
2023-10-18 11:35:59,338 [INFO] IPUIPlugin:80 - create IPUIPlugin
2023-10-18 11:35:59,338 [INFO] IPUIPlugin:80 - create IPUIPlugin
2023-10-18 11:35:59,338 [INFO] IPUIPlugin:80 - create IPUIPlugin
2023-10-18 11:35:59,339 [INFO] IPUIPlugin:80 - create IPUIPlugin
2023-10-18 11:35:59,339 [INFO] IPUIPlugin:80 - create IPUIPlugin
2023-10-18 11:35:59,339 [INFO] IPUIPlugin:80 - create IPUIPlugin
2023-10-18 11:35:59,339 [INFO] IPUIPlugin:80 - create IPUIPlugin
2023-10-18 11:35:59,339 [INFO] IPUIPlugin:80 - create IPUIPlugin
2023-10-18 11:35:59,339 [INFO] IPUIPlugin:80 - create IPUIPlugin
2023-10-18 11:35:59,340 [INFO] IPUIPlugin:80 - create IPUIPlugin
2023-10-18 11:35:59,340 [INFO] IPUIPlugin:80 - create IPUIPlugin
2023-10-18 11:35:59,340 [INFO] IPUIPlugin:80 - create IPUIPlugin
2023-10-18 11:35:59,340 [INFO] IPUIPlugin:80 - create IPUIPlugin
2023-10-18 11:35:59,340 [INFO] IPUIPlugin:80 - create IPUIPlugin
2023-10-18 11:35:59,341 [INFO] IPUIPlugin:80 - create IPUIPlugin
2023-10-18 11:35:59,341 [INFO] IPUIPlugin:80 - create IPUIPlugin
2023-10-18 11:35:59,341 [INFO] IPUIPlugin:80 - create IPUIPlugin
2023-10-18 11:35:59,342 [INFO] IPUIPlugin:80 - create IPUIPlugin
2023-10-18 11:35:59,342 [INFO] IPUIPlugin:80 - create IPUIPlugin
2023-10-18 11:35:59,391 [INFO] ApiDbMcu:507 - Load IP Config File for PDM2PCM
2023-10-18 11:35:59,604 [INFO] CADModel:165 - CPN selected for project levelSTM32F429ZIT6
2023-10-18 11:35:59,605 [INFO] CADModel:114 - Register for checkConnection events
2023-10-18 11:35:59,659 [INFO] OpenFileManager:328 - Restore cursor
2023-10-18 11:36:24,240 [INFO] UtilMem:75 - End SaveConfig() Used Memory: 607199496 Bytes (724566016)
2023-10-18 11:36:25,526 [INFO] UtilMem:75 - End SaveConfig() Used Memory: 645348512 Bytes (724566016)
2023-10-18 11:36:25,656 [INFO] UtilMem:75 - End SaveConfig() Used Memory: 614751432 Bytes (724566016)
2023-10-18 11:36:26,034 [INFO] BlockDiagram:2759 - set Specific Code input for plugin: TIM1_8
2023-10-18 11:36:26,034 [INFO] BlockDiagram:2759 - set Specific Code input for plugin: TIM1_8
2023-10-18 11:36:26,034 [INFO] BlockDiagram:2759 - set Specific Code input for plugin: TIM1_8
2023-10-18 11:36:26,034 [INFO] BlockDiagram:2759 - set Specific Code input for plugin: SYS
2023-10-18 11:36:26,034 [INFO] BlockDiagram:2759 - set Specific Code input for plugin: RCC
2023-10-18 11:36:26,034 [INFO] BlockDiagram:2759 - set Specific Code input for plugin: I2C
2023-10-18 11:36:26,034 [INFO] BlockDiagram:2759 - set Specific Code input for plugin: RTC
2023-10-18 11:36:26,034 [INFO] BlockDiagram:2759 - set Specific Code input for plugin: USB_OTG_FS
2023-10-18 11:36:26,035 [INFO] BlockDiagram:2759 - set Specific Code input for plugin: NVIC
2023-10-18 11:36:26,035 [INFO] BlockDiagram:2759 - set Specific Code input for plugin: USART
2023-10-18 11:36:26,035 [INFO] BlockDiagram:2759 - set Specific Code input for plugin: USART
2023-10-18 11:36:26,035 [INFO] BlockDiagram:2759 - set Specific Code input for plugin: TIM1_8
2023-10-18 11:36:26,035 [INFO] BlockDiagram:2759 - set Specific Code input for plugin: TIM1_8
2023-10-18 11:36:26,035 [INFO] BlockDiagram:2759 - set Specific Code input for plugin: GPIO
2023-10-18 11:36:26,035 [INFO] BlockDiagram:2759 - set Specific Code input for plugin: ETH
2023-10-18 11:36:26,037 [INFO] CodeGenerator:793 - code generatio: config db path: C:\ST\STM32CubeIDE_1.12.0\STM32CubeIDE\plugins\com.st.stm32cube.common.mx_6.8.0.202302231600\\db\
2023-10-18 11:36:26,329 [INFO] CodeEngine:255 - oldGeneratedFile, C:\ParkJinWuk\source\STM32F429ZI\99.WASING_MACHINE_PROJ\MXTmpFiles\license.tmp_save
2023-10-18 11:36:26,759 [INFO] CodeEngine:279 - Generated code: C:\ParkJinWuk\source\STM32F429ZI\99.WASING_MACHINE_PROJ\MXTmpFiles\license.tmp
2023-10-18 11:36:26,848 [INFO] CodeEngine:255 - oldGeneratedFile, C:\ParkJinWuk\source\STM32F429ZI\99.WASING_MACHINE_PROJ\MXTmpFiles\gpio.tmp_save
2023-10-18 11:36:26,960 [INFO] CodeEngine:279 - Generated code: C:\ParkJinWuk\source\STM32F429ZI\99.WASING_MACHINE_PROJ\MXTmpFiles\gpio.tmp
2023-10-18 11:36:27,492 [WARN] IPConfigManager:2937 - Warning: the RefConfig PWREx_EnableUSBVoltageDetector is not available in your config.xml file
2023-10-18 11:36:27,526 [INFO] CodeEngine:255 - oldGeneratedFile, C:\ParkJinWuk\source\STM32F429ZI\99.WASING_MACHINE_PROJ\Core\Src\stm32f4xx_it.c_save
2023-10-18 11:36:27,686 [INFO] CodeEngine:279 - Generated code: C:\ParkJinWuk\source\STM32F429ZI\99.WASING_MACHINE_PROJ\Core\Src\stm32f4xx_it.c
2023-10-18 11:36:27,698 [INFO] CodeEngine:255 - oldGeneratedFile, C:\ParkJinWuk\source\STM32F429ZI\99.WASING_MACHINE_PROJ\Core\Inc\stm32f4xx_it.h_save
2023-10-18 11:36:27,767 [INFO] CodeEngine:279 - Generated code: C:\ParkJinWuk\source\STM32F429ZI\99.WASING_MACHINE_PROJ\Core\Inc\stm32f4xx_it.h
2023-10-18 11:36:27,785 [INFO] CodeEngine:255 - oldGeneratedFile, C:\ParkJinWuk\source\STM32F429ZI\99.WASING_MACHINE_PROJ\Core\Src\stm32f4xx_hal_msp.c_save
2023-10-18 11:36:27,907 [INFO] CodeEngine:279 - Generated code: C:\ParkJinWuk\source\STM32F429ZI\99.WASING_MACHINE_PROJ\Core\Src\stm32f4xx_hal_msp.c
2023-10-18 11:36:27,915 [INFO] CodeEngine:255 - oldGeneratedFile, C:\ParkJinWuk\source\STM32F429ZI\99.WASING_MACHINE_PROJ\MXTmpFiles\system.tmp_save
2023-10-18 11:36:27,958 [INFO] CodeEngine:279 - Generated code: C:\ParkJinWuk\source\STM32F429ZI\99.WASING_MACHINE_PROJ\MXTmpFiles\system.tmp
2023-10-18 11:36:27,975 [INFO] CodeEngine:311 - oldGeneratedFile, C:\ParkJinWuk\source\STM32F429ZI\99.WASING_MACHINE_PROJ\Core\Inc\stm32f4xx_hal_conf.h_save
2023-10-18 11:36:28,046 [INFO] CodeEngine:335 - Generated code: C:\ParkJinWuk\source\STM32F429ZI\99.WASING_MACHINE_PROJ\Core\Inc\stm32f4xx_hal_conf.h
2023-10-18 11:36:28,070 [WARN] IPConfigManager:3431 - IP not found : TIM
2023-10-18 11:36:28,070 [WARN] IPConfigManager:3431 - IP not found : USB_OTG
2023-10-18 11:36:28,071 [WARN] CodeGenerator:3754 - IP not found : null
2023-10-18 11:36:28,072 [WARN] CodeGenerator:3754 - IP not found : null
2023-10-18 11:36:28,087 [INFO] CodeEngine:255 - oldGeneratedFile, C:\ParkJinWuk\source\STM32F429ZI\99.WASING_MACHINE_PROJ\Core\Inc\main.h_save
2023-10-18 11:36:28,159 [INFO] CodeEngine:279 - Generated code: C:\ParkJinWuk\source\STM32F429ZI\99.WASING_MACHINE_PROJ\Core\Inc\main.h
2023-10-18 11:36:28,174 [INFO] CodeEngine:255 - oldGeneratedFile, C:\ParkJinWuk\source\STM32F429ZI\99.WASING_MACHINE_PROJ\Core\Src\main.c_save
2023-10-18 11:36:28,327 [INFO] CodeEngine:279 - Generated code: C:\ParkJinWuk\source\STM32F429ZI\99.WASING_MACHINE_PROJ\Core\Src\main.c
2023-10-18 11:36:28,755 [INFO] ProjectBuilder:2996 - Time for Copy HAL[1] : 103mS.
2023-10-18 11:36:28,763 [INFO] ProjectBuilder:4304 - Project Generator version: 3.19.2
2023-10-18 11:36:28,963 [INFO] ConfigFileManager:1483 - The Die is : DIE419
2023-10-18 11:36:28,973 [INFO] ApiDbMcu:507 - Load IP Config File for FATFS
2023-10-18 11:36:28,981 [INFO] ApiDbMcu:507 - Load IP Config File for FREERTOS
2023-10-18 11:36:28,988 [INFO] ApiDbMcu:507 - Load IP Config File for LIBJPEG
2023-10-18 11:36:28,997 [INFO] ApiDbMcu:507 - Load IP Config File for LWIP
2023-10-18 11:36:29,006 [INFO] ApiDbMcu:507 - Load IP Config File for MBEDTLS
2023-10-18 11:36:29,017 [INFO] ApiDbMcu:507 - Load IP Config File for USB_DEVICE
2023-10-18 11:36:29,025 [INFO] ApiDbMcu:507 - Load IP Config File for USB_HOST
2023-10-18 11:36:29,790 [INFO] LogOutputStream:77 - [STDOUT_REDIRECT] 
2023-10-18 11:36:30,850 [INFO] ProjectBuilder:4505 - Time for Generating toolchain IDE Files: 2087mS.
2023-10-18 11:36:30,851 [INFO] ProjectBuilder:2867 - Time for Copy CMSIS : 1mS.
2023-10-18 11:36:30,852 [INFO] ProjectBuilder:2867 - Time for Copy CMSIS : 0mS.
2023-10-18 11:37:21,352 [INFO] UtilMem:75 - End SaveConfig() Used Memory: 598972688 Bytes (911212544)
2023-10-18 11:37:22,612 [INFO] UtilMem:75 - End SaveConfig() Used Memory: 636721408 Bytes (911212544)
2023-10-18 11:37:22,708 [INFO] UtilMem:75 - End SaveConfig() Used Memory: 667096680 Bytes (911212544)
2023-10-18 11:37:22,846 [INFO] BlockDiagram:2759 - set Specific Code input for plugin: TIM1_8
2023-10-18 11:37:22,847 [INFO] BlockDiagram:2759 - set Specific Code input for plugin: TIM1_8
2023-10-18 11:37:22,847 [INFO] BlockDiagram:2759 - set Specific Code input for plugin: TIM1_8
2023-10-18 11:37:22,847 [INFO] BlockDiagram:2759 - set Specific Code input for plugin: SYS
2023-10-18 11:37:22,847 [INFO] BlockDiagram:2759 - set Specific Code input for plugin: RCC
2023-10-18 11:37:22,847 [INFO] BlockDiagram:2759 - set Specific Code input for plugin: I2C
2023-10-18 11:37:22,847 [INFO] BlockDiagram:2759 - set Specific Code input for plugin: RTC
2023-10-18 11:37:22,847 [INFO] BlockDiagram:2759 - set Specific Code input for plugin: USB_OTG_FS
2023-10-18 11:37:22,847 [INFO] BlockDiagram:2759 - set Specific Code input for plugin: NVIC
2023-10-18 11:37:22,847 [INFO] BlockDiagram:2759 - set Specific Code input for plugin: USART
2023-10-18 11:37:22,847 [INFO] BlockDiagram:2759 - set Specific Code input for plugin: USART
2023-10-18 11:37:22,847 [INFO] BlockDiagram:2759 - set Specific Code input for plugin: TIM1_8
2023-10-18 11:37:22,847 [INFO] BlockDiagram:2759 - set Specific Code input for plugin: TIM1_8
2023-10-18 11:37:22,847 [INFO] BlockDiagram:2759 - set Specific Code input for plugin: GPIO
2023-10-18 11:37:22,847 [INFO] BlockDiagram:2759 - set Specific Code input for plugin: ETH
2023-10-18 11:37:22,848 [INFO] CodeGenerator:793 - code generatio: config db path: C:\ST\STM32CubeIDE_1.12.0\STM32CubeIDE\plugins\com.st.stm32cube.common.mx_6.8.0.202302231600\\db\
2023-10-18 11:37:22,979 [INFO] CodeEngine:255 - oldGeneratedFile, C:\ParkJinWuk\source\STM32F429ZI\99.WASING_MACHINE_PROJ\MXTmpFiles\license.tmp_save
2023-10-18 11:37:23,026 [INFO] CodeEngine:279 - Generated code: C:\ParkJinWuk\source\STM32F429ZI\99.WASING_MACHINE_PROJ\MXTmpFiles\license.tmp
2023-10-18 11:37:23,049 [INFO] CodeEngine:255 - oldGeneratedFile, C:\ParkJinWuk\source\STM32F429ZI\99.WASING_MACHINE_PROJ\MXTmpFiles\gpio.tmp_save
2023-10-18 11:37:23,110 [INFO] CodeEngine:279 - Generated code: C:\ParkJinWuk\source\STM32F429ZI\99.WASING_MACHINE_PROJ\MXTmpFiles\gpio.tmp
2023-10-18 11:37:23,420 [WARN] IPConfigManager:2937 - Warning: the RefConfig PWREx_EnableUSBVoltageDetector is not available in your config.xml file
2023-10-18 11:37:23,443 [INFO] CodeEngine:255 - oldGeneratedFile, C:\ParkJinWuk\source\STM32F429ZI\99.WASING_MACHINE_PROJ\Core\Src\stm32f4xx_it.c_save
2023-10-18 11:37:23,509 [INFO] CodeEngine:279 - Generated code: C:\ParkJinWuk\source\STM32F429ZI\99.WASING_MACHINE_PROJ\Core\Src\stm32f4xx_it.c
2023-10-18 11:37:23,513 [INFO] CodeEngine:255 - oldGeneratedFile, C:\ParkJinWuk\source\STM32F429ZI\99.WASING_MACHINE_PROJ\Core\Inc\stm32f4xx_it.h_save
2023-10-18 11:37:23,547 [INFO] CodeEngine:279 - Generated code: C:\ParkJinWuk\source\STM32F429ZI\99.WASING_MACHINE_PROJ\Core\Inc\stm32f4xx_it.h
2023-10-18 11:37:23,558 [INFO] CodeEngine:255 - oldGeneratedFile, C:\ParkJinWuk\source\STM32F429ZI\99.WASING_MACHINE_PROJ\Core\Src\stm32f4xx_hal_msp.c_save
2023-10-18 11:37:23,628 [INFO] CodeEngine:279 - Generated code: C:\ParkJinWuk\source\STM32F429ZI\99.WASING_MACHINE_PROJ\Core\Src\stm32f4xx_hal_msp.c
2023-10-18 11:37:23,630 [INFO] CodeEngine:255 - oldGeneratedFile, C:\ParkJinWuk\source\STM32F429ZI\99.WASING_MACHINE_PROJ\MXTmpFiles\system.tmp_save
2023-10-18 11:37:23,667 [INFO] CodeEngine:279 - Generated code: C:\ParkJinWuk\source\STM32F429ZI\99.WASING_MACHINE_PROJ\MXTmpFiles\system.tmp
2023-10-18 11:37:23,677 [INFO] CodeEngine:311 - oldGeneratedFile, C:\ParkJinWuk\source\STM32F429ZI\99.WASING_MACHINE_PROJ\Core\Inc\stm32f4xx_hal_conf.h_save
2023-10-18 11:37:23,734 [INFO] CodeEngine:335 - Generated code: C:\ParkJinWuk\source\STM32F429ZI\99.WASING_MACHINE_PROJ\Core\Inc\stm32f4xx_hal_conf.h
2023-10-18 11:37:23,749 [WARN] IPConfigManager:3431 - IP not found : TIM
2023-10-18 11:37:23,749 [WARN] IPConfigManager:3431 - IP not found : USB_OTG
2023-10-18 11:37:23,750 [WARN] CodeGenerator:3754 - IP not found : null
2023-10-18 11:37:23,750 [WARN] CodeGenerator:3754 - IP not found : null
2023-10-18 11:37:23,759 [INFO] CodeEngine:255 - oldGeneratedFile, C:\ParkJinWuk\source\STM32F429ZI\99.WASING_MACHINE_PROJ\Core\Inc\main.h_save
2023-10-18 11:37:23,808 [INFO] CodeEngine:279 - Generated code: C:\ParkJinWuk\source\STM32F429ZI\99.WASING_MACHINE_PROJ\Core\Inc\main.h
2023-10-18 11:37:23,817 [INFO] CodeEngine:255 - oldGeneratedFile, C:\ParkJinWuk\source\STM32F429ZI\99.WASING_MACHINE_PROJ\Core\Src\main.c_save
2023-10-18 11:37:23,928 [INFO] CodeEngine:279 - Generated code: C:\ParkJinWuk\source\STM32F429ZI\99.WASING_MACHINE_PROJ\Core\Src\main.c
2023-10-18 11:37:24,274 [INFO] ProjectBuilder:2996 - Time for Copy HAL[1] : 84mS.
2023-10-18 11:37:24,276 [INFO] ProjectBuilder:4304 - Project Generator version: 3.19.2
2023-10-18 11:37:24,461 [INFO] ConfigFileManager:1483 - The Die is : DIE419
2023-10-18 11:37:25,185 [INFO] ProjectBuilder:4505 - Time for Generating toolchain IDE Files: 908mS.
2023-10-18 11:37:25,185 [INFO] ProjectBuilder:2867 - Time for Copy CMSIS : 0mS.
2023-10-18 11:37:25,188 [INFO] ProjectBuilder:2867 - Time for Copy CMSIS : 0mS.
2023-10-18 11:38:14,156 [INFO] UtilMem:75 - End SaveConfig() Used Memory: 702739632 Bytes (958398464)
2023-10-18 11:38:15,499 [INFO] UtilMem:75 - End SaveConfig() Used Memory: 740425568 Bytes (958398464)
2023-10-18 11:38:15,593 [INFO] UtilMem:75 - End SaveConfig() Used Memory: 766639968 Bytes (958398464)
2023-10-18 11:38:15,730 [INFO] BlockDiagram:2759 - set Specific Code input for plugin: TIM1_8
2023-10-18 11:38:15,730 [INFO] BlockDiagram:2759 - set Specific Code input for plugin: TIM1_8
2023-10-18 11:38:15,730 [INFO] BlockDiagram:2759 - set Specific Code input for plugin: TIM1_8
2023-10-18 11:38:15,730 [INFO] BlockDiagram:2759 - set Specific Code input for plugin: SYS
2023-10-18 11:38:15,730 [INFO] BlockDiagram:2759 - set Specific Code input for plugin: RCC
2023-10-18 11:38:15,730 [INFO] BlockDiagram:2759 - set Specific Code input for plugin: I2C
2023-10-18 11:38:15,730 [INFO] BlockDiagram:2759 - set Specific Code input for plugin: RTC
2023-10-18 11:38:15,730 [INFO] BlockDiagram:2759 - set Specific Code input for plugin: USB_OTG_FS
2023-10-18 11:38:15,730 [INFO] BlockDiagram:2759 - set Specific Code input for plugin: NVIC
2023-10-18 11:38:15,730 [INFO] BlockDiagram:2759 - set Specific Code input for plugin: USART
2023-10-18 11:38:15,730 [INFO] BlockDiagram:2759 - set Specific Code input for plugin: USART
2023-10-18 11:38:15,730 [INFO] BlockDiagram:2759 - set Specific Code input for plugin: TIM1_8
2023-10-18 11:38:15,730 [INFO] BlockDiagram:2759 - set Specific Code input for plugin: TIM1_8
2023-10-18 11:38:15,731 [INFO] BlockDiagram:2759 - set Specific Code input for plugin: GPIO
2023-10-18 11:38:15,731 [INFO] BlockDiagram:2759 - set Specific Code input for plugin: ETH
2023-10-18 11:38:15,731 [INFO] CodeGenerator:793 - code generatio: config db path: C:\ST\STM32CubeIDE_1.12.0\STM32CubeIDE\plugins\com.st.stm32cube.common.mx_6.8.0.202302231600\\db\
2023-10-18 11:38:15,866 [INFO] CodeEngine:255 - oldGeneratedFile, C:\ParkJinWuk\source\STM32F429ZI\99.WASING_MACHINE_PROJ\MXTmpFiles\license.tmp_save
2023-10-18 11:38:15,928 [INFO] CodeEngine:279 - Generated code: C:\ParkJinWuk\source\STM32F429ZI\99.WASING_MACHINE_PROJ\MXTmpFiles\license.tmp
2023-10-18 11:38:15,954 [INFO] CodeEngine:255 - oldGeneratedFile, C:\ParkJinWuk\source\STM32F429ZI\99.WASING_MACHINE_PROJ\MXTmpFiles\gpio.tmp_save
2023-10-18 11:38:16,034 [INFO] CodeEngine:279 - Generated code: C:\ParkJinWuk\source\STM32F429ZI\99.WASING_MACHINE_PROJ\MXTmpFiles\gpio.tmp
2023-10-18 11:38:16,291 [WARN] IPConfigManager:2937 - Warning: the RefConfig PWREx_EnableUSBVoltageDetector is not available in your config.xml file
2023-10-18 11:38:16,311 [INFO] CodeEngine:255 - oldGeneratedFile, C:\ParkJinWuk\source\STM32F429ZI\99.WASING_MACHINE_PROJ\Core\Src\stm32f4xx_it.c_save
2023-10-18 11:38:16,369 [INFO] CodeEngine:279 - Generated code: C:\ParkJinWuk\source\STM32F429ZI\99.WASING_MACHINE_PROJ\Core\Src\stm32f4xx_it.c
2023-10-18 11:38:16,372 [INFO] CodeEngine:255 - oldGeneratedFile, C:\ParkJinWuk\source\STM32F429ZI\99.WASING_MACHINE_PROJ\Core\Inc\stm32f4xx_it.h_save
2023-10-18 11:38:16,406 [INFO] CodeEngine:279 - Generated code: C:\ParkJinWuk\source\STM32F429ZI\99.WASING_MACHINE_PROJ\Core\Inc\stm32f4xx_it.h
2023-10-18 11:38:16,416 [INFO] CodeEngine:255 - oldGeneratedFile, C:\ParkJinWuk\source\STM32F429ZI\99.WASING_MACHINE_PROJ\Core\Src\stm32f4xx_hal_msp.c_save
2023-10-18 11:38:16,487 [INFO] CodeEngine:279 - Generated code: C:\ParkJinWuk\source\STM32F429ZI\99.WASING_MACHINE_PROJ\Core\Src\stm32f4xx_hal_msp.c
2023-10-18 11:38:16,489 [INFO] CodeEngine:255 - oldGeneratedFile, C:\ParkJinWuk\source\STM32F429ZI\99.WASING_MACHINE_PROJ\MXTmpFiles\system.tmp_save
2023-10-18 11:38:16,521 [INFO] CodeEngine:279 - Generated code: C:\ParkJinWuk\source\STM32F429ZI\99.WASING_MACHINE_PROJ\MXTmpFiles\system.tmp
2023-10-18 11:38:16,531 [INFO] CodeEngine:311 - oldGeneratedFile, C:\ParkJinWuk\source\STM32F429ZI\99.WASING_MACHINE_PROJ\Core\Inc\stm32f4xx_hal_conf.h_save
2023-10-18 11:38:16,589 [INFO] CodeEngine:335 - Generated code: C:\ParkJinWuk\source\STM32F429ZI\99.WASING_MACHINE_PROJ\Core\Inc\stm32f4xx_hal_conf.h
2023-10-18 11:38:16,602 [WARN] IPConfigManager:3431 - IP not found : TIM
2023-10-18 11:38:16,602 [WARN] IPConfigManager:3431 - IP not found : USB_OTG
2023-10-18 11:38:16,602 [WARN] CodeGenerator:3754 - IP not found : null
2023-10-18 11:38:16,602 [WARN] CodeGenerator:3754 - IP not found : null
2023-10-18 11:38:16,610 [INFO] CodeEngine:255 - oldGeneratedFile, C:\ParkJinWuk\source\STM32F429ZI\99.WASING_MACHINE_PROJ\Core\Inc\main.h_save
2023-10-18 11:38:16,654 [INFO] CodeEngine:279 - Generated code: C:\ParkJinWuk\source\STM32F429ZI\99.WASING_MACHINE_PROJ\Core\Inc\main.h
2023-10-18 11:38:16,663 [INFO] CodeEngine:255 - oldGeneratedFile, C:\ParkJinWuk\source\STM32F429ZI\99.WASING_MACHINE_PROJ\Core\Src\main.c_save
2023-10-18 11:38:16,764 [INFO] CodeEngine:279 - Generated code: C:\ParkJinWuk\source\STM32F429ZI\99.WASING_MACHINE_PROJ\Core\Src\main.c
2023-10-18 11:38:17,118 [INFO] ProjectBuilder:2996 - Time for Copy HAL[1] : 83mS.
2023-10-18 11:38:17,121 [INFO] ProjectBuilder:4304 - Project Generator version: 3.19.2
2023-10-18 11:38:17,300 [INFO] ConfigFileManager:1483 - The Die is : DIE419
2023-10-18 11:38:17,970 [INFO] ProjectBuilder:4505 - Time for Generating toolchain IDE Files: 849mS.
2023-10-18 11:38:17,970 [INFO] ProjectBuilder:2867 - Time for Copy CMSIS : 0mS.
2023-10-18 11:38:17,972 [INFO] ProjectBuilder:2867 - Time for Copy CMSIS : 0mS.
2023-10-18 11:49:37,126 [INFO] NvicIntPanel:101 - NVIC parent = com.st.microxplorer.plugins.ip.nvic.MultiNvicIntPanel[,0,0,0x0,invalid,layout=javax.swing.BoxLayout,alignmentX=0.0,alignmentY=0.0,border=,flags=9,maximumSize=,minimumSize=,preferredSize=]
2023-10-18 18:17:07,913 [INFO] MainUpdater:2854 - connection check result : 10
2023-10-18 18:17:07,914 [INFO] MainUpdater:2854 - connection check result : 10
2023-10-18 18:17:08,004 [INFO] MicroXplorer:468 - Change Database Path : 
2023-10-18 18:17:08,004 [INFO] MicroXplorer:498 - Change Database Version : DB.6.0.80
2023-10-18 18:17:08,018 [WARN] ThirdParty:871 - waiting for thirdparty lock release [close project]
2023-10-18 18:17:08,018 [INFO] ThirdParty:873 - entering critical section [close project]
2023-10-18 18:17:08,018 [INFO] ThirdParty:883 - exiting critical section [close project]
2023-10-18 18:17:08,019 [INFO] PinOutPanel:1499 - setPackage(No Configuration,No Configuration)
2023-10-18 18:17:08,024 [WARN] IpParametersView:150 - Warning: This peripheral hasn't parameters
2023-10-18 18:17:08,029 [WARN] MainPanel:257 - <html><b><center>Warning: This peripheral has no parameters to be configured<br></b></html>
2023-10-18 18:17:08,044 [INFO] UtilMem:75 - Begin LoadConfig() Used Memory: 612008432 Bytes (994050048)
2023-10-18 18:17:08,044 [INFO] MicroXplorer:468 - Change Database Path : 
2023-10-18 18:17:08,044 [INFO] MicroXplorer:498 - Change Database Version : DB.6.0.80
2023-10-18 18:17:08,044 [INFO] OpenFileManager:308 - Change cursor
2023-10-18 18:17:08,060 [INFO] RulesReader:64 - Compatibility file has been processed (293 Rules)
2023-10-18 18:17:08,067 [INFO] Mcu:1937 - Initializing MCU STM32F429ZITx STM32F429ZITx STM32F429ZIT6
2023-10-18 18:17:09,071 [INFO] Context:659 - Trying to add GPIOservice into a context  which must be forbidden
2023-10-18 18:17:09,320 [INFO] RtosManager:555 - Registered RTOS mode: class=CMSIS, group=RTOS, mode=CMSIS_V1, owner=FREERTOS
2023-10-18 18:17:09,320 [INFO] RtosManager:555 - Registered RTOS mode: class=CMSIS, group=RTOS2, mode=CMSIS_V2, owner=FREERTOS
2023-10-18 18:17:09,320 [INFO] RtosManager:555 - Registered RTOS mode: class=RTOS, group=Core, mode=CMSIS_V1, owner=FREERTOS
2023-10-18 18:17:09,320 [INFO] RtosManager:555 - Registered RTOS mode: class=RTOS, group=Core, mode=CMSIS_V2, owner=FREERTOS
2023-10-18 18:17:09,320 [WARN] ModelIntegratedComponent:184 - Missing modes for component STMicroelectronics:FreeRTOS:0.0.1:STMicroelectronics:RTOS:FreeRTOS:Core:::10.2.0:
2023-10-18 18:17:09,325 [WARN] ModelIntegratedComponent:63 - No mode defined for component null
2023-10-18 18:17:09,326 [WARN] ModelIntegratedComponent:63 - No mode defined for component null
2023-10-18 18:17:09,326 [WARN] ModelIntegratedComponent:63 - No mode defined for component null
2023-10-18 18:17:09,326 [WARN] ModelIntegratedComponent:63 - No mode defined for component null
2023-10-18 18:17:09,326 [WARN] ModelIntegratedComponent:63 - No mode defined for component null
2023-10-18 18:17:09,326 [WARN] ModelIntegratedComponent:63 - No mode defined for component null
2023-10-18 18:17:09,326 [WARN] ModelIntegratedComponent:63 - No mode defined for component null
2023-10-18 18:17:09,326 [WARN] ModelIntegratedComponent:63 - No mode defined for component null
2023-10-18 18:17:09,326 [WARN] ModelIntegratedComponent:63 - No mode defined for component null
2023-10-18 18:17:09,326 [WARN] ModelIntegratedComponent:63 - No mode defined for component null
2023-10-18 18:17:09,326 [WARN] ModelIntegratedComponent:63 - No mode defined for component null
2023-10-18 18:17:09,326 [WARN] ModelIntegratedComponent:63 - No mode defined for component null
2023-10-18 18:17:09,326 [WARN] ModelIntegratedComponent:63 - No mode defined for component null
2023-10-18 18:17:09,326 [WARN] ModelIntegratedComponent:63 - No mode defined for component null
2023-10-18 18:17:09,326 [WARN] ModelIntegratedComponent:63 - No mode defined for component null
2023-10-18 18:17:09,326 [WARN] ModelIntegratedComponent:63 - No mode defined for component null
2023-10-18 18:17:09,326 [WARN] ModelIntegratedComponent:63 - No mode defined for component null
2023-10-18 18:17:09,326 [WARN] ModelIntegratedComponent:63 - No mode defined for component null
2023-10-18 18:17:09,326 [WARN] ModelIntegratedComponent:63 - No mode defined for component null
2023-10-18 18:17:09,326 [WARN] ModelIntegratedComponent:63 - No mode defined for component null
2023-10-18 18:17:09,326 [WARN] ModelIntegratedComponent:63 - No mode defined for component null
2023-10-18 18:17:09,326 [WARN] ModelIntegratedComponent:63 - No mode defined for component null
2023-10-18 18:17:09,326 [WARN] ModelIntegratedComponent:63 - No mode defined for component null
2023-10-18 18:17:09,326 [WARN] ModelIntegratedComponent:63 - No mode defined for component null
2023-10-18 18:17:09,326 [WARN] ModelIntegratedComponent:63 - No mode defined for component null
2023-10-18 18:17:09,326 [WARN] ModelIntegratedComponent:63 - No mode defined for component null
2023-10-18 18:17:09,326 [WARN] ModelIntegratedComponent:63 - No mode defined for component null
2023-10-18 18:17:09,326 [WARN] ModelIntegratedComponent:63 - No mode defined for component null
2023-10-18 18:17:09,326 [WARN] ModelIntegratedComponent:63 - No mode defined for component null
2023-10-18 18:17:09,327 [WARN] ModelIntegratedComponent:63 - No mode defined for component null
2023-10-18 18:17:09,327 [WARN] ModelIntegratedComponent:63 - No mode defined for component null
2023-10-18 18:17:09,327 [WARN] ModelIntegratedComponent:63 - No mode defined for component null
2023-10-18 18:17:09,327 [WARN] ModelIntegratedComponent:63 - No mode defined for component null
2023-10-18 18:17:09,335 [INFO] ThirdPartyModel:298 - Start build external matchings
2023-10-18 18:17:09,459 [INFO] ThirdPartyModel:316 - End build external matchings
2023-10-18 18:17:09,465 [INFO] ImportTextPane:194 - (OptionalMessage_ERROR) IP (RCC) : Invalid parameter (ADC12outputFreq_Value)
2023-10-18 18:17:09,465 [INFO] ImportTextPane:194 - (OptionalMessage_ERROR) IP (RCC) : Invalid parameter (ADC34outputFreq_Value)
2023-10-18 18:17:09,465 [INFO] ImportTextPane:194 - (OptionalMessage_ERROR) IP (RCC) : Invalid parameter (FamilyName)
2023-10-18 18:17:09,465 [INFO] ImportTextPane:194 - (OptionalMessage_ERROR) IP (RCC) : Invalid parameter (I2C1Freq_Value)
2023-10-18 18:17:09,465 [INFO] ImportTextPane:194 - (OptionalMessage_ERROR) IP (RCC) : Invalid parameter (I2C2Freq_Value)
2023-10-18 18:17:09,465 [INFO] ImportTextPane:194 - (OptionalMessage_ERROR) IP (RCC) : Invalid parameter (I2C3Freq_Value)
2023-10-18 18:17:09,465 [INFO] ImportTextPane:194 - (OptionalMessage_ERROR) IP (RCC) : Parameter (MCO2PinFreq_Value) has invalid value (168000000)
2023-10-18 18:17:09,465 [INFO] ImportTextPane:194 - (OptionalMessage_ERROR) IP (RCC) : Invalid parameter (MCOFreq_Value)
2023-10-18 18:17:09,465 [INFO] ImportTextPane:194 - (OptionalMessage_ERROR) IP (RCC) : Invalid parameter (PLLMCOFreq_Value)
2023-10-18 18:17:09,465 [INFO] ImportTextPane:194 - (OptionalMessage_ERROR) IP (RCC) : Invalid parameter (PLLMUL)
2023-10-18 18:17:09,465 [INFO] ImportTextPane:194 - (OptionalMessage_ERROR) IP (RCC) : Invalid parameter (PRESCALERUSB)
2023-10-18 18:17:09,465 [INFO] ImportTextPane:194 - (OptionalMessage_ERROR) IP (RCC) : Parameter (RTCHSEDivFreq_Value) has invalid value (4000000)
2023-10-18 18:17:09,465 [INFO] ImportTextPane:194 - (OptionalMessage_ERROR) IP (RCC) : Invalid parameter (SYSCLKSourceVirtual)
2023-10-18 18:17:09,465 [INFO] ImportTextPane:194 - (OptionalMessage_ERROR) IP (RCC) : Invalid parameter (TIM15Freq_Value)
2023-10-18 18:17:09,465 [INFO] ImportTextPane:194 - (OptionalMessage_ERROR) IP (RCC) : Invalid parameter (TIM16Freq_Value)
2023-10-18 18:17:09,465 [INFO] ImportTextPane:194 - (OptionalMessage_ERROR) IP (RCC) : Invalid parameter (TIM17Freq_Value)
2023-10-18 18:17:09,466 [INFO] ImportTextPane:194 - (OptionalMessage_ERROR) IP (RCC) : Invalid parameter (TIM1Freq_Value)
2023-10-18 18:17:09,466 [INFO] ImportTextPane:194 - (OptionalMessage_ERROR) IP (RCC) : Invalid parameter (TIM20Freq_Value)
2023-10-18 18:17:09,466 [INFO] ImportTextPane:194 - (OptionalMessage_ERROR) IP (RCC) : Invalid parameter (TIM2Freq_Value)
2023-10-18 18:17:09,466 [INFO] ImportTextPane:194 - (OptionalMessage_ERROR) IP (RCC) : Invalid parameter (TIM3Freq_Value)
2023-10-18 18:17:09,466 [INFO] ImportTextPane:194 - (OptionalMessage_ERROR) IP (RCC) : Invalid parameter (TIM8Freq_Value)
2023-10-18 18:17:09,466 [INFO] ImportTextPane:194 - (OptionalMessage_ERROR) IP (RCC) : Invalid parameter (UART4Freq_Value)
2023-10-18 18:17:09,466 [INFO] ImportTextPane:194 - (OptionalMessage_ERROR) IP (RCC) : Invalid parameter (UART5Freq_Value)
2023-10-18 18:17:09,466 [INFO] ImportTextPane:194 - (OptionalMessage_ERROR) IP (RCC) : Invalid parameter (USART1Freq_Value)
2023-10-18 18:17:09,466 [INFO] ImportTextPane:194 - (OptionalMessage_ERROR) IP (RCC) : Invalid parameter (USART2Freq_Value)
2023-10-18 18:17:09,466 [INFO] ImportTextPane:194 - (OptionalMessage_ERROR) IP (RCC) : Invalid parameter (USART3Freq_Value)
2023-10-18 18:17:09,466 [INFO] ImportTextPane:194 - (OptionalMessage_ERROR) IP (RCC) : Invalid parameter (USBFreq_Value)
2023-10-18 18:17:09,466 [INFO] ImportTextPane:194 - (OptionalMessage_ERROR) IP (RCC) : Invalid parameter (VCOOutput2Freq_Value)
2023-10-18 18:17:09,637 [INFO] UtilMem:75 - End LoadConfig() Used Memory: 753457352 Bytes (994050048)
2023-10-18 18:17:09,651 [WARN] ThirdParty:833 - waiting for thirdparty lock release [change project]
2023-10-18 18:17:09,651 [INFO] ThirdParty:835 - entering critical section [change project]
2023-10-18 18:17:09,651 [INFO] ThirdParty:1030 - CMSIS Pack Vendor :STMicroelectronics X-CUBE-ISPU 1.1.0
2023-10-18 18:17:09,651 [INFO] ThirdParty:1030 - CMSIS Pack Vendor :STMicroelectronics X-CUBE-GNSS1 6.0.0
2023-10-18 18:17:09,651 [INFO] ThirdParty:1030 - CMSIS Pack Vendor :STMicroelectronics USB_HOST 2.0.0
2023-10-18 18:17:09,651 [INFO] ThirdParty:1030 - CMSIS Pack Vendor :STMicroelectronics X-CUBE-AZRTOS-F4 1.1.0
2023-10-18 18:17:09,651 [INFO] ThirdParty:1030 - CMSIS Pack Vendor :STMicroelectronics LIBJPEG 8.0.0
2023-10-18 18:17:09,651 [INFO] ThirdParty:1030 - CMSIS Pack Vendor :wolfSSL I-CUBE-wolfSSL 5.6.3
2023-10-18 18:17:09,651 [INFO] ThirdParty:1030 - CMSIS Pack Vendor :STMicroelectronics X-CUBE-SMBUS 2.1.0
2023-10-18 18:17:09,651 [INFO] ThirdParty:1030 - CMSIS Pack Vendor :STMicroelectronics USB_DEVICE 3.0.0
2023-10-18 18:17:09,651 [INFO] ThirdParty:1030 - CMSIS Pack Vendor :STMicroelectronics X-CUBE-AZRTOS-WB 2.0.0
2023-10-18 18:17:09,651 [INFO] ThirdParty:1030 - CMSIS Pack Vendor :STMicroelectronics X-CUBE-AZRTOS-F7 1.1.0
2023-10-18 18:17:09,651 [INFO] ThirdParty:1030 - CMSIS Pack Vendor :STMicroelectronics X-CUBE-AZRTOS-L5 2.0.0
2023-10-18 18:17:09,651 [INFO] ThirdParty:1030 - CMSIS Pack Vendor :STMicroelectronics USB_DEVICE 2.0.0
2023-10-18 18:17:09,651 [INFO] ThirdParty:1030 - CMSIS Pack Vendor :STMicroelectronics X-CUBE-MEMS1 9.6.0
2023-10-18 18:17:09,651 [INFO] ThirdParty:1030 - CMSIS Pack Vendor :ITTIA_DB I-CUBE-ITTIADB 8.8.0
2023-10-18 18:17:09,652 [INFO] ThirdParty:1030 - CMSIS Pack Vendor :STMicroelectronics FP-SNS-MOTENV1 4.3.2
2023-10-18 18:17:09,652 [INFO] ThirdParty:1030 - CMSIS Pack Vendor :STMicroelectronics X-CUBE-ALGOBUILD 1.3.0
2023-10-18 18:17:09,652 [INFO] ThirdParty:1030 - CMSIS Pack Vendor :STMicroelectronics FreeRTOS 0.0.1
2023-10-18 18:17:09,652 [INFO] ThirdParty:1030 - CMSIS Pack Vendor :STMicroelectronics X-CUBE-AZRTOS-G0 1.1.0
2023-10-18 18:17:09,652 [INFO] ThirdParty:1030 - CMSIS Pack Vendor :STMicroelectronics X-CUBE-BLEMGR 2.0.0
2023-10-18 18:17:09,652 [INFO] ThirdParty:1030 - CMSIS Pack Vendor :STMicroelectronics X-CUBE-NFC4 3.0.0
2023-10-18 18:17:09,652 [INFO] ThirdParty:1030 - CMSIS Pack Vendor :STMicroelectronics X-CUBE-SUBG2 5.0.0
2023-10-18 18:17:09,652 [INFO] ThirdParty:1030 - CMSIS Pack Vendor :STMicroelectronics STM32_WPAN 1.0.0
2023-10-18 18:17:09,652 [INFO] ThirdParty:1030 - CMSIS Pack Vendor :STMicroelectronics lwIP 2.0.3
2023-10-18 18:17:09,652 [INFO] ThirdParty:1030 - CMSIS Pack Vendor :STMicroelectronics FP-SNS-FLIGHT1 5.0.2
2023-10-18 18:17:09,652 [INFO] ThirdParty:1030 - CMSIS Pack Vendor :STMicroelectronics USB_HOST 1.0.0
2023-10-18 18:17:09,652 [INFO] ThirdParty:1030 - CMSIS Pack Vendor :STMicroelectronics X-CUBE-TOF1 3.3.1
2023-10-18 18:17:09,652 [INFO] ThirdParty:1030 - CMSIS Pack Vendor :STMicroelectronics X-CUBE-AZRTOS-G4 2.0.0
2023-10-18 18:17:09,652 [INFO] ThirdParty:1030 - CMSIS Pack Vendor :STMicroelectronics PDM2PCM 3.1.0
2023-10-18 18:17:09,652 [INFO] ThirdParty:1030 - CMSIS Pack Vendor :STMicroelectronics X-CUBE-AZRTOS-H7 3.1.0
2023-10-18 18:17:09,652 [INFO] ThirdParty:1030 - CMSIS Pack Vendor :Infineon AIROC-Wi-Fi-Bluetooth-STM32 1.5.1
2023-10-18 18:17:09,652 [INFO] ThirdParty:1030 - CMSIS Pack Vendor :STMicroelectronics PDM2PCM 3.3.0
2023-10-18 18:17:09,652 [INFO] ThirdParty:1030 - CMSIS Pack Vendor :STMicroelectronics X-CUBE-DISPLAY 3.0.0
2023-10-18 18:17:09,652 [INFO] ThirdParty:1030 - CMSIS Pack Vendor :STMicroelectronics X-CUBE-BLE1 7.0.0
2023-10-18 18:17:09,652 [INFO] ThirdParty:1030 - CMSIS Pack Vendor :STMicroelectronics FP-ATR-SIGFOX1 3.2.0
2023-10-18 18:17:09,652 [INFO] ThirdParty:1030 - CMSIS Pack Vendor :STMicroelectronics HAL Drivers 0.0.0
2023-10-18 18:17:09,652 [INFO] ThirdParty:1030 - CMSIS Pack Vendor :STMicroelectronics MBEDTLS 2.16.2
2023-10-18 18:17:09,652 [INFO] ThirdParty:1030 - CMSIS Pack Vendor :emotas I-CUBE-CANOPEN 1.3.0
2023-10-18 18:17:09,652 [INFO] ThirdParty:1030 - CMSIS Pack Vendor :STMicroelectronics X-CUBE-FREERTOS 1.1.0
2023-10-18 18:17:09,652 [INFO] ThirdParty:1030 - CMSIS Pack Vendor :STMicroelectronics X-CUBE-NFC7 1.0.1
2023-10-18 18:17:09,652 [INFO] ThirdParty:1030 - CMSIS Pack Vendor :STMicroelectronics MBEDTLS 2.14.1
2023-10-18 18:17:09,652 [INFO] ThirdParty:1030 - CMSIS Pack Vendor :STMicroelectronics X-CUBE-TOUCHGFX 4.22.1
2023-10-18 18:17:09,652 [INFO] ThirdParty:1030 - CMSIS Pack Vendor :STMicroelectronics X-CUBE-NFC6 3.0.0
2023-10-18 18:17:09,652 [INFO] ThirdParty:1030 - CMSIS Pack Vendor :STMicroelectronics X-CUBE-EEPRMA1 4.1.0
2023-10-18 18:17:09,652 [INFO] ThirdParty:1030 - CMSIS Pack Vendor :portGmbH I-Cube-SoM-uGOAL 1.1.0
2023-10-18 18:17:09,652 [INFO] ThirdParty:1030 - CMSIS Pack Vendor :STMicroelectronics X-CUBE-ALS 1.0.1
2023-10-18 18:17:09,652 [INFO] ThirdParty:1030 - CMSIS Pack Vendor :STMicroelectronics ThreadX 1.0.0
2023-10-18 18:17:09,652 [INFO] ThirdParty:1030 - CMSIS Pack Vendor :STMicroelectronics FP-SNS-SMARTAG2 1.2.0
2023-10-18 18:17:09,652 [INFO] ThirdParty:1030 - CMSIS Pack Vendor :STMicroelectronics X-CUBE-AZRTOS-WL 2.0.0
2023-10-18 18:17:09,652 [INFO] ThirdParty:1030 - CMSIS Pack Vendor :SEGGER I-CUBE-embOS 1.3.1
2023-10-18 18:17:09,652 [INFO] ThirdParty:1030 - CMSIS Pack Vendor :STMicroelectronics USB_DEVICE 1.0.0
2023-10-18 18:17:09,652 [INFO] ThirdParty:1030 - CMSIS Pack Vendor :STMicroelectronics X-CUBE-AI 8.1.0
2023-10-18 18:17:09,652 [INFO] ThirdParty:1030 - CMSIS Pack Vendor :STMicroelectronics X-CUBE-AZRTOS-L4 2.0.0
2023-10-18 18:17:09,653 [INFO] ThirdParty:1030 - CMSIS Pack Vendor :STMicroelectronics ThreadX 0.0.2
2023-10-18 18:17:09,653 [INFO] ThirdParty:1030 - CMSIS Pack Vendor :WES I-CUBE-Cesium 1.3.0
2023-10-18 18:17:09,653 [INFO] ThirdParty:1030 - CMSIS Pack Vendor :STMicroelectronics FP-ATR-ASTRA1 2.0.0
2023-10-18 18:17:09,653 [INFO] ThirdParty:1030 - CMSIS Pack Vendor :STMicroelectronics lwIP 2.1.2
2023-10-18 18:17:09,653 [INFO] ThirdParty:1030 - CMSIS Pack Vendor :STMicroelectronics X-CUBE-SFXS2LP1 4.0.0
2023-10-18 18:17:09,653 [INFO] ThirdParty:1030 - CMSIS Pack Vendor :STMicroelectronics X-CUBE-BLE2 3.3.0
2023-10-18 18:17:09,653 [INFO] ThirdParty:1030 - CMSIS Pack Vendor :STMicroelectronics PDM2PCM 3.2.0
2023-10-18 18:17:09,653 [INFO] ThirdParty:841 - exiting critical section [change project]
2023-10-18 18:17:09,808 [INFO] PinOutPanel:1499 - setPackage(No Configuration,No Configuration)
2023-10-18 18:17:09,809 [INFO] PinOutPanel:1499 - setPackage(STM32F429ZITx,LQFP144)
2023-10-18 18:17:09,982 [INFO] UtilMem:75 - Before build in PCC Used Memory: 718937520 Bytes (994050048)
2023-10-18 18:17:10,138 [INFO] UtilMem:75 - After build in PCC Used Memory: 766148184 Bytes (994050048)
2023-10-18 18:17:10,151 [INFO] IPUIPlugin:80 - create IPUIPlugin
2023-10-18 18:17:10,151 [INFO] IPUIPlugin:80 - create IPUIPlugin
2023-10-18 18:17:10,151 [INFO] IPUIPlugin:80 - create IPUIPlugin
2023-10-18 18:17:10,151 [INFO] IPUIPlugin:80 - create IPUIPlugin
2023-10-18 18:17:10,151 [INFO] IPUIPlugin:80 - create IPUIPlugin
2023-10-18 18:17:10,151 [INFO] IPUIPlugin:80 - create IPUIPlugin
2023-10-18 18:17:10,151 [INFO] IPUIPlugin:80 - create IPUIPlugin
2023-10-18 18:17:10,152 [INFO] IPUIPlugin:80 - create IPUIPlugin
2023-10-18 18:17:10,152 [INFO] IPUIPlugin:80 - create IPUIPlugin
2023-10-18 18:17:10,152 [INFO] IPUIPlugin:80 - create IPUIPlugin
2023-10-18 18:17:10,152 [INFO] IPUIPlugin:80 - create IPUIPlugin
2023-10-18 18:17:10,152 [INFO] IPUIPlugin:80 - create IPUIPlugin
2023-10-18 18:17:10,152 [INFO] IPUIPlugin:80 - create IPUIPlugin
2023-10-18 18:17:10,152 [INFO] IPUIPlugin:80 - create IPUIPlugin
2023-10-18 18:17:10,152 [INFO] IPUIPlugin:80 - create IPUIPlugin
2023-10-18 18:17:10,152 [INFO] IPUIPlugin:80 - create IPUIPlugin
2023-10-18 18:17:10,152 [INFO] IPUIPlugin:80 - create IPUIPlugin
2023-10-18 18:17:10,152 [INFO] IPUIPlugin:80 - create IPUIPlugin
2023-10-18 18:17:10,152 [INFO] IPUIPlugin:80 - create IPUIPlugin
2023-10-18 18:17:10,152 [INFO] IPUIPlugin:80 - create IPUIPlugin
2023-10-18 18:17:10,152 [INFO] IPUIPlugin:80 - create IPUIPlugin
2023-10-18 18:17:10,152 [INFO] IPUIPlugin:80 - create IPUIPlugin
2023-10-18 18:17:10,153 [INFO] IPUIPlugin:80 - create IPUIPlugin
2023-10-18 18:17:10,153 [INFO] IPUIPlugin:80 - create IPUIPlugin
2023-10-18 18:17:10,153 [INFO] IPUIPlugin:80 - create IPUIPlugin
2023-10-18 18:17:10,153 [INFO] IPUIPlugin:80 - create IPUIPlugin
2023-10-18 18:17:10,153 [INFO] IPUIPlugin:80 - create IPUIPlugin
2023-10-18 18:17:10,153 [INFO] IPUIPlugin:80 - create IPUIPlugin
2023-10-18 18:17:10,153 [INFO] IPUIPlugin:80 - create IPUIPlugin
2023-10-18 18:17:10,153 [INFO] IPUIPlugin:80 - create IPUIPlugin
2023-10-18 18:17:10,153 [INFO] IPUIPlugin:80 - create IPUIPlugin
2023-10-18 18:17:10,153 [INFO] IPUIPlugin:80 - create IPUIPlugin
2023-10-18 18:17:10,154 [INFO] IPUIPlugin:80 - create IPUIPlugin
2023-10-18 18:17:10,154 [INFO] IPUIPlugin:80 - create IPUIPlugin
2023-10-18 18:17:10,154 [INFO] IPUIPlugin:80 - create IPUIPlugin
2023-10-18 18:17:10,154 [INFO] IPUIPlugin:80 - create IPUIPlugin
2023-10-18 18:17:10,154 [INFO] IPUIPlugin:80 - create IPUIPlugin
2023-10-18 18:17:10,154 [INFO] IPUIPlugin:80 - create IPUIPlugin
2023-10-18 18:17:10,154 [INFO] IPUIPlugin:80 - create IPUIPlugin
2023-10-18 18:17:10,154 [INFO] IPUIPlugin:80 - create IPUIPlugin
2023-10-18 18:17:10,154 [INFO] IPUIPlugin:80 - create IPUIPlugin
2023-10-18 18:17:10,155 [INFO] IPUIPlugin:80 - create IPUIPlugin
2023-10-18 18:17:10,155 [INFO] IPUIPlugin:80 - create IPUIPlugin
2023-10-18 18:17:10,155 [INFO] IPUIPlugin:80 - create IPUIPlugin
2023-10-18 18:17:10,155 [INFO] IPUIPlugin:80 - create IPUIPlugin
2023-10-18 18:17:10,155 [INFO] IPUIPlugin:80 - create IPUIPlugin
2023-10-18 18:17:10,155 [INFO] IPUIPlugin:80 - create IPUIPlugin
2023-10-18 18:17:10,155 [INFO] IPUIPlugin:80 - create IPUIPlugin
2023-10-18 18:17:10,155 [INFO] IPUIPlugin:80 - create IPUIPlugin
2023-10-18 18:17:10,156 [INFO] IPUIPlugin:80 - create IPUIPlugin
2023-10-18 18:17:10,156 [INFO] IPUIPlugin:80 - create IPUIPlugin
2023-10-18 18:17:10,156 [INFO] IPUIPlugin:80 - create IPUIPlugin
2023-10-18 18:17:10,156 [INFO] IPUIPlugin:80 - create IPUIPlugin
2023-10-18 18:17:10,156 [INFO] IPUIPlugin:80 - create IPUIPlugin
2023-10-18 18:17:10,156 [INFO] IPUIPlugin:80 - create IPUIPlugin
2023-10-18 18:17:10,156 [INFO] IPUIPlugin:80 - create IPUIPlugin
2023-10-18 18:17:10,157 [INFO] IPUIPlugin:80 - create IPUIPlugin
2023-10-18 18:17:10,157 [INFO] IPUIPlugin:80 - create IPUIPlugin
2023-10-18 18:17:10,157 [INFO] IPUIPlugin:80 - create IPUIPlugin
2023-10-18 18:17:10,157 [INFO] IPUIPlugin:80 - create IPUIPlugin
2023-10-18 18:17:10,157 [INFO] IPUIPlugin:80 - create IPUIPlugin
2023-10-18 18:17:10,157 [INFO] IPUIPlugin:80 - create IPUIPlugin
2023-10-18 18:17:10,158 [INFO] IPUIPlugin:80 - create IPUIPlugin
2023-10-18 18:17:10,158 [INFO] IPUIPlugin:80 - create IPUIPlugin
2023-10-18 18:17:10,158 [INFO] IPUIPlugin:80 - create IPUIPlugin
2023-10-18 18:17:10,158 [INFO] IPUIPlugin:80 - create IPUIPlugin
2023-10-18 18:17:10,169 [INFO] ApiDbMcu:507 - Load IP Config File for PDM2PCM
2023-10-18 18:17:10,203 [INFO] CADModel:165 - CPN selected for project levelSTM32F429ZIT6
2023-10-18 18:17:10,203 [INFO] CADModel:114 - Register for checkConnection events
2023-10-18 18:17:10,252 [INFO] OpenFileManager:328 - Restore cursor
